[2022-05-10 13:44:41.778 +05:30 INF] Entity Framework Core 6.0.4 initialized 'AppDbContext' using provider 'Microsoft.EntityFrameworkCore.SqlServer:6.0.4' with options: None
[2022-05-10 13:44:42.051 +05:30 INF] Executed DbCommand (14ms) [Parameters=[], CommandType='"Text"', CommandTimeout='30']
SELECT 1
[2022-05-10 13:44:42.099 +05:30 INF] Executed DbCommand (8ms) [Parameters=[], CommandType='"Text"', CommandTimeout='60']
IF SERVERPROPERTY('EngineEdition') <> 5
BEGIN
    ALTER DATABASE [tenacious] SET SINGLE_USER WITH ROLLBACK IMMEDIATE;
END;
[2022-05-10 13:44:42.124 +05:30 INF] Executed DbCommand (24ms) [Parameters=[], CommandType='"Text"', CommandTimeout='60']
DROP DATABASE [tenacious];
[2022-05-10 13:45:03.496 +05:30 INF] Entity Framework Core 6.0.4 initialized 'AppDbContext' using provider 'Microsoft.EntityFrameworkCore.SqlServer:6.0.4' with options: None
[2022-05-10 13:47:22.269 +05:30 INF] Entity Framework Core 6.0.4 initialized 'AppDbContext' using provider 'Microsoft.EntityFrameworkCore.SqlServer:6.0.4' with options: None
[2022-05-10 13:47:22.855 +05:30 INF] Executed DbCommand (265ms) [Parameters=[], CommandType='"Text"', CommandTimeout='60']
CREATE DATABASE [tenacious];
[2022-05-10 13:47:22.935 +05:30 INF] Executed DbCommand (76ms) [Parameters=[], CommandType='"Text"', CommandTimeout='60']
IF SERVERPROPERTY('EngineEdition') <> 5
BEGIN
    ALTER DATABASE [tenacious] SET READ_COMMITTED_SNAPSHOT ON;
END;
[2022-05-10 13:47:22.952 +05:30 INF] Executed DbCommand (7ms) [Parameters=[], CommandType='"Text"', CommandTimeout='30']
SELECT 1
[2022-05-10 13:47:23.109 +05:30 INF] Executed DbCommand (5ms) [Parameters=[], CommandType='"Text"', CommandTimeout='30']
CREATE TABLE [__EFMigrationsHistory] (
    [MigrationId] nvarchar(150) NOT NULL,
    [ProductVersion] nvarchar(32) NOT NULL,
    CONSTRAINT [PK___EFMigrationsHistory] PRIMARY KEY ([MigrationId])
);
[2022-05-10 13:47:23.115 +05:30 INF] Executed DbCommand (0ms) [Parameters=[], CommandType='"Text"', CommandTimeout='30']
SELECT 1
[2022-05-10 13:47:23.138 +05:30 INF] Executed DbCommand (14ms) [Parameters=[], CommandType='"Text"', CommandTimeout='30']
SELECT OBJECT_ID(N'[__EFMigrationsHistory]');
[2022-05-10 13:47:23.145 +05:30 INF] Executed DbCommand (1ms) [Parameters=[], CommandType='"Text"', CommandTimeout='30']
SELECT [MigrationId], [ProductVersion]
FROM [__EFMigrationsHistory]
ORDER BY [MigrationId];
[2022-05-10 13:47:23.172 +05:30 INF] Applying migration '20220510081503_final'.
[2022-05-10 13:47:23.312 +05:30 INF] Executed DbCommand (9ms) [Parameters=[], CommandType='"Text"', CommandTimeout='30']
CREATE TABLE [AwardTypes] (
    [Id] int NOT NULL IDENTITY,
    [AwardName] nvarchar(max) NOT NULL,
    [AwardDescription] nvarchar(max) NOT NULL,
    [Image] varbinary(max) NULL,
    [IsActive] bit NOT NULL,
    [AddedBy] int NOT NULL,
    [AddedOn] datetime2 NOT NULL,
    [UpdatedBy] int NULL,
    [UpdatedOn] datetime2 NULL,
    CONSTRAINT [PK_AwardTypes] PRIMARY KEY ([Id])
);
[2022-05-10 13:47:23.315 +05:30 INF] Executed DbCommand (2ms) [Parameters=[], CommandType='"Text"', CommandTimeout='30']
CREATE TABLE [Organisations] (
    [Id] int NOT NULL IDENTITY,
    [OrganisationName] nvarchar(max) NOT NULL,
    [IsActive] bit NOT NULL,
    [AddedBy] int NOT NULL,
    [AddedOn] datetime2 NOT NULL,
    [UpdatedBy] int NULL,
    [UpdatedOn] datetime2 NULL,
    CONSTRAINT [PK_Organisations] PRIMARY KEY ([Id])
);
[2022-05-10 13:47:23.318 +05:30 INF] Executed DbCommand (3ms) [Parameters=[], CommandType='"Text"', CommandTimeout='30']
CREATE TABLE [Statuses] (
    [Id] int NOT NULL IDENTITY,
    [StatusName] nvarchar(max) NOT NULL,
    [IsActive] bit NOT NULL,
    CONSTRAINT [PK_Statuses] PRIMARY KEY ([Id])
);
[2022-05-10 13:47:23.322 +05:30 INF] Executed DbCommand (3ms) [Parameters=[], CommandType='"Text"', CommandTimeout='30']
CREATE TABLE [Departments] (
    [Id] int NOT NULL IDENTITY,
    [DepartmentName] nvarchar(max) NOT NULL,
    [OrganisationId] int NOT NULL,
    [IsActive] bit NOT NULL,
    [AddedBy] int NOT NULL,
    [AddedOn] datetime2 NOT NULL,
    [UpdatedBy] int NULL,
    [UpdatedOn] datetime2 NULL,
    CONSTRAINT [PK_Departments] PRIMARY KEY ([Id]),
    CONSTRAINT [FK_Departments_Organisations_OrganisationId] FOREIGN KEY ([OrganisationId]) REFERENCES [Organisations] ([Id]) ON DELETE CASCADE
);
[2022-05-10 13:47:23.325 +05:30 INF] Executed DbCommand (3ms) [Parameters=[], CommandType='"Text"', CommandTimeout='30']
CREATE TABLE [Employees] (
    [Id] int NOT NULL IDENTITY,
    [ACEID] nvarchar(max) NOT NULL,
    [FirstName] nvarchar(max) NOT NULL,
    [LastName] nvarchar(max) NOT NULL,
    [Email] nvarchar(max) NOT NULL,
    [DOB] datetime2 NOT NULL,
    [OrganisationId] int NOT NULL,
    [DepartmentId] int NOT NULL,
    [DesignationId] int NOT NULL,
    [ReportingPersonId] int NULL,
    [HRId] int NULL,
    [Password] nvarchar(max) NOT NULL,
    [IsActive] bit NOT NULL,
    [AddedBy] int NOT NULL,
    [AddedOn] datetime2 NOT NULL,
    [UpdatedBy] int NULL,
    [UpdatedOn] datetime2 NULL,
    CONSTRAINT [PK_Employees] PRIMARY KEY ([Id]),
    CONSTRAINT [FK_Employees_Employees_HRId] FOREIGN KEY ([HRId]) REFERENCES [Employees] ([Id]),
    CONSTRAINT [FK_Employees_Employees_ReportingPersonId] FOREIGN KEY ([ReportingPersonId]) REFERENCES [Employees] ([Id]),
    CONSTRAINT [FK_Employees_Organisations_OrganisationId] FOREIGN KEY ([OrganisationId]) REFERENCES [Organisations] ([Id]) ON DELETE CASCADE
);
[2022-05-10 13:47:23.332 +05:30 INF] Executed DbCommand (6ms) [Parameters=[], CommandType='"Text"', CommandTimeout='30']
CREATE TABLE [Designations] (
    [Id] int NOT NULL IDENTITY,
    [DesignationName] nvarchar(max) NULL,
    [IsActive] bit NOT NULL,
    [AddedBy] int NOT NULL,
    [AddedOn] datetime2 NOT NULL,
    [UpdatedBy] int NULL,
    [UpdatedOn] datetime2 NULL,
    [DepartmentId] int NOT NULL,
    CONSTRAINT [PK_Designations] PRIMARY KEY ([Id]),
    CONSTRAINT [FK_Designations_Departments_DepartmentId] FOREIGN KEY ([DepartmentId]) REFERENCES [Departments] ([Id]) ON DELETE CASCADE
);
[2022-05-10 13:47:23.338 +05:30 INF] Executed DbCommand (6ms) [Parameters=[], CommandType='"Text"', CommandTimeout='30']
CREATE TABLE [Awards] (
    [Id] int NOT NULL IDENTITY,
    [RequesterId] int NOT NULL,
    [AwardeeId] int NOT NULL,
    [AwardTypeId] int NOT NULL,
    [ApproverId] int NOT NULL,
    [Reason] nvarchar(max) NOT NULL,
    [RejectedReason] nvarchar(max) NULL,
    [HRId] int NOT NULL,
    [CouponCode] nvarchar(max) NULL,
    [StatusId] int NOT NULL,
    [AddedBy] int NOT NULL,
    [AddedOn] datetime2 NOT NULL,
    [UpdatedBy] int NULL,
    [UpdatedOn] datetime2 NULL,
    CONSTRAINT [PK_Awards] PRIMARY KEY ([Id]),
    CONSTRAINT [FK_Awards_AwardTypes_AwardTypeId] FOREIGN KEY ([AwardTypeId]) REFERENCES [AwardTypes] ([Id]) ON DELETE CASCADE,
    CONSTRAINT [FK_Awards_Employees_AwardeeId] FOREIGN KEY ([AwardeeId]) REFERENCES [Employees] ([Id]) ON DELETE CASCADE,
    CONSTRAINT [FK_Awards_Statuses_StatusId] FOREIGN KEY ([StatusId]) REFERENCES [Statuses] ([Id]) ON DELETE CASCADE
);
[2022-05-10 13:47:23.341 +05:30 INF] Executed DbCommand (3ms) [Parameters=[], CommandType='"Text"', CommandTimeout='30']
CREATE TABLE [Comments] (
    [Id] int NOT NULL IDENTITY,
    [EmployeeId] int NOT NULL,
    [AwardId] int NOT NULL,
    [Comments] nvarchar(max) NOT NULL,
    CONSTRAINT [PK_Comments] PRIMARY KEY ([Id]),
    CONSTRAINT [FK_Comments_Awards_AwardId] FOREIGN KEY ([AwardId]) REFERENCES [Awards] ([Id]) ON DELETE CASCADE
);
[2022-05-10 13:47:23.343 +05:30 INF] Executed DbCommand (2ms) [Parameters=[], CommandType='"Text"', CommandTimeout='30']
CREATE INDEX [IX_Awards_AwardeeId] ON [Awards] ([AwardeeId]);
[2022-05-10 13:47:23.344 +05:30 INF] Executed DbCommand (1ms) [Parameters=[], CommandType='"Text"', CommandTimeout='30']
CREATE INDEX [IX_Awards_AwardTypeId] ON [Awards] ([AwardTypeId]);
[2022-05-10 13:47:23.345 +05:30 INF] Executed DbCommand (1ms) [Parameters=[], CommandType='"Text"', CommandTimeout='30']
CREATE INDEX [IX_Awards_StatusId] ON [Awards] ([StatusId]);
[2022-05-10 13:47:23.347 +05:30 INF] Executed DbCommand (1ms) [Parameters=[], CommandType='"Text"', CommandTimeout='30']
CREATE INDEX [IX_Comments_AwardId] ON [Comments] ([AwardId]);
[2022-05-10 13:47:23.348 +05:30 INF] Executed DbCommand (1ms) [Parameters=[], CommandType='"Text"', CommandTimeout='30']
CREATE INDEX [IX_Departments_OrganisationId] ON [Departments] ([OrganisationId]);
[2022-05-10 13:47:23.349 +05:30 INF] Executed DbCommand (1ms) [Parameters=[], CommandType='"Text"', CommandTimeout='30']
CREATE INDEX [IX_Designations_DepartmentId] ON [Designations] ([DepartmentId]);
[2022-05-10 13:47:23.351 +05:30 INF] Executed DbCommand (2ms) [Parameters=[], CommandType='"Text"', CommandTimeout='30']
CREATE INDEX [IX_Employees_HRId] ON [Employees] ([HRId]);
[2022-05-10 13:47:23.352 +05:30 INF] Executed DbCommand (1ms) [Parameters=[], CommandType='"Text"', CommandTimeout='30']
CREATE INDEX [IX_Employees_OrganisationId] ON [Employees] ([OrganisationId]);
[2022-05-10 13:47:23.354 +05:30 INF] Executed DbCommand (1ms) [Parameters=[], CommandType='"Text"', CommandTimeout='30']
CREATE INDEX [IX_Employees_ReportingPersonId] ON [Employees] ([ReportingPersonId]);
[2022-05-10 13:47:23.356 +05:30 INF] Executed DbCommand (2ms) [Parameters=[], CommandType='"Text"', CommandTimeout='30']
INSERT INTO [__EFMigrationsHistory] ([MigrationId], [ProductVersion])
VALUES (N'20220510081503_final', N'6.0.4');
[2022-05-10 13:47:34.377 +05:30 INF] Entity Framework Core 6.0.4 initialized 'AppDbContext' using provider 'Microsoft.EntityFrameworkCore.SqlServer:6.0.4' with options: None
[2022-05-10 13:47:34.851 +05:30 INF] Executed DbCommand (16ms) [Parameters=[], CommandType='"Text"', CommandTimeout='30']
SELECT 1
[2022-05-10 13:47:34.901 +05:30 INF] Executed DbCommand (35ms) [Parameters=[], CommandType='"Text"', CommandTimeout='30']

IF EXISTS
    (SELECT *
     FROM [sys].[objects] o
     WHERE [o].[type] = 'U'
     AND [o].[is_ms_shipped] = 0
     AND NOT EXISTS (SELECT *
         FROM [sys].[extended_properties] AS [ep]
         WHERE [ep].[major_id] = [o].[object_id]
             AND [ep].[minor_id] = 0
             AND [ep].[class] = 1
             AND [ep].[name] = N'microsoft_database_tools_support'
    )
)
SELECT 1 ELSE SELECT 0
[2022-05-10 13:47:35.182 +05:30 INF] Executed DbCommand (3ms) [Parameters=[], CommandType='"Text"', CommandTimeout='30']
SELECT CASE
    WHEN EXISTS (
        SELECT 1
        FROM [Organisations] AS [o]) THEN CAST(1 AS bit)
    ELSE CAST(0 AS bit)
END
[2022-05-10 13:47:35.448 +05:30 INF] Executed DbCommand (27ms) [Parameters=[@p0='?' (DbType = Int32), @p1='?' (DbType = DateTime2), @p2='?' (DbType = Boolean), @p3='?' (Size = 4000), @p4='?' (DbType = Int32), @p5='?' (DbType = DateTime2)], CommandType='"Text"', CommandTimeout='30']
SET NOCOUNT ON;
INSERT INTO [Organisations] ([AddedBy], [AddedOn], [IsActive], [OrganisationName], [UpdatedBy], [UpdatedOn])
VALUES (@p0, @p1, @p2, @p3, @p4, @p5);
SELECT [Id]
FROM [Organisations]
WHERE @@ROWCOUNT = 1 AND [Id] = scope_identity();
[2022-05-10 13:47:35.470 +05:30 INF] Executed DbCommand (1ms) [Parameters=[@p0='?' (DbType = Int32), @p1='?' (DbType = DateTime2), @p2='?' (DbType = Boolean), @p3='?' (Size = 4000), @p4='?' (DbType = Int32), @p5='?' (DbType = DateTime2)], CommandType='"Text"', CommandTimeout='30']
SET NOCOUNT ON;
INSERT INTO [Organisations] ([AddedBy], [AddedOn], [IsActive], [OrganisationName], [UpdatedBy], [UpdatedOn])
VALUES (@p0, @p1, @p2, @p3, @p4, @p5);
SELECT [Id]
FROM [Organisations]
WHERE @@ROWCOUNT = 1 AND [Id] = scope_identity();
[2022-05-10 13:47:35.473 +05:30 INF] Executed DbCommand (0ms) [Parameters=[@p0='?' (DbType = Int32), @p1='?' (DbType = DateTime2), @p2='?' (DbType = Boolean), @p3='?' (Size = 4000), @p4='?' (DbType = Int32), @p5='?' (DbType = DateTime2)], CommandType='"Text"', CommandTimeout='30']
SET NOCOUNT ON;
INSERT INTO [Organisations] ([AddedBy], [AddedOn], [IsActive], [OrganisationName], [UpdatedBy], [UpdatedOn])
VALUES (@p0, @p1, @p2, @p3, @p4, @p5);
SELECT [Id]
FROM [Organisations]
WHERE @@ROWCOUNT = 1 AND [Id] = scope_identity();
[2022-05-10 13:47:35.493 +05:30 INF] Executed DbCommand (2ms) [Parameters=[], CommandType='"Text"', CommandTimeout='30']
SELECT CASE
    WHEN EXISTS (
        SELECT 1
        FROM [Departments] AS [d]) THEN CAST(1 AS bit)
    ELSE CAST(0 AS bit)
END
[2022-05-10 13:47:35.531 +05:30 INF] Executed DbCommand (2ms) [Parameters=[@p0='?' (DbType = Int32), @p1='?' (DbType = DateTime2), @p2='?' (Size = 4000), @p3='?' (DbType = Boolean), @p4='?' (DbType = Int32), @p5='?' (DbType = Int32), @p6='?' (DbType = DateTime2)], CommandType='"Text"', CommandTimeout='30']
SET NOCOUNT ON;
INSERT INTO [Departments] ([AddedBy], [AddedOn], [DepartmentName], [IsActive], [OrganisationId], [UpdatedBy], [UpdatedOn])
VALUES (@p0, @p1, @p2, @p3, @p4, @p5, @p6);
SELECT [Id]
FROM [Departments]
WHERE @@ROWCOUNT = 1 AND [Id] = scope_identity();
[2022-05-10 13:47:35.536 +05:30 INF] Executed DbCommand (0ms) [Parameters=[@p0='?' (DbType = Int32), @p1='?' (DbType = DateTime2), @p2='?' (Size = 4000), @p3='?' (DbType = Boolean), @p4='?' (DbType = Int32), @p5='?' (DbType = Int32), @p6='?' (DbType = DateTime2)], CommandType='"Text"', CommandTimeout='30']
SET NOCOUNT ON;
INSERT INTO [Departments] ([AddedBy], [AddedOn], [DepartmentName], [IsActive], [OrganisationId], [UpdatedBy], [UpdatedOn])
VALUES (@p0, @p1, @p2, @p3, @p4, @p5, @p6);
SELECT [Id]
FROM [Departments]
WHERE @@ROWCOUNT = 1 AND [Id] = scope_identity();
[2022-05-10 13:47:35.539 +05:30 INF] Executed DbCommand (0ms) [Parameters=[@p0='?' (DbType = Int32), @p1='?' (DbType = DateTime2), @p2='?' (Size = 4000), @p3='?' (DbType = Boolean), @p4='?' (DbType = Int32), @p5='?' (DbType = Int32), @p6='?' (DbType = DateTime2)], CommandType='"Text"', CommandTimeout='30']
SET NOCOUNT ON;
INSERT INTO [Departments] ([AddedBy], [AddedOn], [DepartmentName], [IsActive], [OrganisationId], [UpdatedBy], [UpdatedOn])
VALUES (@p0, @p1, @p2, @p3, @p4, @p5, @p6);
SELECT [Id]
FROM [Departments]
WHERE @@ROWCOUNT = 1 AND [Id] = scope_identity();
[2022-05-10 13:47:35.550 +05:30 INF] Executed DbCommand (1ms) [Parameters=[], CommandType='"Text"', CommandTimeout='30']
SELECT CASE
    WHEN EXISTS (
        SELECT 1
        FROM [Designations] AS [d]) THEN CAST(1 AS bit)
    ELSE CAST(0 AS bit)
END
[2022-05-10 13:47:35.585 +05:30 INF] Executed DbCommand (8ms) [Parameters=[@p0='?' (DbType = Int32), @p1='?' (DbType = DateTime2), @p2='?' (DbType = Int32), @p3='?' (Size = 4000), @p4='?' (DbType = Boolean), @p5='?' (DbType = Int32), @p6='?' (DbType = DateTime2), @p7='?' (DbType = Int32), @p8='?' (DbType = DateTime2), @p9='?' (DbType = Int32), @p10='?' (Size = 4000), @p11='?' (DbType = Boolean), @p12='?' (DbType = Int32), @p13='?' (DbType = DateTime2), @p14='?' (DbType = Int32), @p15='?' (DbType = DateTime2), @p16='?' (DbType = Int32), @p17='?' (Size = 4000), @p18='?' (DbType = Boolean), @p19='?' (DbType = Int32), @p20='?' (DbType = DateTime2), @p21='?' (DbType = Int32), @p22='?' (DbType = DateTime2), @p23='?' (DbType = Int32), @p24='?' (Size = 4000), @p25='?' (DbType = Boolean), @p26='?' (DbType = Int32), @p27='?' (DbType = DateTime2), @p28='?' (DbType = Int32), @p29='?' (DbType = DateTime2), @p30='?' (DbType = Int32), @p31='?' (Size = 4000), @p32='?' (DbType = Boolean), @p33='?' (DbType = Int32), @p34='?' (DbType = DateTime2), @p35='?' (DbType = Int32), @p36='?' (DbType = DateTime2), @p37='?' (DbType = Int32), @p38='?' (Size = 4000), @p39='?' (DbType = Boolean), @p40='?' (DbType = Int32), @p41='?' (DbType = DateTime2)], CommandType='"Text"', CommandTimeout='30']
SET NOCOUNT ON;
DECLARE @inserted0 TABLE ([Id] int, [_Position] [int]);
MERGE [Designations] USING (
VALUES (@p0, @p1, @p2, @p3, @p4, @p5, @p6, 0),
(@p7, @p8, @p9, @p10, @p11, @p12, @p13, 1),
(@p14, @p15, @p16, @p17, @p18, @p19, @p20, 2),
(@p21, @p22, @p23, @p24, @p25, @p26, @p27, 3),
(@p28, @p29, @p30, @p31, @p32, @p33, @p34, 4),
(@p35, @p36, @p37, @p38, @p39, @p40, @p41, 5)) AS i ([AddedBy], [AddedOn], [DepartmentId], [DesignationName], [IsActive], [UpdatedBy], [UpdatedOn], _Position) ON 1=0
WHEN NOT MATCHED THEN
INSERT ([AddedBy], [AddedOn], [DepartmentId], [DesignationName], [IsActive], [UpdatedBy], [UpdatedOn])
VALUES (i.[AddedBy], i.[AddedOn], i.[DepartmentId], i.[DesignationName], i.[IsActive], i.[UpdatedBy], i.[UpdatedOn])
OUTPUT INSERTED.[Id], i._Position
INTO @inserted0;

SELECT [i].[Id] FROM @inserted0 i
ORDER BY [i].[_Position];
[2022-05-10 13:47:35.682 +05:30 INF] Executed DbCommand (3ms) [Parameters=[], CommandType='"Text"', CommandTimeout='30']
SELECT CASE
    WHEN EXISTS (
        SELECT 1
        FROM [Employees] AS [e]) THEN CAST(1 AS bit)
    ELSE CAST(0 AS bit)
END
[2022-05-10 13:47:35.832 +05:30 INF] Executed DbCommand (19ms) [Parameters=[@p0='?' (Size = 4000), @p1='?' (DbType = Int32), @p2='?' (DbType = DateTime2), @p3='?' (DbType = DateTime2), @p4='?' (DbType = Int32), @p5='?' (DbType = Int32), @p6='?' (Size = 4000), @p7='?' (Size = 4000), @p8='?' (DbType = Int32), @p9='?' (DbType = Boolean), @p10='?' (Size = 4000), @p11='?' (DbType = Int32), @p12='?' (Size = 4000), @p13='?' (DbType = Int32), @p14='?' (DbType = Int32), @p15='?' (DbType = DateTime2), @p16='?' (Size = 4000), @p17='?' (DbType = Int32), @p18='?' (DbType = DateTime2), @p19='?' (DbType = DateTime2), @p20='?' (DbType = Int32), @p21='?' (DbType = Int32), @p22='?' (Size = 4000), @p23='?' (Size = 4000), @p24='?' (DbType = Int32), @p25='?' (DbType = Boolean), @p26='?' (Size = 4000), @p27='?' (DbType = Int32), @p28='?' (Size = 4000), @p29='?' (DbType = Int32), @p30='?' (DbType = Int32), @p31='?' (DbType = DateTime2), @p32='?' (Size = 4000), @p33='?' (DbType = Int32), @p34='?' (DbType = DateTime2), @p35='?' (DbType = DateTime2), @p36='?' (DbType = Int32), @p37='?' (DbType = Int32), @p38='?' (Size = 4000), @p39='?' (Size = 4000), @p40='?' (DbType = Int32), @p41='?' (DbType = Boolean), @p42='?' (Size = 4000), @p43='?' (DbType = Int32), @p44='?' (Size = 4000), @p45='?' (DbType = Int32), @p46='?' (DbType = Int32), @p47='?' (DbType = DateTime2), @p48='?' (Size = 4000), @p49='?' (DbType = Int32), @p50='?' (DbType = DateTime2), @p51='?' (DbType = DateTime2), @p52='?' (DbType = Int32), @p53='?' (DbType = Int32), @p54='?' (Size = 4000), @p55='?' (Size = 4000), @p56='?' (DbType = Int32), @p57='?' (DbType = Boolean), @p58='?' (Size = 4000), @p59='?' (DbType = Int32), @p60='?' (Size = 4000), @p61='?' (DbType = Int32), @p62='?' (DbType = Int32), @p63='?' (DbType = DateTime2), @p64='?' (Size = 4000), @p65='?' (DbType = Int32), @p66='?' (DbType = DateTime2), @p67='?' (DbType = DateTime2), @p68='?' (DbType = Int32), @p69='?' (DbType = Int32), @p70='?' (Size = 4000), @p71='?' (Size = 4000), @p72='?' (DbType = Int32), @p73='?' (DbType = Boolean), @p74='?' (Size = 4000), @p75='?' (DbType = Int32), @p76='?' (Size = 4000), @p77='?' (DbType = Int32), @p78='?' (DbType = Int32), @p79='?' (DbType = DateTime2), @p80='?' (Size = 4000), @p81='?' (DbType = Int32), @p82='?' (DbType = DateTime2), @p83='?' (DbType = DateTime2), @p84='?' (DbType = Int32), @p85='?' (DbType = Int32), @p86='?' (Size = 4000), @p87='?' (Size = 4000), @p88='?' (DbType = Int32), @p89='?' (DbType = Boolean), @p90='?' (Size = 4000), @p91='?' (DbType = Int32), @p92='?' (Size = 4000), @p93='?' (DbType = Int32), @p94='?' (DbType = Int32), @p95='?' (DbType = DateTime2), @p96='?' (Size = 4000), @p97='?' (DbType = Int32), @p98='?' (DbType = DateTime2), @p99='?' (DbType = DateTime2), @p100='?' (DbType = Int32), @p101='?' (DbType = Int32), @p102='?' (Size = 4000), @p103='?' (Size = 4000), @p104='?' (DbType = Int32), @p105='?' (DbType = Boolean), @p106='?' (Size = 4000), @p107='?' (DbType = Int32), @p108='?' (Size = 4000), @p109='?' (DbType = Int32), @p110='?' (DbType = Int32), @p111='?' (DbType = DateTime2)], CommandType='"Text"', CommandTimeout='30']
SET NOCOUNT ON;
DECLARE @inserted0 TABLE ([Id] int, [_Position] [int]);
MERGE [Employees] USING (
VALUES (@p0, @p1, @p2, @p3, @p4, @p5, @p6, @p7, @p8, @p9, @p10, @p11, @p12, @p13, @p14, @p15, 0),
(@p16, @p17, @p18, @p19, @p20, @p21, @p22, @p23, @p24, @p25, @p26, @p27, @p28, @p29, @p30, @p31, 1),
(@p32, @p33, @p34, @p35, @p36, @p37, @p38, @p39, @p40, @p41, @p42, @p43, @p44, @p45, @p46, @p47, 2),
(@p48, @p49, @p50, @p51, @p52, @p53, @p54, @p55, @p56, @p57, @p58, @p59, @p60, @p61, @p62, @p63, 3),
(@p64, @p65, @p66, @p67, @p68, @p69, @p70, @p71, @p72, @p73, @p74, @p75, @p76, @p77, @p78, @p79, 4),
(@p80, @p81, @p82, @p83, @p84, @p85, @p86, @p87, @p88, @p89, @p90, @p91, @p92, @p93, @p94, @p95, 5),
(@p96, @p97, @p98, @p99, @p100, @p101, @p102, @p103, @p104, @p105, @p106, @p107, @p108, @p109, @p110, @p111, 6)) AS i ([ACEID], [AddedBy], [AddedOn], [DOB], [DepartmentId], [DesignationId], [Email], [FirstName], [HRId], [IsActive], [LastName], [OrganisationId], [Password], [ReportingPersonId], [UpdatedBy], [UpdatedOn], _Position) ON 1=0
WHEN NOT MATCHED THEN
INSERT ([ACEID], [AddedBy], [AddedOn], [DOB], [DepartmentId], [DesignationId], [Email], [FirstName], [HRId], [IsActive], [LastName], [OrganisationId], [Password], [ReportingPersonId], [UpdatedBy], [UpdatedOn])
VALUES (i.[ACEID], i.[AddedBy], i.[AddedOn], i.[DOB], i.[DepartmentId], i.[DesignationId], i.[Email], i.[FirstName], i.[HRId], i.[IsActive], i.[LastName], i.[OrganisationId], i.[Password], i.[ReportingPersonId], i.[UpdatedBy], i.[UpdatedOn])
OUTPUT INSERTED.[Id], i._Position
INTO @inserted0;

SELECT [i].[Id] FROM @inserted0 i
ORDER BY [i].[_Position];
[2022-05-10 13:47:35.846 +05:30 INF] Executed DbCommand (2ms) [Parameters=[], CommandType='"Text"', CommandTimeout='30']
SELECT CASE
    WHEN EXISTS (
        SELECT 1
        FROM [AwardTypes] AS [a]) THEN CAST(1 AS bit)
    ELSE CAST(0 AS bit)
END
[2022-05-10 13:47:35.871 +05:30 INF] Executed DbCommand (1ms) [Parameters=[@p0='?' (DbType = Int32), @p1='?' (DbType = DateTime2), @p2='?' (Size = 4000), @p3='?' (Size = 4000), @p4='?' (Size = 8000) (DbType = Binary), @p5='?' (DbType = Boolean), @p6='?' (DbType = Int32), @p7='?' (DbType = DateTime2)], CommandType='"Text"', CommandTimeout='30']
SET NOCOUNT ON;
INSERT INTO [AwardTypes] ([AddedBy], [AddedOn], [AwardDescription], [AwardName], [Image], [IsActive], [UpdatedBy], [UpdatedOn])
VALUES (@p0, @p1, @p2, @p3, @p4, @p5, @p6, @p7);
SELECT [Id]
FROM [AwardTypes]
WHERE @@ROWCOUNT = 1 AND [Id] = scope_identity();
[2022-05-10 13:47:35.874 +05:30 INF] Executed DbCommand (0ms) [Parameters=[@p0='?' (DbType = Int32), @p1='?' (DbType = DateTime2), @p2='?' (Size = 4000), @p3='?' (Size = 4000), @p4='?' (Size = 8000) (DbType = Binary), @p5='?' (DbType = Boolean), @p6='?' (DbType = Int32), @p7='?' (DbType = DateTime2)], CommandType='"Text"', CommandTimeout='30']
SET NOCOUNT ON;
INSERT INTO [AwardTypes] ([AddedBy], [AddedOn], [AwardDescription], [AwardName], [Image], [IsActive], [UpdatedBy], [UpdatedOn])
VALUES (@p0, @p1, @p2, @p3, @p4, @p5, @p6, @p7);
SELECT [Id]
FROM [AwardTypes]
WHERE @@ROWCOUNT = 1 AND [Id] = scope_identity();
[2022-05-10 13:47:35.877 +05:30 INF] Executed DbCommand (0ms) [Parameters=[@p0='?' (DbType = Int32), @p1='?' (DbType = DateTime2), @p2='?' (Size = 4000), @p3='?' (Size = 4000), @p4='?' (Size = 8000) (DbType = Binary), @p5='?' (DbType = Boolean), @p6='?' (DbType = Int32), @p7='?' (DbType = DateTime2)], CommandType='"Text"', CommandTimeout='30']
SET NOCOUNT ON;
INSERT INTO [AwardTypes] ([AddedBy], [AddedOn], [AwardDescription], [AwardName], [Image], [IsActive], [UpdatedBy], [UpdatedOn])
VALUES (@p0, @p1, @p2, @p3, @p4, @p5, @p6, @p7);
SELECT [Id]
FROM [AwardTypes]
WHERE @@ROWCOUNT = 1 AND [Id] = scope_identity();
[2022-05-10 13:47:35.887 +05:30 INF] Executed DbCommand (1ms) [Parameters=[], CommandType='"Text"', CommandTimeout='30']
SELECT CASE
    WHEN EXISTS (
        SELECT 1
        FROM [Statuses] AS [s]) THEN CAST(1 AS bit)
    ELSE CAST(0 AS bit)
END
[2022-05-10 13:47:35.909 +05:30 INF] Executed DbCommand (5ms) [Parameters=[@p0='?' (DbType = Boolean), @p1='?' (Size = 4000), @p2='?' (DbType = Boolean), @p3='?' (Size = 4000), @p4='?' (DbType = Boolean), @p5='?' (Size = 4000), @p6='?' (DbType = Boolean), @p7='?' (Size = 4000)], CommandType='"Text"', CommandTimeout='30']
SET NOCOUNT ON;
DECLARE @inserted0 TABLE ([Id] int, [_Position] [int]);
MERGE [Statuses] USING (
VALUES (@p0, @p1, 0),
(@p2, @p3, 1),
(@p4, @p5, 2),
(@p6, @p7, 3)) AS i ([IsActive], [StatusName], _Position) ON 1=0
WHEN NOT MATCHED THEN
INSERT ([IsActive], [StatusName])
VALUES (i.[IsActive], i.[StatusName])
OUTPUT INSERTED.[Id], i._Position
INTO @inserted0;

SELECT [i].[Id] FROM @inserted0 i
ORDER BY [i].[_Position];
[2022-05-10 13:47:35.919 +05:30 INF] Executed DbCommand (1ms) [Parameters=[], CommandType='"Text"', CommandTimeout='30']
SELECT CASE
    WHEN EXISTS (
        SELECT 1
        FROM [Awards] AS [a]) THEN CAST(1 AS bit)
    ELSE CAST(0 AS bit)
END
[2022-05-10 13:47:36.032 +05:30 INF] Executed DbCommand (9ms) [Parameters=[@p0='?' (DbType = Int32), @p1='?' (DbType = DateTime2), @p2='?' (DbType = Int32), @p3='?' (DbType = Int32), @p4='?' (DbType = Int32), @p5='?' (Size = 4000), @p6='?' (DbType = Int32), @p7='?' (Size = 4000), @p8='?' (Size = 4000), @p9='?' (DbType = Int32), @p10='?' (DbType = Int32), @p11='?' (DbType = Int32), @p12='?' (DbType = DateTime2)], CommandType='"Text"', CommandTimeout='30']
SET NOCOUNT ON;
INSERT INTO [Awards] ([AddedBy], [AddedOn], [ApproverId], [AwardTypeId], [AwardeeId], [CouponCode], [HRId], [Reason], [RejectedReason], [RequesterId], [StatusId], [UpdatedBy], [UpdatedOn])
VALUES (@p0, @p1, @p2, @p3, @p4, @p5, @p6, @p7, @p8, @p9, @p10, @p11, @p12);
SELECT [Id]
FROM [Awards]
WHERE @@ROWCOUNT = 1 AND [Id] = scope_identity();
[2022-05-10 13:47:36.075 +05:30 INF] User profile is available. Using 'C:\Users\dinesh.boopathy\AppData\Local\ASP.NET\DataProtection-Keys' as key repository and Windows DPAPI to encrypt keys at rest.
[2022-05-10 13:47:36.265 +05:30 INF] Now listening on: https://localhost:7275
[2022-05-10 13:47:36.272 +05:30 INF] Now listening on: http://localhost:5050
[2022-05-10 13:47:36.283 +05:30 INF] Application started. Press Ctrl+C to shut down.
[2022-05-10 13:47:36.285 +05:30 INF] Hosting environment: Development
[2022-05-10 13:47:36.288 +05:30 INF] Content root path: E:\Github\DedSecAPI\A5\
[2022-05-10 13:47:36.563 +05:30 INF] Request starting HTTP/2 GET https://localhost:7275/ - -
[2022-05-10 13:47:36.617 +05:30 INF] Request finished HTTP/2 GET https://localhost:7275/ - - - 404 0 - 59.8271ms
[2022-05-10 13:47:44.051 +05:30 INF] Request starting HTTP/2 GET https://localhost:7275/swagger - -
[2022-05-10 13:47:44.052 +05:30 INF] Request finished HTTP/2 GET https://localhost:7275/swagger - - - 301 0 - 1.0773ms
[2022-05-10 13:47:44.068 +05:30 INF] Request starting HTTP/2 GET https://localhost:7275/swagger/index.html - -
[2022-05-10 13:47:44.119 +05:30 INF] Request finished HTTP/2 GET https://localhost:7275/swagger/index.html - - - 200 - text/html;charset=utf-8 50.9743ms
[2022-05-10 13:47:44.136 +05:30 INF] Request starting HTTP/2 GET https://localhost:7275/swagger/swagger-ui.css - -
[2022-05-10 13:47:44.136 +05:30 INF] Request starting HTTP/2 GET https://localhost:7275/swagger/swagger-ui-bundle.js - -
[2022-05-10 13:47:44.138 +05:30 INF] Request starting HTTP/2 GET https://localhost:7275/swagger/swagger-ui-standalone-preset.js - -
[2022-05-10 13:47:44.168 +05:30 INF] Sending file. Request path: '/swagger-ui.css'. Physical path: 'N/A'
[2022-05-10 13:47:44.168 +05:30 INF] Sending file. Request path: '/swagger-ui-standalone-preset.js'. Physical path: 'N/A'
[2022-05-10 13:47:44.171 +05:30 INF] Request finished HTTP/2 GET https://localhost:7275/swagger/swagger-ui-standalone-preset.js - - - 200 337162 application/javascript 32.4245ms
[2022-05-10 13:47:44.171 +05:30 INF] Request finished HTTP/2 GET https://localhost:7275/swagger/swagger-ui.css - - - 200 143632 text/css 34.4137ms
[2022-05-10 13:47:44.174 +05:30 INF] Sending file. Request path: '/swagger-ui-bundle.js'. Physical path: 'N/A'
[2022-05-10 13:47:44.174 +05:30 INF] Request finished HTTP/2 GET https://localhost:7275/swagger/swagger-ui-bundle.js - - - 200 1092889 application/javascript 37.6103ms
[2022-05-10 13:47:50.234 +05:30 INF] Request starting HTTP/2 GET https://localhost:7275/swagger - -
[2022-05-10 13:47:50.235 +05:30 INF] Request finished HTTP/2 GET https://localhost:7275/swagger - - - 301 0 - 0.9216ms
[2022-05-10 13:47:50.239 +05:30 INF] Request starting HTTP/2 GET https://localhost:7275/swagger/index.html - -
[2022-05-10 13:47:50.239 +05:30 INF] Request finished HTTP/2 GET https://localhost:7275/swagger/index.html - - - 200 - text/html;charset=utf-8 0.6490ms
[2022-05-10 13:47:50.256 +05:30 INF] Request starting HTTP/2 GET https://localhost:7275/swagger/swagger-ui.css - -
[2022-05-10 13:47:50.257 +05:30 INF] Request starting HTTP/2 GET https://localhost:7275/swagger/swagger-ui-bundle.js - -
[2022-05-10 13:47:50.257 +05:30 INF] Request starting HTTP/2 GET https://localhost:7275/swagger/swagger-ui-standalone-preset.js - -
[2022-05-10 13:47:50.263 +05:30 INF] Sending file. Request path: '/swagger-ui.css'. Physical path: 'N/A'
[2022-05-10 13:47:50.265 +05:30 INF] Request finished HTTP/2 GET https://localhost:7275/swagger/swagger-ui.css - - - 200 143632 text/css 8.3184ms
[2022-05-10 13:47:50.267 +05:30 INF] Sending file. Request path: '/swagger-ui-standalone-preset.js'. Physical path: 'N/A'
[2022-05-10 13:47:50.267 +05:30 INF] Request finished HTTP/2 GET https://localhost:7275/swagger/swagger-ui-standalone-preset.js - - - 200 337162 application/javascript 9.6334ms
[2022-05-10 13:47:50.279 +05:30 INF] Sending file. Request path: '/swagger-ui-bundle.js'. Physical path: 'N/A'
[2022-05-10 13:47:50.279 +05:30 INF] Request finished HTTP/2 GET https://localhost:7275/swagger/swagger-ui-bundle.js - - - 200 1092889 application/javascript 22.5939ms
[2022-05-10 13:47:50.463 +05:30 INF] Request starting HTTP/2 GET https://localhost:7275/swagger/v1/swagger.json - -
[2022-05-10 13:47:50.557 +05:30 INF] Request finished HTTP/2 GET https://localhost:7275/swagger/v1/swagger.json - - - 200 - application/json;charset=utf-8 94.4289ms
[2022-05-10 13:47:55.409 +05:30 INF] Request starting HTTP/2 GET https://localhost:7275/api/AwardType/GetAll - -
[2022-05-10 13:47:55.415 +05:30 INF] Executing endpoint 'A5.Controller.AwardTypeController.GetAll (A5)'
[2022-05-10 13:47:55.432 +05:30 INF] Route matched with {action = "GetAll", controller = "AwardType"}. Executing controller action with signature Microsoft.AspNetCore.Mvc.ActionResult GetAll() on controller A5.Controller.AwardTypeController (A5).
[2022-05-10 13:48:04.521 +05:30 INF] Entity Framework Core 6.0.4 initialized 'AppDbContext' using provider 'Microsoft.EntityFrameworkCore.SqlServer:6.0.4' with options: None
[2022-05-10 13:48:04.819 +05:30 INF] Executed DbCommand (4ms) [Parameters=[], CommandType='"Text"', CommandTimeout='30']
SELECT [a].[Id], [a].[AddedBy], [a].[AddedOn], [a].[AwardDescription], [a].[AwardName], [a].[Image], [a].[IsActive], [a].[UpdatedBy], [a].[UpdatedOn]
FROM [AwardTypes] AS [a]
WHERE [a].[IsActive] = CAST(1 AS bit)
[2022-05-10 13:48:04.859 +05:30 ERR] An exception occurred while iterating over the results of a query for context type 'A5.Data.AppDbContext'.
System.Data.SqlTypes.SqlNullValueException: Data is Null. This method or property cannot be called on Null values.
   at Microsoft.Data.SqlClient.SqlBuffer.ThrowIfNull()
   at Microsoft.Data.SqlClient.SqlBuffer.get_Int32()
   at Microsoft.Data.SqlClient.SqlDataReader.GetInt32(Int32 i)
   at lambda_method626(Closure , QueryContext , DbDataReader , ResultContext , SingleQueryResultCoordinator )
   at Microsoft.EntityFrameworkCore.Query.Internal.SingleQueryingEnumerable`1.Enumerator.MoveNext()
System.Data.SqlTypes.SqlNullValueException: Data is Null. This method or property cannot be called on Null values.
   at Microsoft.Data.SqlClient.SqlBuffer.ThrowIfNull()
   at Microsoft.Data.SqlClient.SqlBuffer.get_Int32()
   at Microsoft.Data.SqlClient.SqlDataReader.GetInt32(Int32 i)
   at lambda_method626(Closure , QueryContext , DbDataReader , ResultContext , SingleQueryResultCoordinator )
   at Microsoft.EntityFrameworkCore.Query.Internal.SingleQueryingEnumerable`1.Enumerator.MoveNext()
[2022-05-10 13:48:27.038 +05:30 INF] Executing BadRequestObjectResult, writing value of type 'System.String'.
[2022-05-10 13:48:27.044 +05:30 INF] Executed action A5.Controller.AwardTypeController.GetAll (A5) in 31606.4247ms
[2022-05-10 13:48:27.044 +05:30 INF] Executed endpoint 'A5.Controller.AwardTypeController.GetAll (A5)'
[2022-05-10 13:48:27.046 +05:30 INF] Request finished HTTP/2 GET https://localhost:7275/api/AwardType/GetAll - - - 400 - text/plain;+charset=utf-8 31637.1019ms
[2022-05-10 13:49:32.692 +05:30 INF] Request starting HTTP/2 POST https://localhost:7275/api/AwardType/Create application/json-patch+json 213
[2022-05-10 13:49:32.698 +05:30 INF] CORS policy execution successful.
[2022-05-10 13:49:32.699 +05:30 INF] Executing endpoint 'A5.Controller.AwardTypeController.Create (A5)'
[2022-05-10 13:49:32.710 +05:30 INF] Route matched with {action = "Create", controller = "AwardType"}. Executing controller action with signature Microsoft.AspNetCore.Mvc.ActionResult Create(A5.Models.AwardType) on controller A5.Controller.AwardTypeController (A5).
[2022-05-10 13:49:32.876 +05:30 INF] Executing BadRequestObjectResult, writing value of type 'Microsoft.AspNetCore.Mvc.ValidationProblemDetails'.
[2022-05-10 13:49:32.945 +05:30 INF] Executed action A5.Controller.AwardTypeController.Create (A5) in 234.1732ms
[2022-05-10 13:49:32.946 +05:30 INF] Executed endpoint 'A5.Controller.AwardTypeController.Create (A5)'
[2022-05-10 13:49:32.947 +05:30 INF] Request finished HTTP/2 POST https://localhost:7275/api/AwardType/Create application/json-patch+json 213 - 400 662 application/problem+json;+charset=utf-8 254.9670ms
[2022-05-10 13:49:55.836 +05:30 INF] Request starting HTTP/2 POST https://localhost:7275/api/AwardType/Create application/json-patch+json 217
[2022-05-10 13:49:55.837 +05:30 INF] CORS policy execution successful.
[2022-05-10 13:49:55.837 +05:30 INF] Executing endpoint 'A5.Controller.AwardTypeController.Create (A5)'
[2022-05-10 13:49:55.838 +05:30 INF] Route matched with {action = "Create", controller = "AwardType"}. Executing controller action with signature Microsoft.AspNetCore.Mvc.ActionResult Create(A5.Models.AwardType) on controller A5.Controller.AwardTypeController (A5).
[2022-05-10 13:49:55.847 +05:30 INF] Executing BadRequestObjectResult, writing value of type 'Microsoft.AspNetCore.Mvc.ValidationProblemDetails'.
[2022-05-10 13:49:55.847 +05:30 INF] Executed action A5.Controller.AwardTypeController.Create (A5) in 7.7597ms
[2022-05-10 13:49:55.848 +05:30 INF] Executed endpoint 'A5.Controller.AwardTypeController.Create (A5)'
[2022-05-10 13:49:55.848 +05:30 INF] Request finished HTTP/2 POST https://localhost:7275/api/AwardType/Create application/json-patch+json 217 - 400 363 application/problem+json;+charset=utf-8 11.3988ms
[2022-05-10 13:50:07.016 +05:30 INF] Request starting HTTP/2 POST https://localhost:7275/api/AwardType/Create application/json-patch+json 218
[2022-05-10 13:50:07.016 +05:30 INF] CORS policy execution successful.
[2022-05-10 13:50:07.016 +05:30 INF] Executing endpoint 'A5.Controller.AwardTypeController.Create (A5)'
[2022-05-10 13:50:07.016 +05:30 INF] Route matched with {action = "Create", controller = "AwardType"}. Executing controller action with signature Microsoft.AspNetCore.Mvc.ActionResult Create(A5.Models.AwardType) on controller A5.Controller.AwardTypeController (A5).
[2022-05-10 13:50:14.152 +05:30 INF] Executed action A5.Controller.AwardTypeController.Create (A5) in 7135.5417ms
[2022-05-10 13:50:14.152 +05:30 INF] Executed endpoint 'A5.Controller.AwardTypeController.Create (A5)'
[2022-05-10 13:50:14.163 +05:30 ERR] An unhandled exception has occurred while executing the request.
System.ArgumentNullException: Value cannot be null. (Parameter 'logger')
   at Microsoft.Extensions.Logging.LoggerExtensions.Log(ILogger logger, LogLevel logLevel, EventId eventId, Exception exception, String message, Object[] args)
   at Microsoft.Extensions.Logging.LoggerExtensions.LogError(ILogger logger, String message, Object[] args)
   at A5.Controller.AwardTypeController.Create(AwardType awardType) in E:\Github\DedSecAPI\A5\Controller\AwardTypeController.cs:line 64
   at lambda_method628(Closure , Object , Object[] )
   at Microsoft.AspNetCore.Mvc.Infrastructure.ActionMethodExecutor.SyncActionResultExecutor.Execute(IActionResultTypeMapper mapper, ObjectMethodExecutor executor, Object controller, Object[] arguments)
   at Microsoft.AspNetCore.Mvc.Infrastructure.ControllerActionInvoker.InvokeActionMethodAsync()
   at Microsoft.AspNetCore.Mvc.Infrastructure.ControllerActionInvoker.Next(State& next, Scope& scope, Object& state, Boolean& isCompleted)
   at Microsoft.AspNetCore.Mvc.Infrastructure.ControllerActionInvoker.InvokeNextActionFilterAsync()
--- End of stack trace from previous location ---
   at Microsoft.AspNetCore.Mvc.Infrastructure.ControllerActionInvoker.Rethrow(ActionExecutedContextSealed context)
   at Microsoft.AspNetCore.Mvc.Infrastructure.ControllerActionInvoker.Next(State& next, Scope& scope, Object& state, Boolean& isCompleted)
   at Microsoft.AspNetCore.Mvc.Infrastructure.ControllerActionInvoker.InvokeInnerFilterAsync()
--- End of stack trace from previous location ---
   at Microsoft.AspNetCore.Mvc.Infrastructure.ResourceInvoker.<InvokeNextResourceFilter>g__Awaited|25_0(ResourceInvoker invoker, Task lastTask, State next, Scope scope, Object state, Boolean isCompleted)
   at Microsoft.AspNetCore.Mvc.Infrastructure.ResourceInvoker.Rethrow(ResourceExecutedContextSealed context)
   at Microsoft.AspNetCore.Mvc.Infrastructure.ResourceInvoker.Next(State& next, Scope& scope, Object& state, Boolean& isCompleted)
   at Microsoft.AspNetCore.Mvc.Infrastructure.ResourceInvoker.InvokeFilterPipelineAsync()
--- End of stack trace from previous location ---
   at Microsoft.AspNetCore.Mvc.Infrastructure.ResourceInvoker.<InvokeAsync>g__Logged|17_1(ResourceInvoker invoker)
   at Microsoft.AspNetCore.Mvc.Infrastructure.ResourceInvoker.<InvokeAsync>g__Logged|17_1(ResourceInvoker invoker)
   at Microsoft.AspNetCore.Routing.EndpointMiddleware.<Invoke>g__AwaitRequestTask|6_0(Endpoint endpoint, Task requestTask, ILogger logger)
   at Microsoft.AspNetCore.Authorization.AuthorizationMiddleware.Invoke(HttpContext context)
   at Swashbuckle.AspNetCore.SwaggerUI.SwaggerUIMiddleware.Invoke(HttpContext httpContext)
   at Swashbuckle.AspNetCore.Swagger.SwaggerMiddleware.Invoke(HttpContext httpContext, ISwaggerProvider swaggerProvider)
   at Microsoft.AspNetCore.Diagnostics.DeveloperExceptionPageMiddleware.Invoke(HttpContext context)
[2022-05-10 13:50:14.167 +05:30 INF] Request finished HTTP/2 POST https://localhost:7275/api/AwardType/Create application/json-patch+json 218 - 500 - text/plain;+charset=utf-8 7150.9805ms
[2022-05-10 13:50:42.919 +05:30 INF] Request starting HTTP/2 POST https://localhost:7275/api/AwardType/Create application/json-patch+json 216
[2022-05-10 13:50:42.919 +05:30 INF] CORS policy execution successful.
[2022-05-10 13:50:42.919 +05:30 INF] Executing endpoint 'A5.Controller.AwardTypeController.Create (A5)'
[2022-05-10 13:50:42.919 +05:30 INF] Route matched with {action = "Create", controller = "AwardType"}. Executing controller action with signature Microsoft.AspNetCore.Mvc.ActionResult Create(A5.Models.AwardType) on controller A5.Controller.AwardTypeController (A5).
[2022-05-10 13:50:42.920 +05:30 INF] Executing BadRequestObjectResult, writing value of type 'Microsoft.AspNetCore.Mvc.ValidationProblemDetails'.
[2022-05-10 13:50:42.920 +05:30 INF] Executed action A5.Controller.AwardTypeController.Create (A5) in 0.8466ms
[2022-05-10 13:50:42.920 +05:30 INF] Executed endpoint 'A5.Controller.AwardTypeController.Create (A5)'
[2022-05-10 13:50:42.920 +05:30 INF] Request finished HTTP/2 POST https://localhost:7275/api/AwardType/Create application/json-patch+json 216 - 400 355 application/problem+json;+charset=utf-8 1.2588ms
[2022-05-10 13:52:01.299 +05:30 INF] Request starting HTTP/2 POST https://localhost:7275/api/AwardType/Create application/json-patch+json 32985
[2022-05-10 13:52:01.299 +05:30 INF] CORS policy execution successful.
[2022-05-10 13:52:01.299 +05:30 INF] Executing endpoint 'A5.Controller.AwardTypeController.Create (A5)'
[2022-05-10 13:52:01.299 +05:30 INF] Route matched with {action = "Create", controller = "AwardType"}. Executing controller action with signature Microsoft.AspNetCore.Mvc.ActionResult Create(A5.Models.AwardType) on controller A5.Controller.AwardTypeController (A5).
[2022-05-10 13:52:01.314 +05:30 INF] Executing BadRequestObjectResult, writing value of type 'Microsoft.AspNetCore.Mvc.ValidationProblemDetails'.
[2022-05-10 13:52:01.317 +05:30 INF] Executed action A5.Controller.AwardTypeController.Create (A5) in 17.2299ms
[2022-05-10 13:52:01.318 +05:30 INF] Executed endpoint 'A5.Controller.AwardTypeController.Create (A5)'
[2022-05-10 13:52:01.324 +05:30 INF] Request finished HTTP/2 POST https://localhost:7275/api/AwardType/Create application/json-patch+json 32985 - 400 400 application/problem+json;+charset=utf-8 25.0010ms
[2022-05-10 13:52:16.703 +05:30 INF] Request starting HTTP/2 POST https://localhost:7275/api/AwardType/Create application/json-patch+json 32983
[2022-05-10 13:52:16.703 +05:30 INF] CORS policy execution successful.
[2022-05-10 13:52:16.703 +05:30 INF] Executing endpoint 'A5.Controller.AwardTypeController.Create (A5)'
[2022-05-10 13:52:16.703 +05:30 INF] Route matched with {action = "Create", controller = "AwardType"}. Executing controller action with signature Microsoft.AspNetCore.Mvc.ActionResult Create(A5.Models.AwardType) on controller A5.Controller.AwardTypeController (A5).
[2022-05-10 13:52:16.710 +05:30 INF] Executing BadRequestObjectResult, writing value of type 'Microsoft.AspNetCore.Mvc.ValidationProblemDetails'.
[2022-05-10 13:52:16.710 +05:30 INF] Executed action A5.Controller.AwardTypeController.Create (A5) in 6.7725ms
[2022-05-10 13:52:16.710 +05:30 INF] Executed endpoint 'A5.Controller.AwardTypeController.Create (A5)'
[2022-05-10 13:52:16.710 +05:30 INF] Request finished HTTP/2 POST https://localhost:7275/api/AwardType/Create application/json-patch+json 32983 - 400 449 application/problem+json;+charset=utf-8 7.1631ms
[2022-05-10 13:54:36.445 +05:30 INF] Request starting HTTP/2 POST https://localhost:7275/api/AwardType/Create application/json-patch+json 168
[2022-05-10 13:54:36.452 +05:30 INF] CORS policy execution successful.
[2022-05-10 13:54:36.455 +05:30 INF] Executing endpoint 'A5.Controller.AwardTypeController.Create (A5)'
[2022-05-10 13:54:36.457 +05:30 INF] Route matched with {action = "Create", controller = "AwardType"}. Executing controller action with signature Microsoft.AspNetCore.Mvc.ActionResult Create(A5.Models.AwardType) on controller A5.Controller.AwardTypeController (A5).
[2022-05-10 13:54:36.458 +05:30 INF] Executing BadRequestObjectResult, writing value of type 'Microsoft.AspNetCore.Mvc.ValidationProblemDetails'.
[2022-05-10 13:54:36.458 +05:30 INF] Executed action A5.Controller.AwardTypeController.Create (A5) in 0.7212ms
[2022-05-10 13:54:36.458 +05:30 INF] Executed endpoint 'A5.Controller.AwardTypeController.Create (A5)'
[2022-05-10 13:54:36.458 +05:30 INF] Request finished HTTP/2 POST https://localhost:7275/api/AwardType/Create application/json-patch+json 168 - 400 251 application/problem+json;+charset=utf-8 15.0345ms
[2022-05-10 13:54:50.110 +05:30 INF] Request starting HTTP/2 POST https://localhost:7275/api/AwardType/Create application/json-patch+json 168
[2022-05-10 13:54:50.110 +05:30 INF] CORS policy execution successful.
[2022-05-10 13:54:50.110 +05:30 INF] Executing endpoint 'A5.Controller.AwardTypeController.Create (A5)'
[2022-05-10 13:54:50.110 +05:30 INF] Route matched with {action = "Create", controller = "AwardType"}. Executing controller action with signature Microsoft.AspNetCore.Mvc.ActionResult Create(A5.Models.AwardType) on controller A5.Controller.AwardTypeController (A5).
[2022-05-10 13:54:50.111 +05:30 INF] Executing BadRequestObjectResult, writing value of type 'Microsoft.AspNetCore.Mvc.ValidationProblemDetails'.
[2022-05-10 13:54:50.111 +05:30 INF] Executed action A5.Controller.AwardTypeController.Create (A5) in 0.6483ms
[2022-05-10 13:54:50.111 +05:30 INF] Executed endpoint 'A5.Controller.AwardTypeController.Create (A5)'
[2022-05-10 13:54:50.111 +05:30 INF] Request finished HTTP/2 POST https://localhost:7275/api/AwardType/Create application/json-patch+json 168 - 400 251 application/problem+json;+charset=utf-8 1.1034ms
[2022-05-10 13:54:56.653 +05:30 INF] Request starting HTTP/2 GET https://localhost:7275/api/AwardType/GetById?id=3 - -
[2022-05-10 13:54:56.653 +05:30 INF] Executing endpoint 'A5.Controller.AwardTypeController.GetById (A5)'
[2022-05-10 13:54:56.655 +05:30 INF] Route matched with {action = "GetById", controller = "AwardType"}. Executing controller action with signature Microsoft.AspNetCore.Mvc.ActionResult GetById(Int32) on controller A5.Controller.AwardTypeController (A5).
[2022-05-10 13:54:56.716 +05:30 INF] Entity Framework Core 6.0.4 initialized 'AppDbContext' using provider 'Microsoft.EntityFrameworkCore.SqlServer:6.0.4' with options: None
[2022-05-10 13:54:56.733 +05:30 INF] Executed DbCommand (2ms) [Parameters=[@__id_0='?' (DbType = Int32)], CommandType='"Text"', CommandTimeout='30']
SELECT TOP(1) [a].[Id], [a].[AddedBy], [a].[AddedOn], [a].[AwardDescription], [a].[AwardName], [a].[Image], [a].[IsActive], [a].[UpdatedBy], [a].[UpdatedOn]
FROM [AwardTypes] AS [a]
WHERE [a].[Id] = @__id_0
[2022-05-10 13:54:56.736 +05:30 ERR] An exception occurred while iterating over the results of a query for context type 'A5.Data.AppDbContext'.
System.Data.SqlTypes.SqlNullValueException: Data is Null. This method or property cannot be called on Null values.
   at Microsoft.Data.SqlClient.SqlBuffer.ThrowIfNull()
   at Microsoft.Data.SqlClient.SqlBuffer.get_Int32()
   at Microsoft.Data.SqlClient.SqlDataReader.GetInt32(Int32 i)
   at lambda_method661(Closure , QueryContext , DbDataReader , ResultContext , SingleQueryResultCoordinator )
   at Microsoft.EntityFrameworkCore.Query.Internal.SingleQueryingEnumerable`1.Enumerator.MoveNext()
System.Data.SqlTypes.SqlNullValueException: Data is Null. This method or property cannot be called on Null values.
   at Microsoft.Data.SqlClient.SqlBuffer.ThrowIfNull()
   at Microsoft.Data.SqlClient.SqlBuffer.get_Int32()
   at Microsoft.Data.SqlClient.SqlDataReader.GetInt32(Int32 i)
   at lambda_method661(Closure , QueryContext , DbDataReader , ResultContext , SingleQueryResultCoordinator )
   at Microsoft.EntityFrameworkCore.Query.Internal.SingleQueryingEnumerable`1.Enumerator.MoveNext()
[2022-05-10 13:54:56.804 +05:30 INF] Executing BadRequestObjectResult, writing value of type 'System.String'.
[2022-05-10 13:54:56.805 +05:30 INF] Executed action A5.Controller.AwardTypeController.GetById (A5) in 149.6515ms
[2022-05-10 13:54:56.805 +05:30 INF] Executed endpoint 'A5.Controller.AwardTypeController.GetById (A5)'
[2022-05-10 13:54:56.805 +05:30 INF] Request finished HTTP/2 GET https://localhost:7275/api/AwardType/GetById?id=3 - - - 400 - text/plain;+charset=utf-8 151.7992ms
[2022-05-10 13:55:14.147 +05:30 INF] Request starting HTTP/2 GET https://localhost:7275/api/Department/GetDepartmentsByOrganisationId?id=2 - -
[2022-05-10 13:55:14.147 +05:30 INF] Executing endpoint 'A5.Controller.DepartmentController.GetDepartmentsByOrganisationId (A5)'
[2022-05-10 13:55:14.148 +05:30 INF] Route matched with {action = "GetDepartmentsByOrganisationId", controller = "Department"}. Executing controller action with signature Microsoft.AspNetCore.Mvc.ActionResult GetDepartmentsByOrganisationId(Int32) on controller A5.Controller.DepartmentController (A5).
[2022-05-10 13:55:14.154 +05:30 INF] Entity Framework Core 6.0.4 initialized 'AppDbContext' using provider 'Microsoft.EntityFrameworkCore.SqlServer:6.0.4' with options: None
[2022-05-10 13:55:14.246 +05:30 INF] Executing BadRequestObjectResult, writing value of type 'System.String'.
[2022-05-10 13:55:14.246 +05:30 INF] Executed action A5.Controller.DepartmentController.GetDepartmentsByOrganisationId (A5) in 98.265ms
[2022-05-10 13:55:14.247 +05:30 INF] Executed endpoint 'A5.Controller.DepartmentController.GetDepartmentsByOrganisationId (A5)'
[2022-05-10 13:55:14.247 +05:30 INF] Request finished HTTP/2 GET https://localhost:7275/api/Department/GetDepartmentsByOrganisationId?id=2 - - - 400 - text/plain;+charset=utf-8 100.0824ms
[2022-05-10 13:55:29.343 +05:30 INF] Request starting HTTP/2 GET https://localhost:7275/api/Department/GetById?id=2 - -
[2022-05-10 13:55:29.345 +05:30 INF] Executing endpoint 'A5.Controller.DepartmentController.GetByDepartmentId (A5)'
[2022-05-10 13:55:29.346 +05:30 INF] Route matched with {action = "GetByDepartmentId", controller = "Department"}. Executing controller action with signature Microsoft.AspNetCore.Mvc.ActionResult GetByDepartmentId(Int32) on controller A5.Controller.DepartmentController (A5).
[2022-05-10 13:55:29.351 +05:30 INF] Entity Framework Core 6.0.4 initialized 'AppDbContext' using provider 'Microsoft.EntityFrameworkCore.SqlServer:6.0.4' with options: None
[2022-05-10 13:55:29.368 +05:30 INF] Executed DbCommand (6ms) [Parameters=[@__id_0='?' (DbType = Int32)], CommandType='"Text"', CommandTimeout='30']
SELECT TOP(1) [d].[Id], [d].[AddedBy], [d].[AddedOn], [d].[DepartmentName], [d].[IsActive], [d].[OrganisationId], [d].[UpdatedBy], [d].[UpdatedOn]
FROM [Departments] AS [d]
WHERE [d].[Id] = @__id_0
[2022-05-10 13:55:29.370 +05:30 INF] Executing OkObjectResult, writing value of type 'A5.Models.Department'.
[2022-05-10 13:55:29.376 +05:30 INF] Executed action A5.Controller.DepartmentController.GetByDepartmentId (A5) in 30.2726ms
[2022-05-10 13:55:29.376 +05:30 INF] Executed endpoint 'A5.Controller.DepartmentController.GetByDepartmentId (A5)'
[2022-05-10 13:55:29.376 +05:30 INF] Request finished HTTP/2 GET https://localhost:7275/api/Department/GetById?id=2 - - - 200 216 application/json;+charset=utf-8 33.4037ms
[2022-05-10 13:55:41.280 +05:30 INF] Request starting HTTP/2 GET https://localhost:7275/api/Employee/GetById?id=1 - -
[2022-05-10 13:55:41.288 +05:30 INF] Executing endpoint 'A5.Controller.EmployeeController.GetByOrganisationId (A5)'
[2022-05-10 13:55:41.289 +05:30 INF] Route matched with {action = "GetByOrganisationId", controller = "Employee"}. Executing controller action with signature Microsoft.AspNetCore.Mvc.ActionResult GetByOrganisationId(Int32) on controller A5.Controller.EmployeeController (A5).
[2022-05-10 13:55:47.744 +05:30 INF] Entity Framework Core 6.0.4 initialized 'AppDbContext' using provider 'Microsoft.EntityFrameworkCore.SqlServer:6.0.4' with options: None
[2022-05-10 13:55:47.760 +05:30 INF] Executed DbCommand (7ms) [Parameters=[], CommandType='"Text"', CommandTimeout='30']
SELECT [e].[Id], [e].[ACEID], [e].[AddedBy], [e].[AddedOn], [e].[DOB], [e].[DepartmentId], [e].[DesignationId], [e].[Email], [e].[FirstName], [e].[HRId], [e].[IsActive], [e].[LastName], [e].[OrganisationId], [e].[Password], [e].[ReportingPersonId], [e].[UpdatedBy], [e].[UpdatedOn]
FROM [Employees] AS [e]
WHERE [e].[IsActive] = CAST(1 AS bit)
[2022-05-10 13:55:47.762 +05:30 INF] Executing OkObjectResult, writing value of type 'System.Collections.Generic.List`1[[A5.Models.Employee, A5, Version=1.0.0.0, Culture=neutral, PublicKeyToken=null]]'.
[2022-05-10 13:55:47.802 +05:30 INF] Executed action A5.Controller.EmployeeController.GetByOrganisationId (A5) in 6511.7457ms
[2022-05-10 13:55:47.802 +05:30 INF] Executed endpoint 'A5.Controller.EmployeeController.GetByOrganisationId (A5)'
[2022-05-10 13:55:47.803 +05:30 INF] Request finished HTTP/2 GET https://localhost:7275/api/Employee/GetById?id=1 - - - 200 73016 application/json;+charset=utf-8 6522.7041ms
[2022-05-10 13:57:55.195 +05:30 INF] Entity Framework Core 6.0.4 initialized 'AppDbContext' using provider 'Microsoft.EntityFrameworkCore.SqlServer:6.0.4' with options: None
[2022-05-10 13:57:55.590 +05:30 INF] Executed DbCommand (16ms) [Parameters=[], CommandType='"Text"', CommandTimeout='30']
SELECT 1
[2022-05-10 13:57:55.623 +05:30 INF] Executed DbCommand (20ms) [Parameters=[], CommandType='"Text"', CommandTimeout='30']

IF EXISTS
    (SELECT *
     FROM [sys].[objects] o
     WHERE [o].[type] = 'U'
     AND [o].[is_ms_shipped] = 0
     AND NOT EXISTS (SELECT *
         FROM [sys].[extended_properties] AS [ep]
         WHERE [ep].[major_id] = [o].[object_id]
             AND [ep].[minor_id] = 0
             AND [ep].[class] = 1
             AND [ep].[name] = N'microsoft_database_tools_support'
    )
)
SELECT 1 ELSE SELECT 0
[2022-05-10 13:57:55.836 +05:30 INF] Executed DbCommand (6ms) [Parameters=[], CommandType='"Text"', CommandTimeout='30']
SELECT CASE
    WHEN EXISTS (
        SELECT 1
        FROM [Organisations] AS [o]) THEN CAST(1 AS bit)
    ELSE CAST(0 AS bit)
END
[2022-05-10 13:57:55.852 +05:30 INF] Executed DbCommand (2ms) [Parameters=[], CommandType='"Text"', CommandTimeout='30']
SELECT CASE
    WHEN EXISTS (
        SELECT 1
        FROM [Departments] AS [d]) THEN CAST(1 AS bit)
    ELSE CAST(0 AS bit)
END
[2022-05-10 13:57:55.862 +05:30 INF] Executed DbCommand (2ms) [Parameters=[], CommandType='"Text"', CommandTimeout='30']
SELECT CASE
    WHEN EXISTS (
        SELECT 1
        FROM [Designations] AS [d]) THEN CAST(1 AS bit)
    ELSE CAST(0 AS bit)
END
[2022-05-10 13:57:55.871 +05:30 INF] Executed DbCommand (2ms) [Parameters=[], CommandType='"Text"', CommandTimeout='30']
SELECT CASE
    WHEN EXISTS (
        SELECT 1
        FROM [Employees] AS [e]) THEN CAST(1 AS bit)
    ELSE CAST(0 AS bit)
END
[2022-05-10 13:57:55.880 +05:30 INF] Executed DbCommand (1ms) [Parameters=[], CommandType='"Text"', CommandTimeout='30']
SELECT CASE
    WHEN EXISTS (
        SELECT 1
        FROM [AwardTypes] AS [a]) THEN CAST(1 AS bit)
    ELSE CAST(0 AS bit)
END
[2022-05-10 13:57:55.890 +05:30 INF] Executed DbCommand (2ms) [Parameters=[], CommandType='"Text"', CommandTimeout='30']
SELECT CASE
    WHEN EXISTS (
        SELECT 1
        FROM [Statuses] AS [s]) THEN CAST(1 AS bit)
    ELSE CAST(0 AS bit)
END
[2022-05-10 13:57:55.899 +05:30 INF] Executed DbCommand (2ms) [Parameters=[], CommandType='"Text"', CommandTimeout='30']
SELECT CASE
    WHEN EXISTS (
        SELECT 1
        FROM [Awards] AS [a]) THEN CAST(1 AS bit)
    ELSE CAST(0 AS bit)
END
[2022-05-10 13:57:55.935 +05:30 INF] User profile is available. Using 'C:\Users\dinesh.boopathy\AppData\Local\ASP.NET\DataProtection-Keys' as key repository and Windows DPAPI to encrypt keys at rest.
[2022-05-10 13:57:56.106 +05:30 INF] Now listening on: https://localhost:7275
[2022-05-10 13:57:56.108 +05:30 INF] Now listening on: http://localhost:5050
[2022-05-10 13:57:56.115 +05:30 INF] Application started. Press Ctrl+C to shut down.
[2022-05-10 13:57:56.117 +05:30 INF] Hosting environment: Development
[2022-05-10 13:57:56.120 +05:30 INF] Content root path: E:\Github\DedSecAPI\A5\
[2022-05-10 13:57:56.441 +05:30 INF] Request starting HTTP/2 GET https://localhost:7275/ - -
[2022-05-10 13:57:56.513 +05:30 INF] Request finished HTTP/2 GET https://localhost:7275/ - - - 404 0 - 75.7894ms
[2022-05-10 14:44:20.756 +05:30 INF] Entity Framework Core 6.0.4 initialized 'AppDbContext' using provider 'Microsoft.EntityFrameworkCore.SqlServer:6.0.4' with options: None
[2022-05-10 14:44:21.028 +05:30 INF] Executed DbCommand (15ms) [Parameters=[], CommandType='"Text"', CommandTimeout='30']
SELECT 1
[2022-05-10 14:44:21.173 +05:30 INF] Executed DbCommand (31ms) [Parameters=[], CommandType='"Text"', CommandTimeout='30']

IF EXISTS
    (SELECT *
     FROM [sys].[objects] o
     WHERE [o].[type] = 'U'
     AND [o].[is_ms_shipped] = 0
     AND NOT EXISTS (SELECT *
         FROM [sys].[extended_properties] AS [ep]
         WHERE [ep].[major_id] = [o].[object_id]
             AND [ep].[minor_id] = 0
             AND [ep].[class] = 1
             AND [ep].[name] = N'microsoft_database_tools_support'
    )
)
SELECT 1 ELSE SELECT 0
[2022-05-10 14:44:21.382 +05:30 INF] Executed DbCommand (2ms) [Parameters=[], CommandType='"Text"', CommandTimeout='30']
SELECT CASE
    WHEN EXISTS (
        SELECT 1
        FROM [Organisations] AS [o]) THEN CAST(1 AS bit)
    ELSE CAST(0 AS bit)
END
[2022-05-10 14:44:21.390 +05:30 INF] Executed DbCommand (1ms) [Parameters=[], CommandType='"Text"', CommandTimeout='30']
SELECT CASE
    WHEN EXISTS (
        SELECT 1
        FROM [Departments] AS [d]) THEN CAST(1 AS bit)
    ELSE CAST(0 AS bit)
END
[2022-05-10 14:44:21.396 +05:30 INF] Executed DbCommand (1ms) [Parameters=[], CommandType='"Text"', CommandTimeout='30']
SELECT CASE
    WHEN EXISTS (
        SELECT 1
        FROM [Designations] AS [d]) THEN CAST(1 AS bit)
    ELSE CAST(0 AS bit)
END
[2022-05-10 14:44:21.402 +05:30 INF] Executed DbCommand (1ms) [Parameters=[], CommandType='"Text"', CommandTimeout='30']
SELECT CASE
    WHEN EXISTS (
        SELECT 1
        FROM [Employees] AS [e]) THEN CAST(1 AS bit)
    ELSE CAST(0 AS bit)
END
[2022-05-10 14:44:21.407 +05:30 INF] Executed DbCommand (1ms) [Parameters=[], CommandType='"Text"', CommandTimeout='30']
SELECT CASE
    WHEN EXISTS (
        SELECT 1
        FROM [AwardTypes] AS [a]) THEN CAST(1 AS bit)
    ELSE CAST(0 AS bit)
END
[2022-05-10 14:44:21.413 +05:30 INF] Executed DbCommand (1ms) [Parameters=[], CommandType='"Text"', CommandTimeout='30']
SELECT CASE
    WHEN EXISTS (
        SELECT 1
        FROM [Statuses] AS [s]) THEN CAST(1 AS bit)
    ELSE CAST(0 AS bit)
END
[2022-05-10 14:44:21.420 +05:30 INF] Executed DbCommand (1ms) [Parameters=[], CommandType='"Text"', CommandTimeout='30']
SELECT CASE
    WHEN EXISTS (
        SELECT 1
        FROM [Awards] AS [a]) THEN CAST(1 AS bit)
    ELSE CAST(0 AS bit)
END
[2022-05-10 14:44:21.434 +05:30 INF] User profile is available. Using 'C:\Users\dinesh.boopathy\AppData\Local\ASP.NET\DataProtection-Keys' as key repository and Windows DPAPI to encrypt keys at rest.
[2022-05-10 14:44:21.523 +05:30 INF] Now listening on: https://localhost:7275
[2022-05-10 14:44:21.524 +05:30 INF] Now listening on: http://localhost:5050
[2022-05-10 14:44:21.528 +05:30 INF] Application started. Press Ctrl+C to shut down.
[2022-05-10 14:44:21.529 +05:30 INF] Hosting environment: Development
[2022-05-10 14:44:21.529 +05:30 INF] Content root path: E:\Github\DedSecAPI\A5\
[2022-05-10 14:44:21.824 +05:30 INF] Request starting HTTP/2 GET https://localhost:7275/ - -
[2022-05-10 14:44:21.878 +05:30 INF] Request finished HTTP/2 GET https://localhost:7275/ - - - 404 0 - 60.1675ms
[2022-05-10 14:44:24.095 +05:30 INF] Request starting HTTP/2 GET https://localhost:7275/swagger - -
[2022-05-10 14:44:24.096 +05:30 INF] Request finished HTTP/2 GET https://localhost:7275/swagger - - - 301 0 - 0.9006ms
[2022-05-10 14:44:24.098 +05:30 INF] Request starting HTTP/2 GET https://localhost:7275/swagger/index.html - -
[2022-05-10 14:44:24.152 +05:30 INF] Request finished HTTP/2 GET https://localhost:7275/swagger/index.html - - - 200 - text/html;charset=utf-8 54.4552ms
[2022-05-10 14:44:24.174 +05:30 INF] Request starting HTTP/2 GET https://localhost:7275/swagger/swagger-ui.css - -
[2022-05-10 14:44:24.176 +05:30 INF] Request starting HTTP/2 GET https://localhost:7275/swagger/swagger-ui-bundle.js - -
[2022-05-10 14:44:24.199 +05:30 INF] Request starting HTTP/2 GET https://localhost:7275/swagger/swagger-ui-standalone-preset.js - -
[2022-05-10 14:44:24.200 +05:30 INF] Sending file. Request path: '/swagger-ui.css'. Physical path: 'N/A'
[2022-05-10 14:44:24.200 +05:30 INF] Sending file. Request path: '/swagger-ui-bundle.js'. Physical path: 'N/A'
[2022-05-10 14:44:24.202 +05:30 INF] Request finished HTTP/2 GET https://localhost:7275/swagger/swagger-ui-bundle.js - - - 200 1092889 application/javascript 26.2959ms
[2022-05-10 14:44:24.202 +05:30 INF] Request finished HTTP/2 GET https://localhost:7275/swagger/swagger-ui.css - - - 200 143632 text/css 28.4646ms
[2022-05-10 14:44:24.204 +05:30 INF] Sending file. Request path: '/swagger-ui-standalone-preset.js'. Physical path: 'N/A'
[2022-05-10 14:44:24.204 +05:30 INF] Request finished HTTP/2 GET https://localhost:7275/swagger/swagger-ui-standalone-preset.js - - - 200 337162 application/javascript 4.4666ms
[2022-05-10 14:44:25.333 +05:30 INF] Request starting HTTP/2 GET https://localhost:7275/swagger - -
[2022-05-10 14:44:25.333 +05:30 INF] Request finished HTTP/2 GET https://localhost:7275/swagger - - - 301 0 - 0.2525ms
[2022-05-10 14:44:25.337 +05:30 INF] Request starting HTTP/2 GET https://localhost:7275/swagger/index.html - -
[2022-05-10 14:44:25.339 +05:30 INF] Request finished HTTP/2 GET https://localhost:7275/swagger/index.html - - - 200 - text/html;charset=utf-8 2.0177ms
[2022-05-10 14:44:25.365 +05:30 INF] Request starting HTTP/2 GET https://localhost:7275/swagger/swagger-ui.css - -
[2022-05-10 14:44:25.365 +05:30 INF] Request starting HTTP/2 GET https://localhost:7275/swagger/swagger-ui-bundle.js - -
[2022-05-10 14:44:25.377 +05:30 INF] Sending file. Request path: '/swagger-ui.css'. Physical path: 'N/A'
[2022-05-10 14:44:25.377 +05:30 INF] Request finished HTTP/2 GET https://localhost:7275/swagger/swagger-ui.css - - - 200 143632 text/css 12.1667ms
[2022-05-10 14:44:25.387 +05:30 INF] Sending file. Request path: '/swagger-ui-bundle.js'. Physical path: 'N/A'
[2022-05-10 14:44:25.387 +05:30 INF] Request finished HTTP/2 GET https://localhost:7275/swagger/swagger-ui-bundle.js - - - 200 1092889 application/javascript 22.3914ms
[2022-05-10 14:44:25.366 +05:30 INF] Request starting HTTP/2 GET https://localhost:7275/swagger/swagger-ui-standalone-preset.js - -
[2022-05-10 14:44:25.393 +05:30 INF] Sending file. Request path: '/swagger-ui-standalone-preset.js'. Physical path: 'N/A'
[2022-05-10 14:44:25.393 +05:30 INF] Request finished HTTP/2 GET https://localhost:7275/swagger/swagger-ui-standalone-preset.js - - - 200 337162 application/javascript 26.7631ms
[2022-05-10 14:44:25.599 +05:30 INF] Request starting HTTP/2 GET https://localhost:7275/swagger/v1/swagger.json - -
[2022-05-10 14:44:25.835 +05:30 INF] Request finished HTTP/2 GET https://localhost:7275/swagger/v1/swagger.json - - - 200 - application/json;charset=utf-8 236.2248ms
[2022-05-10 14:44:30.495 +05:30 INF] Request starting HTTP/2 GET https://localhost:7275/api/AwardType/GetAll - -
[2022-05-10 14:44:30.500 +05:30 INF] Executing endpoint 'A5.Controller.AwardTypeController.GetAll (A5)'
[2022-05-10 14:44:30.514 +05:30 INF] Route matched with {action = "GetAll", controller = "AwardType"}. Executing controller action with signature Microsoft.AspNetCore.Mvc.ActionResult GetAll() on controller A5.Controller.AwardTypeController (A5).
[2022-05-10 14:44:30.518 +05:30 INF] Entity Framework Core 6.0.4 initialized 'AppDbContext' using provider 'Microsoft.EntityFrameworkCore.SqlServer:6.0.4' with options: None
[2022-05-10 14:44:30.580 +05:30 INF] Executed DbCommand (2ms) [Parameters=[], CommandType='"Text"', CommandTimeout='30']
SELECT [a].[Id], [a].[AddedBy], [a].[AddedOn], [a].[AwardDescription], [a].[AwardName], [a].[Image], [a].[IsActive], [a].[UpdatedBy], [a].[UpdatedOn]
FROM [AwardTypes] AS [a]
WHERE [a].[IsActive] = CAST(1 AS bit)
[2022-05-10 14:44:30.616 +05:30 ERR] An exception occurred while iterating over the results of a query for context type 'A5.Data.AppDbContext'.
System.Data.SqlTypes.SqlNullValueException: Data is Null. This method or property cannot be called on Null values.
   at Microsoft.Data.SqlClient.SqlBuffer.ThrowIfNull()
   at Microsoft.Data.SqlClient.SqlBuffer.get_Int32()
   at Microsoft.Data.SqlClient.SqlDataReader.GetInt32(Int32 i)
   at lambda_method27(Closure , QueryContext , DbDataReader , ResultContext , SingleQueryResultCoordinator )
   at Microsoft.EntityFrameworkCore.Query.Internal.SingleQueryingEnumerable`1.Enumerator.MoveNext()
System.Data.SqlTypes.SqlNullValueException: Data is Null. This method or property cannot be called on Null values.
   at Microsoft.Data.SqlClient.SqlBuffer.ThrowIfNull()
   at Microsoft.Data.SqlClient.SqlBuffer.get_Int32()
   at Microsoft.Data.SqlClient.SqlDataReader.GetInt32(Int32 i)
   at lambda_method27(Closure , QueryContext , DbDataReader , ResultContext , SingleQueryResultCoordinator )
   at Microsoft.EntityFrameworkCore.Query.Internal.SingleQueryingEnumerable`1.Enumerator.MoveNext()
[2022-05-10 14:44:30.619 +05:30 INF] Executing BadRequestObjectResult, writing value of type 'System.String'.
[2022-05-10 14:44:30.624 +05:30 INF] Executed action A5.Controller.AwardTypeController.GetAll (A5) in 105.2391ms
[2022-05-10 14:44:30.624 +05:30 INF] Executed endpoint 'A5.Controller.AwardTypeController.GetAll (A5)'
[2022-05-10 14:44:30.627 +05:30 INF] Request finished HTTP/2 GET https://localhost:7275/api/AwardType/GetAll - - - 400 - text/plain;+charset=utf-8 132.0593ms
[2022-05-10 14:44:36.153 +05:30 INF] Request starting HTTP/2 GET https://localhost:7275/api/Department/GetAll - -
[2022-05-10 14:44:36.155 +05:30 INF] Executing endpoint 'A5.Controller.DepartmentController.GetAllDepartment (A5)'
[2022-05-10 14:44:36.156 +05:30 INF] Route matched with {action = "GetAllDepartment", controller = "Department"}. Executing controller action with signature Microsoft.AspNetCore.Mvc.ActionResult GetAllDepartment() on controller A5.Controller.DepartmentController (A5).
[2022-05-10 14:44:36.206 +05:30 INF] Entity Framework Core 6.0.4 initialized 'AppDbContext' using provider 'Microsoft.EntityFrameworkCore.SqlServer:6.0.4' with options: None
[2022-05-10 14:44:36.221 +05:30 INF] Executed DbCommand (7ms) [Parameters=[], CommandType='"Text"', CommandTimeout='30']
SELECT [d].[Id], [d].[AddedBy], [d].[AddedOn], [d].[DepartmentName], [d].[IsActive], [d].[OrganisationId], [d].[UpdatedBy], [d].[UpdatedOn]
FROM [Departments] AS [d]
WHERE [d].[IsActive] = CAST(1 AS bit)
[2022-05-10 14:44:36.261 +05:30 INF] Executing OkObjectResult, writing value of type 'System.Collections.Generic.List`1[[A5.Models.Department, A5, Version=1.0.0.0, Culture=neutral, PublicKeyToken=null]]'.
[2022-05-10 14:44:36.351 +05:30 INF] Executed action A5.Controller.DepartmentController.GetAllDepartment (A5) in 194.7123ms
[2022-05-10 14:44:36.351 +05:30 INF] Executed endpoint 'A5.Controller.DepartmentController.GetAllDepartment (A5)'
[2022-05-10 14:44:36.351 +05:30 INF] Request finished HTTP/2 GET https://localhost:7275/api/Department/GetAll - - - 200 656 application/json;+charset=utf-8 198.0335ms
[2022-05-10 14:44:45.904 +05:30 INF] Request starting HTTP/2 GET https://localhost:7275/api/Employee/GetAll - -
[2022-05-10 14:44:45.904 +05:30 INF] Executing endpoint 'A5.Controller.EmployeeController.GetAllEmployees (A5)'
[2022-05-10 14:44:45.905 +05:30 INF] Route matched with {action = "GetAllEmployees", controller = "Employee"}. Executing controller action with signature Microsoft.AspNetCore.Mvc.ActionResult GetAllEmployees() on controller A5.Controller.EmployeeController (A5).
[2022-05-10 14:44:45.906 +05:30 INF] Entity Framework Core 6.0.4 initialized 'AppDbContext' using provider 'Microsoft.EntityFrameworkCore.SqlServer:6.0.4' with options: None
[2022-05-10 14:44:45.917 +05:30 INF] Executed DbCommand (1ms) [Parameters=[], CommandType='"Text"', CommandTimeout='30']
SELECT [e].[Id], [e].[ACEID], [e].[AddedBy], [e].[AddedOn], [e].[DOB], [e].[DepartmentId], [e].[DesignationId], [e].[Email], [e].[FirstName], [e].[HRId], [e].[IsActive], [e].[LastName], [e].[OrganisationId], [e].[Password], [e].[ReportingPersonId], [e].[UpdatedBy], [e].[UpdatedOn]
FROM [Employees] AS [e]
WHERE [e].[IsActive] = CAST(1 AS bit)
[2022-05-10 14:44:45.964 +05:30 INF] Executing OkObjectResult, writing value of type 'System.Collections.Generic.List`1[[A5.Models.Employee, A5, Version=1.0.0.0, Culture=neutral, PublicKeyToken=null]]'.
[2022-05-10 14:44:45.981 +05:30 INF] Executed action A5.Controller.EmployeeController.GetAllEmployees (A5) in 75.7462ms
[2022-05-10 14:44:45.981 +05:30 INF] Executed endpoint 'A5.Controller.EmployeeController.GetAllEmployees (A5)'
[2022-05-10 14:44:45.982 +05:30 INF] Request finished HTTP/2 GET https://localhost:7275/api/Employee/GetAll - - - 200 73016 application/json;+charset=utf-8 77.7304ms
[2022-05-10 14:45:12.712 +05:30 INF] Request starting HTTP/2 GET https://localhost:7275/api/Organisation/GetAll - -
[2022-05-10 14:45:12.712 +05:30 INF] Executing endpoint 'A5.Controller.OrganisationController.GetAllOrganisation (A5)'
[2022-05-10 14:45:12.713 +05:30 INF] Route matched with {action = "GetAllOrganisation", controller = "Organisation"}. Executing controller action with signature Microsoft.AspNetCore.Mvc.ActionResult GetAllOrganisation() on controller A5.Controller.OrganisationController (A5).
[2022-05-10 14:45:12.714 +05:30 INF] Entity Framework Core 6.0.4 initialized 'AppDbContext' using provider 'Microsoft.EntityFrameworkCore.SqlServer:6.0.4' with options: None
[2022-05-10 14:45:12.730 +05:30 INF] Executed DbCommand (8ms) [Parameters=[], CommandType='"Text"', CommandTimeout='30']
SELECT [o].[Id], [o].[AddedBy], [o].[AddedOn], [o].[IsActive], [o].[OrganisationName], [o].[UpdatedBy], [o].[UpdatedOn]
FROM [Organisations] AS [o]
WHERE [o].[IsActive] = CAST(1 AS bit)
[2022-05-10 14:45:12.741 +05:30 INF] Executing OkObjectResult, writing value of type 'System.Collections.Generic.List`1[[A5.Models.Organisation, A5, Version=1.0.0.0, Culture=neutral, PublicKeyToken=null]]'.
[2022-05-10 14:45:12.744 +05:30 INF] Executed action A5.Controller.OrganisationController.GetAllOrganisation (A5) in 30.5391ms
[2022-05-10 14:45:12.744 +05:30 INF] Executed endpoint 'A5.Controller.OrganisationController.GetAllOrganisation (A5)'
[2022-05-10 14:45:12.744 +05:30 INF] Request finished HTTP/2 GET https://localhost:7275/api/Organisation/GetAll - - - 200 550 application/json;+charset=utf-8 32.3323ms
[2022-05-10 15:20:49.019 +05:30 INF] Entity Framework Core 6.0.4 initialized 'AppDbContext' using provider 'Microsoft.EntityFrameworkCore.SqlServer:6.0.4' with options: None
[2022-05-10 15:20:49.489 +05:30 INF] Executed DbCommand (15ms) [Parameters=[], CommandType='"Text"', CommandTimeout='30']
SELECT 1
[2022-05-10 15:20:49.533 +05:30 INF] Executed DbCommand (29ms) [Parameters=[], CommandType='"Text"', CommandTimeout='30']

IF EXISTS
    (SELECT *
     FROM [sys].[objects] o
     WHERE [o].[type] = 'U'
     AND [o].[is_ms_shipped] = 0
     AND NOT EXISTS (SELECT *
         FROM [sys].[extended_properties] AS [ep]
         WHERE [ep].[major_id] = [o].[object_id]
             AND [ep].[minor_id] = 0
             AND [ep].[class] = 1
             AND [ep].[name] = N'microsoft_database_tools_support'
    )
)
SELECT 1 ELSE SELECT 0
[2022-05-10 15:20:49.749 +05:30 INF] Executed DbCommand (2ms) [Parameters=[], CommandType='"Text"', CommandTimeout='30']
SELECT CASE
    WHEN EXISTS (
        SELECT 1
        FROM [Organisations] AS [o]) THEN CAST(1 AS bit)
    ELSE CAST(0 AS bit)
END
[2022-05-10 15:20:49.761 +05:30 INF] Executed DbCommand (1ms) [Parameters=[], CommandType='"Text"', CommandTimeout='30']
SELECT CASE
    WHEN EXISTS (
        SELECT 1
        FROM [Departments] AS [d]) THEN CAST(1 AS bit)
    ELSE CAST(0 AS bit)
END
[2022-05-10 15:20:49.769 +05:30 INF] Executed DbCommand (1ms) [Parameters=[], CommandType='"Text"', CommandTimeout='30']
SELECT CASE
    WHEN EXISTS (
        SELECT 1
        FROM [Designations] AS [d]) THEN CAST(1 AS bit)
    ELSE CAST(0 AS bit)
END
[2022-05-10 15:20:49.777 +05:30 INF] Executed DbCommand (1ms) [Parameters=[], CommandType='"Text"', CommandTimeout='30']
SELECT CASE
    WHEN EXISTS (
        SELECT 1
        FROM [Employees] AS [e]) THEN CAST(1 AS bit)
    ELSE CAST(0 AS bit)
END
[2022-05-10 15:20:49.785 +05:30 INF] Executed DbCommand (1ms) [Parameters=[], CommandType='"Text"', CommandTimeout='30']
SELECT CASE
    WHEN EXISTS (
        SELECT 1
        FROM [AwardTypes] AS [a]) THEN CAST(1 AS bit)
    ELSE CAST(0 AS bit)
END
[2022-05-10 15:20:49.792 +05:30 INF] Executed DbCommand (1ms) [Parameters=[], CommandType='"Text"', CommandTimeout='30']
SELECT CASE
    WHEN EXISTS (
        SELECT 1
        FROM [Statuses] AS [s]) THEN CAST(1 AS bit)
    ELSE CAST(0 AS bit)
END
[2022-05-10 15:20:49.799 +05:30 INF] Executed DbCommand (1ms) [Parameters=[], CommandType='"Text"', CommandTimeout='30']
SELECT CASE
    WHEN EXISTS (
        SELECT 1
        FROM [Awards] AS [a]) THEN CAST(1 AS bit)
    ELSE CAST(0 AS bit)
END
[2022-05-10 15:20:49.837 +05:30 INF] User profile is available. Using 'C:\Users\dinesh.boopathy\AppData\Local\ASP.NET\DataProtection-Keys' as key repository and Windows DPAPI to encrypt keys at rest.
[2022-05-10 15:20:50.029 +05:30 INF] Now listening on: https://localhost:7275
[2022-05-10 15:20:50.031 +05:30 INF] Now listening on: http://localhost:5050
[2022-05-10 15:20:50.039 +05:30 INF] Application started. Press Ctrl+C to shut down.
[2022-05-10 15:20:50.042 +05:30 INF] Hosting environment: Development
[2022-05-10 15:20:50.044 +05:30 INF] Content root path: E:\Github\DedSecAPI\A5\
[2022-05-10 15:20:50.386 +05:30 INF] Request starting HTTP/2 GET https://localhost:7275/ - -
[2022-05-10 15:20:50.454 +05:30 INF] Request finished HTTP/2 GET https://localhost:7275/ - - - 404 0 - 74.0153ms
[2022-05-10 15:20:54.920 +05:30 INF] Request starting HTTP/2 GET https://localhost:7275/swagger - -
[2022-05-10 15:20:54.923 +05:30 INF] Request finished HTTP/2 GET https://localhost:7275/swagger - - - 301 0 - 2.1482ms
[2022-05-10 15:20:54.930 +05:30 INF] Request starting HTTP/2 GET https://localhost:7275/swagger/index.html - -
[2022-05-10 15:20:54.982 +05:30 INF] Request finished HTTP/2 GET https://localhost:7275/swagger/index.html - - - 200 - text/html;charset=utf-8 52.5028ms
[2022-05-10 15:20:55.000 +05:30 INF] Request starting HTTP/2 GET https://localhost:7275/swagger/swagger-ui.css - -
[2022-05-10 15:20:55.000 +05:30 INF] Request starting HTTP/2 GET https://localhost:7275/swagger/swagger-ui-bundle.js - -
[2022-05-10 15:20:55.002 +05:30 INF] Request starting HTTP/2 GET https://localhost:7275/swagger/swagger-ui-standalone-preset.js - -
[2022-05-10 15:20:55.036 +05:30 INF] Sending file. Request path: '/swagger-ui-standalone-preset.js'. Physical path: 'N/A'
[2022-05-10 15:20:55.036 +05:30 INF] Sending file. Request path: '/swagger-ui.css'. Physical path: 'N/A'
[2022-05-10 15:20:55.037 +05:30 INF] Sending file. Request path: '/swagger-ui-bundle.js'. Physical path: 'N/A'
[2022-05-10 15:20:55.038 +05:30 INF] Request finished HTTP/2 GET https://localhost:7275/swagger/swagger-ui-standalone-preset.js - - - 200 337162 application/javascript 35.7833ms
[2022-05-10 15:20:55.038 +05:30 INF] Request finished HTTP/2 GET https://localhost:7275/swagger/swagger-ui-bundle.js - - - 200 1092889 application/javascript 37.8994ms
[2022-05-10 15:20:55.038 +05:30 INF] Request finished HTTP/2 GET https://localhost:7275/swagger/swagger-ui.css - - - 200 143632 text/css 38.4086ms
[2022-05-10 15:20:56.118 +05:30 INF] Request starting HTTP/2 GET https://localhost:7275/swagger - -
[2022-05-10 15:20:56.119 +05:30 INF] Request finished HTTP/2 GET https://localhost:7275/swagger - - - 301 0 - 0.2688ms
[2022-05-10 15:20:56.123 +05:30 INF] Request starting HTTP/2 GET https://localhost:7275/swagger/index.html - -
[2022-05-10 15:20:56.124 +05:30 INF] Request finished HTTP/2 GET https://localhost:7275/swagger/index.html - - - 200 - text/html;charset=utf-8 0.6411ms
[2022-05-10 15:20:56.142 +05:30 INF] Request starting HTTP/2 GET https://localhost:7275/swagger/swagger-ui.css - -
[2022-05-10 15:20:56.142 +05:30 INF] Request starting HTTP/2 GET https://localhost:7275/swagger/swagger-ui-bundle.js - -
[2022-05-10 15:20:56.142 +05:30 INF] Request starting HTTP/2 GET https://localhost:7275/swagger/swagger-ui-standalone-preset.js - -
[2022-05-10 15:20:56.150 +05:30 INF] Sending file. Request path: '/swagger-ui.css'. Physical path: 'N/A'
[2022-05-10 15:20:56.152 +05:30 INF] Request finished HTTP/2 GET https://localhost:7275/swagger/swagger-ui.css - - - 200 143632 text/css 9.5905ms
[2022-05-10 15:20:56.154 +05:30 INF] Sending file. Request path: '/swagger-ui-standalone-preset.js'. Physical path: 'N/A'
[2022-05-10 15:20:56.157 +05:30 INF] Request finished HTTP/2 GET https://localhost:7275/swagger/swagger-ui-standalone-preset.js - - - 200 337162 application/javascript 14.5953ms
[2022-05-10 15:20:56.172 +05:30 INF] Sending file. Request path: '/swagger-ui-bundle.js'. Physical path: 'N/A'
[2022-05-10 15:20:56.173 +05:30 INF] Request finished HTTP/2 GET https://localhost:7275/swagger/swagger-ui-bundle.js - - - 200 1092889 application/javascript 30.3329ms
[2022-05-10 15:20:56.365 +05:30 INF] Request starting HTTP/2 GET https://localhost:7275/swagger/v1/swagger.json - -
[2022-05-10 15:20:56.470 +05:30 INF] Request finished HTTP/2 GET https://localhost:7275/swagger/v1/swagger.json - - - 200 - application/json;charset=utf-8 105.5699ms
[2022-05-10 15:21:05.385 +05:30 INF] Request starting HTTP/2 GET https://localhost:7275/api/AwardType/GetAll - -
[2022-05-10 15:21:05.392 +05:30 INF] Executing endpoint 'A5.Controller.AwardTypeController.GetAll (A5)'
[2022-05-10 15:21:05.408 +05:30 INF] Route matched with {action = "GetAll", controller = "AwardType"}. Executing controller action with signature Microsoft.AspNetCore.Mvc.ActionResult GetAll() on controller A5.Controller.AwardTypeController (A5).
[2022-05-10 15:21:13.803 +05:30 INF] Entity Framework Core 6.0.4 initialized 'AppDbContext' using provider 'Microsoft.EntityFrameworkCore.SqlServer:6.0.4' with options: None
[2022-05-10 15:21:14.051 +05:30 INF] Executed DbCommand (1ms) [Parameters=[], CommandType='"Text"', CommandTimeout='30']
SELECT [a].[Id], [a].[AddedBy], [a].[AddedOn], [a].[AwardDescription], [a].[AwardName], [a].[Image], [a].[IsActive], [a].[UpdatedBy], [a].[UpdatedOn]
FROM [AwardTypes] AS [a]
WHERE [a].[IsActive] = CAST(1 AS bit)
[2022-05-10 15:21:14.112 +05:30 ERR] An exception occurred while iterating over the results of a query for context type 'A5.Data.AppDbContext'.
System.Data.SqlTypes.SqlNullValueException: Data is Null. This method or property cannot be called on Null values.
   at Microsoft.Data.SqlClient.SqlBuffer.ThrowIfNull()
   at Microsoft.Data.SqlClient.SqlBuffer.get_Int32()
   at Microsoft.Data.SqlClient.SqlDataReader.GetInt32(Int32 i)
   at lambda_method27(Closure , QueryContext , DbDataReader , ResultContext , SingleQueryResultCoordinator )
   at Microsoft.EntityFrameworkCore.Query.Internal.SingleQueryingEnumerable`1.Enumerator.MoveNext()
System.Data.SqlTypes.SqlNullValueException: Data is Null. This method or property cannot be called on Null values.
   at Microsoft.Data.SqlClient.SqlBuffer.ThrowIfNull()
   at Microsoft.Data.SqlClient.SqlBuffer.get_Int32()
   at Microsoft.Data.SqlClient.SqlDataReader.GetInt32(Int32 i)
   at lambda_method27(Closure , QueryContext , DbDataReader , ResultContext , SingleQueryResultCoordinator )
   at Microsoft.EntityFrameworkCore.Query.Internal.SingleQueryingEnumerable`1.Enumerator.MoveNext()
[2022-05-10 15:21:27.117 +05:30 INF] Executing BadRequestObjectResult, writing value of type 'System.String'.
[2022-05-10 15:21:27.125 +05:30 INF] Executed action A5.Controller.AwardTypeController.GetAll (A5) in 21710.232ms
[2022-05-10 15:21:27.126 +05:30 INF] Executed endpoint 'A5.Controller.AwardTypeController.GetAll (A5)'
[2022-05-10 15:21:27.130 +05:30 INF] Request finished HTTP/2 GET https://localhost:7275/api/AwardType/GetAll - - - 400 - text/plain;+charset=utf-8 21744.4182ms
[2022-05-10 15:21:58.727 +05:30 INF] Request starting HTTP/2 GET https://localhost:7275/api/Department/GetAll - -
[2022-05-10 15:21:58.731 +05:30 INF] Executing endpoint 'A5.Controller.DepartmentController.GetAllDepartment (A5)'
[2022-05-10 15:21:58.733 +05:30 INF] Route matched with {action = "GetAllDepartment", controller = "Department"}. Executing controller action with signature Microsoft.AspNetCore.Mvc.ActionResult GetAllDepartment() on controller A5.Controller.DepartmentController (A5).
[2022-05-10 15:22:04.037 +05:30 INF] Entity Framework Core 6.0.4 initialized 'AppDbContext' using provider 'Microsoft.EntityFrameworkCore.SqlServer:6.0.4' with options: None
[2022-05-10 15:22:04.050 +05:30 INF] Executed DbCommand (1ms) [Parameters=[], CommandType='"Text"', CommandTimeout='30']
SELECT [d].[Id], [d].[AddedBy], [d].[AddedOn], [d].[DepartmentName], [d].[IsActive], [d].[OrganisationId], [d].[UpdatedBy], [d].[UpdatedOn]
FROM [Departments] AS [d]
WHERE [d].[IsActive] = CAST(1 AS bit)
[2022-05-10 15:22:04.097 +05:30 INF] Executing OkObjectResult, writing value of type 'System.Collections.Generic.List`1[[A5.Models.Department, A5, Version=1.0.0.0, Culture=neutral, PublicKeyToken=null]]'.
[2022-05-10 15:22:04.231 +05:30 INF] Executed action A5.Controller.DepartmentController.GetAllDepartment (A5) in 5497.3814ms
[2022-05-10 15:22:04.231 +05:30 INF] Executed endpoint 'A5.Controller.DepartmentController.GetAllDepartment (A5)'
[2022-05-10 15:22:04.231 +05:30 INF] Request finished HTTP/2 GET https://localhost:7275/api/Department/GetAll - - - 200 656 application/json;+charset=utf-8 5504.4602ms
[2022-05-10 15:22:23.759 +05:30 INF] Request starting HTTP/2 GET https://localhost:7275/api/Employee/GetById?id=1 - -
[2022-05-10 15:22:23.767 +05:30 INF] Executing endpoint 'A5.Controller.EmployeeController.GetByOrganisationId (A5)'
[2022-05-10 15:22:23.792 +05:30 INF] Route matched with {action = "GetByOrganisationId", controller = "Employee"}. Executing controller action with signature Microsoft.AspNetCore.Mvc.ActionResult GetByOrganisationId(Int32) on controller A5.Controller.EmployeeController (A5).
[2022-05-10 15:22:23.808 +05:30 INF] Entity Framework Core 6.0.4 initialized 'AppDbContext' using provider 'Microsoft.EntityFrameworkCore.SqlServer:6.0.4' with options: None
[2022-05-10 15:22:23.850 +05:30 INF] Executed DbCommand (22ms) [Parameters=[@__id_0='?' (DbType = Int32)], CommandType='"Text"', CommandTimeout='30']
SELECT TOP(1) [e].[Id], [e].[ACEID], [e].[AddedBy], [e].[AddedOn], [e].[DOB], [e].[DepartmentId], [e].[DesignationId], [e].[Email], [e].[FirstName], [e].[HRId], [e].[IsActive], [e].[LastName], [e].[OrganisationId], [e].[Password], [e].[ReportingPersonId], [e].[UpdatedBy], [e].[UpdatedOn]
FROM [Employees] AS [e]
WHERE [e].[Id] = @__id_0
[2022-05-10 15:22:23.883 +05:30 INF] Executing OkObjectResult, writing value of type 'A5.Models.Employee'.
[2022-05-10 15:22:23.891 +05:30 INF] Executed action A5.Controller.EmployeeController.GetByOrganisationId (A5) in 99.0453ms
[2022-05-10 15:22:23.891 +05:30 INF] Executed endpoint 'A5.Controller.EmployeeController.GetByOrganisationId (A5)'
[2022-05-10 15:22:23.891 +05:30 INF] Request finished HTTP/2 GET https://localhost:7275/api/Employee/GetById?id=1 - - - 200 460 application/json;+charset=utf-8 131.6100ms
[2022-05-10 15:24:06.375 +05:30 INF] Request starting HTTP/2 GET https://localhost:7275/api/Employee/GetById?id=5 - -
[2022-05-10 15:24:06.385 +05:30 INF] Executing endpoint 'A5.Controller.EmployeeController.GetByOrganisationId (A5)'
[2022-05-10 15:24:06.385 +05:30 INF] Route matched with {action = "GetByOrganisationId", controller = "Employee"}. Executing controller action with signature Microsoft.AspNetCore.Mvc.ActionResult GetByOrganisationId(Int32) on controller A5.Controller.EmployeeController (A5).
[2022-05-10 15:24:06.390 +05:30 INF] Entity Framework Core 6.0.4 initialized 'AppDbContext' using provider 'Microsoft.EntityFrameworkCore.SqlServer:6.0.4' with options: None
[2022-05-10 15:24:06.401 +05:30 INF] Executed DbCommand (1ms) [Parameters=[@__id_0='?' (DbType = Int32)], CommandType='"Text"', CommandTimeout='30']
SELECT TOP(1) [e].[Id], [e].[ACEID], [e].[AddedBy], [e].[AddedOn], [e].[DOB], [e].[DepartmentId], [e].[DesignationId], [e].[Email], [e].[FirstName], [e].[HRId], [e].[IsActive], [e].[LastName], [e].[OrganisationId], [e].[Password], [e].[ReportingPersonId], [e].[UpdatedBy], [e].[UpdatedOn]
FROM [Employees] AS [e]
WHERE [e].[Id] = @__id_0
[2022-05-10 15:24:06.402 +05:30 INF] Executing OkObjectResult, writing value of type 'A5.Models.Employee'.
[2022-05-10 15:24:06.402 +05:30 INF] Executed action A5.Controller.EmployeeController.GetByOrganisationId (A5) in 16.4506ms
[2022-05-10 15:24:06.402 +05:30 INF] Executed endpoint 'A5.Controller.EmployeeController.GetByOrganisationId (A5)'
[2022-05-10 15:24:06.402 +05:30 INF] Request finished HTTP/2 GET https://localhost:7275/api/Employee/GetById?id=5 - - - 200 455 application/json;+charset=utf-8 27.0225ms
[2022-05-10 15:24:15.274 +05:30 INF] Request starting HTTP/2 GET https://localhost:7275/api/Employee/GetById?id=6 - -
[2022-05-10 15:24:15.274 +05:30 INF] Executing endpoint 'A5.Controller.EmployeeController.GetByOrganisationId (A5)'
[2022-05-10 15:24:15.275 +05:30 INF] Route matched with {action = "GetByOrganisationId", controller = "Employee"}. Executing controller action with signature Microsoft.AspNetCore.Mvc.ActionResult GetByOrganisationId(Int32) on controller A5.Controller.EmployeeController (A5).
[2022-05-10 15:24:15.278 +05:30 INF] Entity Framework Core 6.0.4 initialized 'AppDbContext' using provider 'Microsoft.EntityFrameworkCore.SqlServer:6.0.4' with options: None
[2022-05-10 15:24:15.286 +05:30 INF] Executed DbCommand (0ms) [Parameters=[@__id_0='?' (DbType = Int32)], CommandType='"Text"', CommandTimeout='30']
SELECT TOP(1) [e].[Id], [e].[ACEID], [e].[AddedBy], [e].[AddedOn], [e].[DOB], [e].[DepartmentId], [e].[DesignationId], [e].[Email], [e].[FirstName], [e].[HRId], [e].[IsActive], [e].[LastName], [e].[OrganisationId], [e].[Password], [e].[ReportingPersonId], [e].[UpdatedBy], [e].[UpdatedOn]
FROM [Employees] AS [e]
WHERE [e].[Id] = @__id_0
[2022-05-10 15:24:15.287 +05:30 INF] Executing OkObjectResult, writing value of type 'A5.Models.Employee'.
[2022-05-10 15:24:15.287 +05:30 INF] Executed action A5.Controller.EmployeeController.GetByOrganisationId (A5) in 12.2619ms
[2022-05-10 15:24:15.287 +05:30 INF] Executed endpoint 'A5.Controller.EmployeeController.GetByOrganisationId (A5)'
[2022-05-10 15:24:15.287 +05:30 INF] Request finished HTTP/2 GET https://localhost:7275/api/Employee/GetById?id=6 - - - 200 451 application/json;+charset=utf-8 13.1331ms
[2022-05-10 15:26:21.530 +05:30 INF] Request starting HTTP/2 POST https://localhost:7275/api/Employee/Create application/json-patch+json 635
[2022-05-10 15:26:21.538 +05:30 INF] CORS policy execution successful.
[2022-05-10 15:26:21.539 +05:30 INF] Executing endpoint 'A5.Controller.EmployeeController.Create (A5)'
[2022-05-10 15:26:21.541 +05:30 INF] Route matched with {action = "Create", controller = "Employee"}. Executing controller action with signature Microsoft.AspNetCore.Mvc.ActionResult Create(A5.Models.Employee) on controller A5.Controller.EmployeeController (A5).
[2022-05-10 15:26:21.613 +05:30 INF] Executing BadRequestObjectResult, writing value of type 'Microsoft.AspNetCore.Mvc.ValidationProblemDetails'.
[2022-05-10 15:26:21.630 +05:30 INF] Executed action A5.Controller.EmployeeController.Create (A5) in 89.0943ms
[2022-05-10 15:26:21.630 +05:30 INF] Executed endpoint 'A5.Controller.EmployeeController.Create (A5)'
[2022-05-10 15:26:21.630 +05:30 INF] Request finished HTTP/2 POST https://localhost:7275/api/Employee/Create application/json-patch+json 635 - 400 475 application/problem+json;+charset=utf-8 99.8861ms
[2022-05-10 15:26:58.933 +05:30 INF] Request starting HTTP/2 POST https://localhost:7275/api/Employee/Create application/json-patch+json 638
[2022-05-10 15:26:58.933 +05:30 INF] CORS policy execution successful.
[2022-05-10 15:26:58.933 +05:30 INF] Executing endpoint 'A5.Controller.EmployeeController.Create (A5)'
[2022-05-10 15:26:58.933 +05:30 INF] Route matched with {action = "Create", controller = "Employee"}. Executing controller action with signature Microsoft.AspNetCore.Mvc.ActionResult Create(A5.Models.Employee) on controller A5.Controller.EmployeeController (A5).
[2022-05-10 15:26:58.939 +05:30 INF] Executing BadRequestObjectResult, writing value of type 'Microsoft.AspNetCore.Mvc.ValidationProblemDetails'.
[2022-05-10 15:26:58.940 +05:30 INF] Executed action A5.Controller.EmployeeController.Create (A5) in 6.4912ms
[2022-05-10 15:26:58.940 +05:30 INF] Executed endpoint 'A5.Controller.EmployeeController.Create (A5)'
[2022-05-10 15:26:58.940 +05:30 INF] Request finished HTTP/2 POST https://localhost:7275/api/Employee/Create application/json-patch+json 638 - 400 362 application/problem+json;+charset=utf-8 7.0408ms
[2022-05-10 15:27:40.979 +05:30 INF] Request starting HTTP/2 POST https://localhost:7275/api/Employee/Create application/json-patch+json 639
[2022-05-10 15:27:40.980 +05:30 INF] CORS policy execution successful.
[2022-05-10 15:27:40.980 +05:30 INF] Executing endpoint 'A5.Controller.EmployeeController.Create (A5)'
[2022-05-10 15:27:40.980 +05:30 INF] Route matched with {action = "Create", controller = "Employee"}. Executing controller action with signature Microsoft.AspNetCore.Mvc.ActionResult Create(A5.Models.Employee) on controller A5.Controller.EmployeeController (A5).
[2022-05-10 15:27:40.996 +05:30 INF] Executing BadRequestObjectResult, writing value of type 'Microsoft.AspNetCore.Mvc.ValidationProblemDetails'.
[2022-05-10 15:27:40.997 +05:30 INF] Executed action A5.Controller.EmployeeController.Create (A5) in 14.9219ms
[2022-05-10 15:27:40.997 +05:30 INF] Executed endpoint 'A5.Controller.EmployeeController.Create (A5)'
[2022-05-10 15:27:40.997 +05:30 INF] Request finished HTTP/2 POST https://localhost:7275/api/Employee/Create application/json-patch+json 639 - 400 470 application/problem+json;+charset=utf-8 18.8617ms
[2022-05-10 16:17:04.879 +05:30 INF] Request starting HTTP/2 POST https://localhost:7275/api/Employee/Create application/json-patch+json 369
[2022-05-10 16:17:04.880 +05:30 INF] CORS policy execution successful.
[2022-05-10 16:17:04.880 +05:30 INF] Executing endpoint 'A5.Controller.EmployeeController.Create (A5)'
[2022-05-10 16:17:04.883 +05:30 INF] Route matched with {action = "Create", controller = "Employee"}. Executing controller action with signature Microsoft.AspNetCore.Mvc.ActionResult Create(A5.Models.Employee) on controller A5.Controller.EmployeeController (A5).
[2022-05-10 16:17:04.888 +05:30 INF] Executing BadRequestObjectResult, writing value of type 'Microsoft.AspNetCore.Mvc.ValidationProblemDetails'.
[2022-05-10 16:17:04.888 +05:30 INF] Executed action A5.Controller.EmployeeController.Create (A5) in 4.2209ms
[2022-05-10 16:17:04.888 +05:30 INF] Executed endpoint 'A5.Controller.EmployeeController.Create (A5)'
[2022-05-10 16:17:04.889 +05:30 INF] Request finished HTTP/2 POST https://localhost:7275/api/Employee/Create application/json-patch+json 369 - 400 302 application/problem+json;+charset=utf-8 9.9393ms
