[2022-05-11 14:20:22.824 +05:30 INF] Entity Framework Core 6.0.4 initialized 'AppDbContext' using provider 'Microsoft.EntityFrameworkCore.SqlServer:6.0.4' with options: None
[2022-05-11 14:21:00.285 +05:30 INF] Entity Framework Core 6.0.4 initialized 'AppDbContext' using provider 'Microsoft.EntityFrameworkCore.SqlServer:6.0.4' with options: None
[2022-05-11 14:22:07.555 +05:30 INF] Entity Framework Core 6.0.4 initialized 'AppDbContext' using provider 'Microsoft.EntityFrameworkCore.SqlServer:6.0.4' with options: None
[2022-05-11 14:28:34.712 +05:30 INF] Entity Framework Core 6.0.4 initialized 'AppDbContext' using provider 'Microsoft.EntityFrameworkCore.SqlServer:6.0.4' with options: None
[2022-05-11 14:28:35.307 +05:30 INF] Executed DbCommand (274ms) [Parameters=[], CommandType='"Text"', CommandTimeout='60']
CREATE DATABASE [tenacious];
[2022-05-11 14:28:35.384 +05:30 INF] Executed DbCommand (74ms) [Parameters=[], CommandType='"Text"', CommandTimeout='60']
IF SERVERPROPERTY('EngineEdition') <> 5
BEGIN
    ALTER DATABASE [tenacious] SET READ_COMMITTED_SNAPSHOT ON;
END;
[2022-05-11 14:28:35.399 +05:30 INF] Executed DbCommand (6ms) [Parameters=[], CommandType='"Text"', CommandTimeout='30']
SELECT 1
[2022-05-11 14:28:35.560 +05:30 INF] Executed DbCommand (4ms) [Parameters=[], CommandType='"Text"', CommandTimeout='30']
CREATE TABLE [__EFMigrationsHistory] (
    [MigrationId] nvarchar(150) NOT NULL,
    [ProductVersion] nvarchar(32) NOT NULL,
    CONSTRAINT [PK___EFMigrationsHistory] PRIMARY KEY ([MigrationId])
);
[2022-05-11 14:28:35.566 +05:30 INF] Executed DbCommand (0ms) [Parameters=[], CommandType='"Text"', CommandTimeout='30']
SELECT 1
[2022-05-11 14:28:35.589 +05:30 INF] Executed DbCommand (15ms) [Parameters=[], CommandType='"Text"', CommandTimeout='30']
SELECT OBJECT_ID(N'[__EFMigrationsHistory]');
[2022-05-11 14:28:35.596 +05:30 INF] Executed DbCommand (1ms) [Parameters=[], CommandType='"Text"', CommandTimeout='30']
SELECT [MigrationId], [ProductVersion]
FROM [__EFMigrationsHistory]
ORDER BY [MigrationId];
[2022-05-11 14:28:35.613 +05:30 INF] Applying migration '20220511085207_initial'.
[2022-05-11 14:28:35.769 +05:30 INF] Executed DbCommand (8ms) [Parameters=[], CommandType='"Text"', CommandTimeout='30']
CREATE TABLE [AwardTypes] (
    [Id] int NOT NULL IDENTITY,
    [AwardName] nvarchar(max) NOT NULL,
    [AwardDescription] nvarchar(max) NOT NULL,
    [Image] varbinary(max) NULL,
    [IsActive] bit NOT NULL,
    [AddedBy] int NOT NULL,
    [AddedOn] datetime2 NOT NULL,
    [UpdatedBy] int NULL,
    [UpdatedOn] datetime2 NULL,
    CONSTRAINT [PK_AwardTypes] PRIMARY KEY ([Id])
);
[2022-05-11 14:28:35.772 +05:30 INF] Executed DbCommand (3ms) [Parameters=[], CommandType='"Text"', CommandTimeout='30']
CREATE TABLE [Organisations] (
    [Id] int NOT NULL IDENTITY,
    [OrganisationName] nvarchar(max) NOT NULL,
    [IsActive] bit NOT NULL,
    [AddedBy] int NOT NULL,
    [AddedOn] datetime2 NOT NULL,
    [UpdatedBy] int NULL,
    [UpdatedOn] datetime2 NULL,
    CONSTRAINT [PK_Organisations] PRIMARY KEY ([Id])
);
[2022-05-11 14:28:35.776 +05:30 INF] Executed DbCommand (3ms) [Parameters=[], CommandType='"Text"', CommandTimeout='30']
CREATE TABLE [Statuses] (
    [Id] int NOT NULL IDENTITY,
    [StatusName] nvarchar(max) NOT NULL,
    [IsActive] bit NOT NULL,
    CONSTRAINT [PK_Statuses] PRIMARY KEY ([Id])
);
[2022-05-11 14:28:35.779 +05:30 INF] Executed DbCommand (3ms) [Parameters=[], CommandType='"Text"', CommandTimeout='30']
CREATE TABLE [Departments] (
    [Id] int NOT NULL IDENTITY,
    [DepartmentName] nvarchar(max) NOT NULL,
    [OrganisationId] int NOT NULL,
    [IsActive] bit NOT NULL,
    [AddedBy] int NOT NULL,
    [AddedOn] datetime2 NOT NULL,
    [UpdatedBy] int NULL,
    [UpdatedOn] datetime2 NULL,
    CONSTRAINT [PK_Departments] PRIMARY KEY ([Id]),
    CONSTRAINT [FK_Departments_Organisations_OrganisationId] FOREIGN KEY ([OrganisationId]) REFERENCES [Organisations] ([Id]) ON DELETE CASCADE
);
[2022-05-11 14:28:35.784 +05:30 INF] Executed DbCommand (5ms) [Parameters=[], CommandType='"Text"', CommandTimeout='30']
CREATE TABLE [Employees] (
    [Id] int NOT NULL IDENTITY,
    [ACEID] nvarchar(max) NOT NULL,
    [FirstName] nvarchar(max) NOT NULL,
    [LastName] nvarchar(max) NOT NULL,
    [Email] nvarchar(max) NOT NULL,
    [DOB] datetime2 NOT NULL,
    [OrganisationId] int NOT NULL,
    [DepartmentId] int NOT NULL,
    [DesignationId] int NOT NULL,
    [ReportingPersonId] int NULL,
    [HRId] int NULL,
    [Password] nvarchar(max) NOT NULL,
    [IsActive] bit NOT NULL,
    [AddedBy] int NOT NULL,
    [AddedOn] datetime2 NOT NULL,
    [UpdatedBy] int NULL,
    [UpdatedOn] datetime2 NULL,
    CONSTRAINT [PK_Employees] PRIMARY KEY ([Id]),
    CONSTRAINT [FK_Employees_Employees_HRId] FOREIGN KEY ([HRId]) REFERENCES [Employees] ([Id]),
    CONSTRAINT [FK_Employees_Employees_ReportingPersonId] FOREIGN KEY ([ReportingPersonId]) REFERENCES [Employees] ([Id]),
    CONSTRAINT [FK_Employees_Organisations_OrganisationId] FOREIGN KEY ([OrganisationId]) REFERENCES [Organisations] ([Id]) ON DELETE CASCADE
);
[2022-05-11 14:28:35.790 +05:30 INF] Executed DbCommand (5ms) [Parameters=[], CommandType='"Text"', CommandTimeout='30']
CREATE TABLE [Designations] (
    [Id] int NOT NULL IDENTITY,
    [DesignationName] nvarchar(max) NOT NULL,
    [IsActive] bit NOT NULL,
    [AddedBy] int NOT NULL,
    [AddedOn] datetime2 NOT NULL,
    [UpdatedBy] int NULL,
    [UpdatedOn] datetime2 NULL,
    [DepartmentId] int NOT NULL,
    CONSTRAINT [PK_Designations] PRIMARY KEY ([Id]),
    CONSTRAINT [FK_Designations_Departments_DepartmentId] FOREIGN KEY ([DepartmentId]) REFERENCES [Departments] ([Id]) ON DELETE CASCADE
);
[2022-05-11 14:28:35.794 +05:30 INF] Executed DbCommand (4ms) [Parameters=[], CommandType='"Text"', CommandTimeout='30']
CREATE TABLE [Awards] (
    [Id] int NOT NULL IDENTITY,
    [RequesterId] int NOT NULL,
    [AwardeeId] int NOT NULL,
    [AwardTypeId] int NOT NULL,
    [ApproverId] int NOT NULL,
    [Reason] nvarchar(max) NOT NULL,
    [RejectedReason] nvarchar(max) NULL,
    [HRId] int NOT NULL,
    [CouponCode] nvarchar(max) NULL,
    [StatusId] int NOT NULL,
    [AddedBy] int NOT NULL,
    [AddedOn] datetime2 NOT NULL,
    [UpdatedBy] int NULL,
    [UpdatedOn] datetime2 NULL,
    CONSTRAINT [PK_Awards] PRIMARY KEY ([Id]),
    CONSTRAINT [FK_Awards_AwardTypes_AwardTypeId] FOREIGN KEY ([AwardTypeId]) REFERENCES [AwardTypes] ([Id]) ON DELETE CASCADE,
    CONSTRAINT [FK_Awards_Employees_AwardeeId] FOREIGN KEY ([AwardeeId]) REFERENCES [Employees] ([Id]) ON DELETE CASCADE,
    CONSTRAINT [FK_Awards_Statuses_StatusId] FOREIGN KEY ([StatusId]) REFERENCES [Statuses] ([Id]) ON DELETE CASCADE
);
[2022-05-11 14:28:35.799 +05:30 INF] Executed DbCommand (5ms) [Parameters=[], CommandType='"Text"', CommandTimeout='30']
CREATE TABLE [Comments] (
    [Id] int NOT NULL IDENTITY,
    [EmployeeId] int NOT NULL,
    [AwardId] int NOT NULL,
    [Comments] nvarchar(max) NOT NULL,
    CONSTRAINT [PK_Comments] PRIMARY KEY ([Id]),
    CONSTRAINT [FK_Comments_Awards_AwardId] FOREIGN KEY ([AwardId]) REFERENCES [Awards] ([Id]) ON DELETE CASCADE
);
[2022-05-11 14:28:35.802 +05:30 INF] Executed DbCommand (2ms) [Parameters=[], CommandType='"Text"', CommandTimeout='30']
CREATE INDEX [IX_Awards_AwardeeId] ON [Awards] ([AwardeeId]);
[2022-05-11 14:28:35.803 +05:30 INF] Executed DbCommand (1ms) [Parameters=[], CommandType='"Text"', CommandTimeout='30']
CREATE INDEX [IX_Awards_AwardTypeId] ON [Awards] ([AwardTypeId]);
[2022-05-11 14:28:35.804 +05:30 INF] Executed DbCommand (1ms) [Parameters=[], CommandType='"Text"', CommandTimeout='30']
CREATE INDEX [IX_Awards_StatusId] ON [Awards] ([StatusId]);
[2022-05-11 14:28:35.805 +05:30 INF] Executed DbCommand (1ms) [Parameters=[], CommandType='"Text"', CommandTimeout='30']
CREATE INDEX [IX_Comments_AwardId] ON [Comments] ([AwardId]);
[2022-05-11 14:28:35.807 +05:30 INF] Executed DbCommand (2ms) [Parameters=[], CommandType='"Text"', CommandTimeout='30']
CREATE INDEX [IX_Departments_OrganisationId] ON [Departments] ([OrganisationId]);
[2022-05-11 14:28:35.808 +05:30 INF] Executed DbCommand (1ms) [Parameters=[], CommandType='"Text"', CommandTimeout='30']
CREATE INDEX [IX_Designations_DepartmentId] ON [Designations] ([DepartmentId]);
[2022-05-11 14:28:35.809 +05:30 INF] Executed DbCommand (1ms) [Parameters=[], CommandType='"Text"', CommandTimeout='30']
CREATE INDEX [IX_Employees_HRId] ON [Employees] ([HRId]);
[2022-05-11 14:28:35.810 +05:30 INF] Executed DbCommand (1ms) [Parameters=[], CommandType='"Text"', CommandTimeout='30']
CREATE INDEX [IX_Employees_OrganisationId] ON [Employees] ([OrganisationId]);
[2022-05-11 14:28:35.811 +05:30 INF] Executed DbCommand (1ms) [Parameters=[], CommandType='"Text"', CommandTimeout='30']
CREATE INDEX [IX_Employees_ReportingPersonId] ON [Employees] ([ReportingPersonId]);
[2022-05-11 14:28:35.815 +05:30 INF] Executed DbCommand (3ms) [Parameters=[], CommandType='"Text"', CommandTimeout='30']
INSERT INTO [__EFMigrationsHistory] ([MigrationId], [ProductVersion])
VALUES (N'20220511085207_initial', N'6.0.4');
[2022-05-11 14:29:48.933 +05:30 INF] Entity Framework Core 6.0.4 initialized 'AppDbContext' using provider 'Microsoft.EntityFrameworkCore.SqlServer:6.0.4' with options: None
[2022-05-11 14:29:49.249 +05:30 INF] Executed DbCommand (14ms) [Parameters=[], CommandType='"Text"', CommandTimeout='30']
SELECT 1
[2022-05-11 14:29:49.297 +05:30 INF] Executed DbCommand (35ms) [Parameters=[], CommandType='"Text"', CommandTimeout='30']

IF EXISTS
    (SELECT *
     FROM [sys].[objects] o
     WHERE [o].[type] = 'U'
     AND [o].[is_ms_shipped] = 0
     AND NOT EXISTS (SELECT *
         FROM [sys].[extended_properties] AS [ep]
         WHERE [ep].[major_id] = [o].[object_id]
             AND [ep].[minor_id] = 0
             AND [ep].[class] = 1
             AND [ep].[name] = N'microsoft_database_tools_support'
    )
)
SELECT 1 ELSE SELECT 0
[2022-05-11 14:29:49.556 +05:30 INF] Executed DbCommand (3ms) [Parameters=[], CommandType='"Text"', CommandTimeout='30']
SELECT CASE
    WHEN EXISTS (
        SELECT 1
        FROM [Organisations] AS [o]) THEN CAST(1 AS bit)
    ELSE CAST(0 AS bit)
END
[2022-05-11 14:29:49.731 +05:30 INF] Executed DbCommand (23ms) [Parameters=[@p0='?' (DbType = Int32), @p1='?' (DbType = DateTime2), @p2='?' (DbType = Boolean), @p3='?' (Size = 4000), @p4='?' (DbType = Int32), @p5='?' (DbType = DateTime2)], CommandType='"Text"', CommandTimeout='30']
SET NOCOUNT ON;
INSERT INTO [Organisations] ([AddedBy], [AddedOn], [IsActive], [OrganisationName], [UpdatedBy], [UpdatedOn])
VALUES (@p0, @p1, @p2, @p3, @p4, @p5);
SELECT [Id]
FROM [Organisations]
WHERE @@ROWCOUNT = 1 AND [Id] = scope_identity();
[2022-05-11 14:29:49.753 +05:30 INF] Executed DbCommand (1ms) [Parameters=[@p0='?' (DbType = Int32), @p1='?' (DbType = DateTime2), @p2='?' (DbType = Boolean), @p3='?' (Size = 4000), @p4='?' (DbType = Int32), @p5='?' (DbType = DateTime2)], CommandType='"Text"', CommandTimeout='30']
SET NOCOUNT ON;
INSERT INTO [Organisations] ([AddedBy], [AddedOn], [IsActive], [OrganisationName], [UpdatedBy], [UpdatedOn])
VALUES (@p0, @p1, @p2, @p3, @p4, @p5);
SELECT [Id]
FROM [Organisations]
WHERE @@ROWCOUNT = 1 AND [Id] = scope_identity();
[2022-05-11 14:29:49.755 +05:30 INF] Executed DbCommand (1ms) [Parameters=[@p0='?' (DbType = Int32), @p1='?' (DbType = DateTime2), @p2='?' (DbType = Boolean), @p3='?' (Size = 4000), @p4='?' (DbType = Int32), @p5='?' (DbType = DateTime2)], CommandType='"Text"', CommandTimeout='30']
SET NOCOUNT ON;
INSERT INTO [Organisations] ([AddedBy], [AddedOn], [IsActive], [OrganisationName], [UpdatedBy], [UpdatedOn])
VALUES (@p0, @p1, @p2, @p3, @p4, @p5);
SELECT [Id]
FROM [Organisations]
WHERE @@ROWCOUNT = 1 AND [Id] = scope_identity();
[2022-05-11 14:29:49.774 +05:30 INF] Executed DbCommand (3ms) [Parameters=[], CommandType='"Text"', CommandTimeout='30']
SELECT CASE
    WHEN EXISTS (
        SELECT 1
        FROM [Departments] AS [d]) THEN CAST(1 AS bit)
    ELSE CAST(0 AS bit)
END
[2022-05-11 14:29:49.813 +05:30 INF] Executed DbCommand (3ms) [Parameters=[@p0='?' (DbType = Int32), @p1='?' (DbType = DateTime2), @p2='?' (Size = 4000), @p3='?' (DbType = Boolean), @p4='?' (DbType = Int32), @p5='?' (DbType = Int32), @p6='?' (DbType = DateTime2)], CommandType='"Text"', CommandTimeout='30']
SET NOCOUNT ON;
INSERT INTO [Departments] ([AddedBy], [AddedOn], [DepartmentName], [IsActive], [OrganisationId], [UpdatedBy], [UpdatedOn])
VALUES (@p0, @p1, @p2, @p3, @p4, @p5, @p6);
SELECT [Id]
FROM [Departments]
WHERE @@ROWCOUNT = 1 AND [Id] = scope_identity();
[2022-05-11 14:29:49.816 +05:30 INF] Executed DbCommand (0ms) [Parameters=[@p0='?' (DbType = Int32), @p1='?' (DbType = DateTime2), @p2='?' (Size = 4000), @p3='?' (DbType = Boolean), @p4='?' (DbType = Int32), @p5='?' (DbType = Int32), @p6='?' (DbType = DateTime2)], CommandType='"Text"', CommandTimeout='30']
SET NOCOUNT ON;
INSERT INTO [Departments] ([AddedBy], [AddedOn], [DepartmentName], [IsActive], [OrganisationId], [UpdatedBy], [UpdatedOn])
VALUES (@p0, @p1, @p2, @p3, @p4, @p5, @p6);
SELECT [Id]
FROM [Departments]
WHERE @@ROWCOUNT = 1 AND [Id] = scope_identity();
[2022-05-11 14:29:49.817 +05:30 INF] Executed DbCommand (1ms) [Parameters=[@p0='?' (DbType = Int32), @p1='?' (DbType = DateTime2), @p2='?' (Size = 4000), @p3='?' (DbType = Boolean), @p4='?' (DbType = Int32), @p5='?' (DbType = Int32), @p6='?' (DbType = DateTime2)], CommandType='"Text"', CommandTimeout='30']
SET NOCOUNT ON;
INSERT INTO [Departments] ([AddedBy], [AddedOn], [DepartmentName], [IsActive], [OrganisationId], [UpdatedBy], [UpdatedOn])
VALUES (@p0, @p1, @p2, @p3, @p4, @p5, @p6);
SELECT [Id]
FROM [Departments]
WHERE @@ROWCOUNT = 1 AND [Id] = scope_identity();
[2022-05-11 14:29:49.826 +05:30 INF] Executed DbCommand (1ms) [Parameters=[], CommandType='"Text"', CommandTimeout='30']
SELECT CASE
    WHEN EXISTS (
        SELECT 1
        FROM [Designations] AS [d]) THEN CAST(1 AS bit)
    ELSE CAST(0 AS bit)
END
[2022-05-11 14:29:49.866 +05:30 INF] Executed DbCommand (11ms) [Parameters=[@p0='?' (DbType = Int32), @p1='?' (DbType = DateTime2), @p2='?' (DbType = Int32), @p3='?' (Size = 4000), @p4='?' (DbType = Boolean), @p5='?' (DbType = Int32), @p6='?' (DbType = DateTime2), @p7='?' (DbType = Int32), @p8='?' (DbType = DateTime2), @p9='?' (DbType = Int32), @p10='?' (Size = 4000), @p11='?' (DbType = Boolean), @p12='?' (DbType = Int32), @p13='?' (DbType = DateTime2), @p14='?' (DbType = Int32), @p15='?' (DbType = DateTime2), @p16='?' (DbType = Int32), @p17='?' (Size = 4000), @p18='?' (DbType = Boolean), @p19='?' (DbType = Int32), @p20='?' (DbType = DateTime2), @p21='?' (DbType = Int32), @p22='?' (DbType = DateTime2), @p23='?' (DbType = Int32), @p24='?' (Size = 4000), @p25='?' (DbType = Boolean), @p26='?' (DbType = Int32), @p27='?' (DbType = DateTime2), @p28='?' (DbType = Int32), @p29='?' (DbType = DateTime2), @p30='?' (DbType = Int32), @p31='?' (Size = 4000), @p32='?' (DbType = Boolean), @p33='?' (DbType = Int32), @p34='?' (DbType = DateTime2), @p35='?' (DbType = Int32), @p36='?' (DbType = DateTime2), @p37='?' (DbType = Int32), @p38='?' (Size = 4000), @p39='?' (DbType = Boolean), @p40='?' (DbType = Int32), @p41='?' (DbType = DateTime2)], CommandType='"Text"', CommandTimeout='30']
SET NOCOUNT ON;
DECLARE @inserted0 TABLE ([Id] int, [_Position] [int]);
MERGE [Designations] USING (
VALUES (@p0, @p1, @p2, @p3, @p4, @p5, @p6, 0),
(@p7, @p8, @p9, @p10, @p11, @p12, @p13, 1),
(@p14, @p15, @p16, @p17, @p18, @p19, @p20, 2),
(@p21, @p22, @p23, @p24, @p25, @p26, @p27, 3),
(@p28, @p29, @p30, @p31, @p32, @p33, @p34, 4),
(@p35, @p36, @p37, @p38, @p39, @p40, @p41, 5)) AS i ([AddedBy], [AddedOn], [DepartmentId], [DesignationName], [IsActive], [UpdatedBy], [UpdatedOn], _Position) ON 1=0
WHEN NOT MATCHED THEN
INSERT ([AddedBy], [AddedOn], [DepartmentId], [DesignationName], [IsActive], [UpdatedBy], [UpdatedOn])
VALUES (i.[AddedBy], i.[AddedOn], i.[DepartmentId], i.[DesignationName], i.[IsActive], i.[UpdatedBy], i.[UpdatedOn])
OUTPUT INSERTED.[Id], i._Position
INTO @inserted0;

SELECT [i].[Id] FROM @inserted0 i
ORDER BY [i].[_Position];
[2022-05-11 14:29:49.878 +05:30 INF] Executed DbCommand (2ms) [Parameters=[], CommandType='"Text"', CommandTimeout='30']
SELECT CASE
    WHEN EXISTS (
        SELECT 1
        FROM [Employees] AS [e]) THEN CAST(1 AS bit)
    ELSE CAST(0 AS bit)
END
[2022-05-11 14:29:50.004 +05:30 INF] Executed DbCommand (17ms) [Parameters=[@p0='?' (Size = 4000), @p1='?' (DbType = Int32), @p2='?' (DbType = DateTime2), @p3='?' (DbType = DateTime2), @p4='?' (DbType = Int32), @p5='?' (DbType = Int32), @p6='?' (Size = 4000), @p7='?' (Size = 4000), @p8='?' (DbType = Int32), @p9='?' (DbType = Boolean), @p10='?' (Size = 4000), @p11='?' (DbType = Int32), @p12='?' (Size = 4000), @p13='?' (DbType = Int32), @p14='?' (DbType = Int32), @p15='?' (DbType = DateTime2), @p16='?' (Size = 4000), @p17='?' (DbType = Int32), @p18='?' (DbType = DateTime2), @p19='?' (DbType = DateTime2), @p20='?' (DbType = Int32), @p21='?' (DbType = Int32), @p22='?' (Size = 4000), @p23='?' (Size = 4000), @p24='?' (DbType = Int32), @p25='?' (DbType = Boolean), @p26='?' (Size = 4000), @p27='?' (DbType = Int32), @p28='?' (Size = 4000), @p29='?' (DbType = Int32), @p30='?' (DbType = Int32), @p31='?' (DbType = DateTime2), @p32='?' (Size = 4000), @p33='?' (DbType = Int32), @p34='?' (DbType = DateTime2), @p35='?' (DbType = DateTime2), @p36='?' (DbType = Int32), @p37='?' (DbType = Int32), @p38='?' (Size = 4000), @p39='?' (Size = 4000), @p40='?' (DbType = Int32), @p41='?' (DbType = Boolean), @p42='?' (Size = 4000), @p43='?' (DbType = Int32), @p44='?' (Size = 4000), @p45='?' (DbType = Int32), @p46='?' (DbType = Int32), @p47='?' (DbType = DateTime2), @p48='?' (Size = 4000), @p49='?' (DbType = Int32), @p50='?' (DbType = DateTime2), @p51='?' (DbType = DateTime2), @p52='?' (DbType = Int32), @p53='?' (DbType = Int32), @p54='?' (Size = 4000), @p55='?' (Size = 4000), @p56='?' (DbType = Int32), @p57='?' (DbType = Boolean), @p58='?' (Size = 4000), @p59='?' (DbType = Int32), @p60='?' (Size = 4000), @p61='?' (DbType = Int32), @p62='?' (DbType = Int32), @p63='?' (DbType = DateTime2), @p64='?' (Size = 4000), @p65='?' (DbType = Int32), @p66='?' (DbType = DateTime2), @p67='?' (DbType = DateTime2), @p68='?' (DbType = Int32), @p69='?' (DbType = Int32), @p70='?' (Size = 4000), @p71='?' (Size = 4000), @p72='?' (DbType = Int32), @p73='?' (DbType = Boolean), @p74='?' (Size = 4000), @p75='?' (DbType = Int32), @p76='?' (Size = 4000), @p77='?' (DbType = Int32), @p78='?' (DbType = Int32), @p79='?' (DbType = DateTime2), @p80='?' (Size = 4000), @p81='?' (DbType = Int32), @p82='?' (DbType = DateTime2), @p83='?' (DbType = DateTime2), @p84='?' (DbType = Int32), @p85='?' (DbType = Int32), @p86='?' (Size = 4000), @p87='?' (Size = 4000), @p88='?' (DbType = Int32), @p89='?' (DbType = Boolean), @p90='?' (Size = 4000), @p91='?' (DbType = Int32), @p92='?' (Size = 4000), @p93='?' (DbType = Int32), @p94='?' (DbType = Int32), @p95='?' (DbType = DateTime2), @p96='?' (Size = 4000), @p97='?' (DbType = Int32), @p98='?' (DbType = DateTime2), @p99='?' (DbType = DateTime2), @p100='?' (DbType = Int32), @p101='?' (DbType = Int32), @p102='?' (Size = 4000), @p103='?' (Size = 4000), @p104='?' (DbType = Int32), @p105='?' (DbType = Boolean), @p106='?' (Size = 4000), @p107='?' (DbType = Int32), @p108='?' (Size = 4000), @p109='?' (DbType = Int32), @p110='?' (DbType = Int32), @p111='?' (DbType = DateTime2)], CommandType='"Text"', CommandTimeout='30']
SET NOCOUNT ON;
DECLARE @inserted0 TABLE ([Id] int, [_Position] [int]);
MERGE [Employees] USING (
VALUES (@p0, @p1, @p2, @p3, @p4, @p5, @p6, @p7, @p8, @p9, @p10, @p11, @p12, @p13, @p14, @p15, 0),
(@p16, @p17, @p18, @p19, @p20, @p21, @p22, @p23, @p24, @p25, @p26, @p27, @p28, @p29, @p30, @p31, 1),
(@p32, @p33, @p34, @p35, @p36, @p37, @p38, @p39, @p40, @p41, @p42, @p43, @p44, @p45, @p46, @p47, 2),
(@p48, @p49, @p50, @p51, @p52, @p53, @p54, @p55, @p56, @p57, @p58, @p59, @p60, @p61, @p62, @p63, 3),
(@p64, @p65, @p66, @p67, @p68, @p69, @p70, @p71, @p72, @p73, @p74, @p75, @p76, @p77, @p78, @p79, 4),
(@p80, @p81, @p82, @p83, @p84, @p85, @p86, @p87, @p88, @p89, @p90, @p91, @p92, @p93, @p94, @p95, 5),
(@p96, @p97, @p98, @p99, @p100, @p101, @p102, @p103, @p104, @p105, @p106, @p107, @p108, @p109, @p110, @p111, 6)) AS i ([ACEID], [AddedBy], [AddedOn], [DOB], [DepartmentId], [DesignationId], [Email], [FirstName], [HRId], [IsActive], [LastName], [OrganisationId], [Password], [ReportingPersonId], [UpdatedBy], [UpdatedOn], _Position) ON 1=0
WHEN NOT MATCHED THEN
INSERT ([ACEID], [AddedBy], [AddedOn], [DOB], [DepartmentId], [DesignationId], [Email], [FirstName], [HRId], [IsActive], [LastName], [OrganisationId], [Password], [ReportingPersonId], [UpdatedBy], [UpdatedOn])
VALUES (i.[ACEID], i.[AddedBy], i.[AddedOn], i.[DOB], i.[DepartmentId], i.[DesignationId], i.[Email], i.[FirstName], i.[HRId], i.[IsActive], i.[LastName], i.[OrganisationId], i.[Password], i.[ReportingPersonId], i.[UpdatedBy], i.[UpdatedOn])
OUTPUT INSERTED.[Id], i._Position
INTO @inserted0;

SELECT [i].[Id] FROM @inserted0 i
ORDER BY [i].[_Position];
[2022-05-11 14:29:50.055 +05:30 INF] Executed DbCommand (36ms) [Parameters=[], CommandType='"Text"', CommandTimeout='30']
SELECT CASE
    WHEN EXISTS (
        SELECT 1
        FROM [Statuses] AS [s]) THEN CAST(1 AS bit)
    ELSE CAST(0 AS bit)
END
[2022-05-11 14:29:50.112 +05:30 INF] Executed DbCommand (8ms) [Parameters=[@p0='?' (DbType = Boolean), @p1='?' (Size = 4000), @p2='?' (DbType = Boolean), @p3='?' (Size = 4000), @p4='?' (DbType = Boolean), @p5='?' (Size = 4000), @p6='?' (DbType = Boolean), @p7='?' (Size = 4000)], CommandType='"Text"', CommandTimeout='30']
SET NOCOUNT ON;
DECLARE @inserted0 TABLE ([Id] int, [_Position] [int]);
MERGE [Statuses] USING (
VALUES (@p0, @p1, 0),
(@p2, @p3, 1),
(@p4, @p5, 2),
(@p6, @p7, 3)) AS i ([IsActive], [StatusName], _Position) ON 1=0
WHEN NOT MATCHED THEN
INSERT ([IsActive], [StatusName])
VALUES (i.[IsActive], i.[StatusName])
OUTPUT INSERTED.[Id], i._Position
INTO @inserted0;

SELECT [i].[Id] FROM @inserted0 i
ORDER BY [i].[_Position];
[2022-05-11 14:29:50.130 +05:30 INF] Executed DbCommand (1ms) [Parameters=[], CommandType='"Text"', CommandTimeout='30']
SELECT CASE
    WHEN EXISTS (
        SELECT 1
        FROM [Awards] AS [a]) THEN CAST(1 AS bit)
    ELSE CAST(0 AS bit)
END
[2022-05-11 14:29:50.182 +05:30 ERR] Failed executing DbCommand (5ms) [Parameters=[@p0='?' (DbType = Int32), @p1='?' (DbType = DateTime2), @p2='?' (DbType = Int32), @p3='?' (DbType = Int32), @p4='?' (DbType = Int32), @p5='?' (Size = 4000), @p6='?' (DbType = Int32), @p7='?' (Size = 4000), @p8='?' (Size = 4000), @p9='?' (DbType = Int32), @p10='?' (DbType = Int32), @p11='?' (DbType = Int32), @p12='?' (DbType = DateTime2)], CommandType='"Text"', CommandTimeout='30']
SET NOCOUNT ON;
INSERT INTO [Awards] ([AddedBy], [AddedOn], [ApproverId], [AwardTypeId], [AwardeeId], [CouponCode], [HRId], [Reason], [RejectedReason], [RequesterId], [StatusId], [UpdatedBy], [UpdatedOn])
VALUES (@p0, @p1, @p2, @p3, @p4, @p5, @p6, @p7, @p8, @p9, @p10, @p11, @p12);
SELECT [Id]
FROM [Awards]
WHERE @@ROWCOUNT = 1 AND [Id] = scope_identity();
[2022-05-11 14:29:50.220 +05:30 ERR] An exception occurred in the database while saving changes for context type 'A5.Data.AppDbContext'.
Microsoft.EntityFrameworkCore.DbUpdateException: An error occurred while saving the entity changes. See the inner exception for details.
 ---> Microsoft.Data.SqlClient.SqlException (0x80131904): The INSERT statement conflicted with the FOREIGN KEY constraint "FK_Awards_AwardTypes_AwardTypeId". The conflict occurred in database "tenacious", table "dbo.AwardTypes", column 'Id'.
The statement has been terminated.
   at Microsoft.Data.SqlClient.SqlConnection.OnError(SqlException exception, Boolean breakConnection, Action`1 wrapCloseInAction)
   at Microsoft.Data.SqlClient.SqlInternalConnection.OnError(SqlException exception, Boolean breakConnection, Action`1 wrapCloseInAction)
   at Microsoft.Data.SqlClient.TdsParser.ThrowExceptionAndWarning(TdsParserStateObject stateObj, Boolean callerHasConnectionLock, Boolean asyncClose)
   at Microsoft.Data.SqlClient.TdsParser.TryRun(RunBehavior runBehavior, SqlCommand cmdHandler, SqlDataReader dataStream, BulkCopySimpleResultSet bulkCopyHandler, TdsParserStateObject stateObj, Boolean& dataReady)
   at Microsoft.Data.SqlClient.SqlDataReader.TryConsumeMetaData()
   at Microsoft.Data.SqlClient.SqlDataReader.get_MetaData()
   at Microsoft.Data.SqlClient.SqlCommand.FinishExecuteReader(SqlDataReader ds, RunBehavior runBehavior, String resetOptionsString, Boolean isInternal, Boolean forDescribeParameterEncryption, Boolean shouldCacheForAlwaysEncrypted)
   at Microsoft.Data.SqlClient.SqlCommand.RunExecuteReaderTds(CommandBehavior cmdBehavior, RunBehavior runBehavior, Boolean returnStream, Boolean isAsync, Int32 timeout, Task& task, Boolean asyncWrite, Boolean inRetry, SqlDataReader ds, Boolean describeParameterEncryptionRequest)
   at Microsoft.Data.SqlClient.SqlCommand.RunExecuteReader(CommandBehavior cmdBehavior, RunBehavior runBehavior, Boolean returnStream, TaskCompletionSource`1 completion, Int32 timeout, Task& task, Boolean& usedCache, Boolean asyncWrite, Boolean inRetry, String method)
   at Microsoft.Data.SqlClient.SqlCommand.RunExecuteReader(CommandBehavior cmdBehavior, RunBehavior runBehavior, Boolean returnStream, String method)
   at Microsoft.Data.SqlClient.SqlCommand.ExecuteReader(CommandBehavior behavior)
   at Microsoft.Data.SqlClient.SqlCommand.ExecuteDbDataReader(CommandBehavior behavior)
   at System.Data.Common.DbCommand.ExecuteReader()
   at Microsoft.EntityFrameworkCore.Storage.RelationalCommand.ExecuteReader(RelationalCommandParameterObject parameterObject)
   at Microsoft.EntityFrameworkCore.Update.ReaderModificationCommandBatch.Execute(IRelationalConnection connection)
ClientConnectionId:d8fc8f1d-36aa-4a51-b613-a06fd9859b5c
Error Number:547,State:0,Class:16
   --- End of inner exception stack trace ---
   at Microsoft.EntityFrameworkCore.Update.ReaderModificationCommandBatch.Execute(IRelationalConnection connection)
   at Microsoft.EntityFrameworkCore.Update.Internal.BatchExecutor.Execute(IEnumerable`1 commandBatches, IRelationalConnection connection)
   at Microsoft.EntityFrameworkCore.Storage.RelationalDatabase.SaveChanges(IList`1 entries)
   at Microsoft.EntityFrameworkCore.ChangeTracking.Internal.StateManager.SaveChanges(IList`1 entriesToSave)
   at Microsoft.EntityFrameworkCore.ChangeTracking.Internal.StateManager.SaveChanges(StateManager stateManager, Boolean acceptAllChangesOnSuccess)
   at Microsoft.EntityFrameworkCore.ChangeTracking.Internal.StateManager.<>c.<SaveChanges>b__104_0(DbContext _, ValueTuple`2 t)
   at Microsoft.EntityFrameworkCore.SqlServer.Storage.Internal.SqlServerExecutionStrategy.Execute[TState,TResult](TState state, Func`3 operation, Func`3 verifySucceeded)
   at Microsoft.EntityFrameworkCore.ChangeTracking.Internal.StateManager.SaveChanges(Boolean acceptAllChangesOnSuccess)
   at Microsoft.EntityFrameworkCore.DbContext.SaveChanges(Boolean acceptAllChangesOnSuccess)
Microsoft.EntityFrameworkCore.DbUpdateException: An error occurred while saving the entity changes. See the inner exception for details.
 ---> Microsoft.Data.SqlClient.SqlException (0x80131904): The INSERT statement conflicted with the FOREIGN KEY constraint "FK_Awards_AwardTypes_AwardTypeId". The conflict occurred in database "tenacious", table "dbo.AwardTypes", column 'Id'.
The statement has been terminated.
   at Microsoft.Data.SqlClient.SqlConnection.OnError(SqlException exception, Boolean breakConnection, Action`1 wrapCloseInAction)
   at Microsoft.Data.SqlClient.SqlInternalConnection.OnError(SqlException exception, Boolean breakConnection, Action`1 wrapCloseInAction)
   at Microsoft.Data.SqlClient.TdsParser.ThrowExceptionAndWarning(TdsParserStateObject stateObj, Boolean callerHasConnectionLock, Boolean asyncClose)
   at Microsoft.Data.SqlClient.TdsParser.TryRun(RunBehavior runBehavior, SqlCommand cmdHandler, SqlDataReader dataStream, BulkCopySimpleResultSet bulkCopyHandler, TdsParserStateObject stateObj, Boolean& dataReady)
   at Microsoft.Data.SqlClient.SqlDataReader.TryConsumeMetaData()
   at Microsoft.Data.SqlClient.SqlDataReader.get_MetaData()
   at Microsoft.Data.SqlClient.SqlCommand.FinishExecuteReader(SqlDataReader ds, RunBehavior runBehavior, String resetOptionsString, Boolean isInternal, Boolean forDescribeParameterEncryption, Boolean shouldCacheForAlwaysEncrypted)
   at Microsoft.Data.SqlClient.SqlCommand.RunExecuteReaderTds(CommandBehavior cmdBehavior, RunBehavior runBehavior, Boolean returnStream, Boolean isAsync, Int32 timeout, Task& task, Boolean asyncWrite, Boolean inRetry, SqlDataReader ds, Boolean describeParameterEncryptionRequest)
   at Microsoft.Data.SqlClient.SqlCommand.RunExecuteReader(CommandBehavior cmdBehavior, RunBehavior runBehavior, Boolean returnStream, TaskCompletionSource`1 completion, Int32 timeout, Task& task, Boolean& usedCache, Boolean asyncWrite, Boolean inRetry, String method)
   at Microsoft.Data.SqlClient.SqlCommand.RunExecuteReader(CommandBehavior cmdBehavior, RunBehavior runBehavior, Boolean returnStream, String method)
   at Microsoft.Data.SqlClient.SqlCommand.ExecuteReader(CommandBehavior behavior)
   at Microsoft.Data.SqlClient.SqlCommand.ExecuteDbDataReader(CommandBehavior behavior)
   at System.Data.Common.DbCommand.ExecuteReader()
   at Microsoft.EntityFrameworkCore.Storage.RelationalCommand.ExecuteReader(RelationalCommandParameterObject parameterObject)
   at Microsoft.EntityFrameworkCore.Update.ReaderModificationCommandBatch.Execute(IRelationalConnection connection)
ClientConnectionId:d8fc8f1d-36aa-4a51-b613-a06fd9859b5c
Error Number:547,State:0,Class:16
   --- End of inner exception stack trace ---
   at Microsoft.EntityFrameworkCore.Update.ReaderModificationCommandBatch.Execute(IRelationalConnection connection)
   at Microsoft.EntityFrameworkCore.Update.Internal.BatchExecutor.Execute(IEnumerable`1 commandBatches, IRelationalConnection connection)
   at Microsoft.EntityFrameworkCore.Storage.RelationalDatabase.SaveChanges(IList`1 entries)
   at Microsoft.EntityFrameworkCore.ChangeTracking.Internal.StateManager.SaveChanges(IList`1 entriesToSave)
   at Microsoft.EntityFrameworkCore.ChangeTracking.Internal.StateManager.SaveChanges(StateManager stateManager, Boolean acceptAllChangesOnSuccess)
   at Microsoft.EntityFrameworkCore.ChangeTracking.Internal.StateManager.<>c.<SaveChanges>b__104_0(DbContext _, ValueTuple`2 t)
   at Microsoft.EntityFrameworkCore.SqlServer.Storage.Internal.SqlServerExecutionStrategy.Execute[TState,TResult](TState state, Func`3 operation, Func`3 verifySucceeded)
   at Microsoft.EntityFrameworkCore.ChangeTracking.Internal.StateManager.SaveChanges(Boolean acceptAllChangesOnSuccess)
   at Microsoft.EntityFrameworkCore.DbContext.SaveChanges(Boolean acceptAllChangesOnSuccess)
[2022-05-11 14:30:33.560 +05:30 INF] Entity Framework Core 6.0.4 initialized 'AppDbContext' using provider 'Microsoft.EntityFrameworkCore.SqlServer:6.0.4' with options: None
[2022-05-11 14:30:33.862 +05:30 INF] Executed DbCommand (14ms) [Parameters=[], CommandType='"Text"', CommandTimeout='30']
SELECT 1
[2022-05-11 14:30:33.895 +05:30 INF] Executed DbCommand (21ms) [Parameters=[], CommandType='"Text"', CommandTimeout='30']

IF EXISTS
    (SELECT *
     FROM [sys].[objects] o
     WHERE [o].[type] = 'U'
     AND [o].[is_ms_shipped] = 0
     AND NOT EXISTS (SELECT *
         FROM [sys].[extended_properties] AS [ep]
         WHERE [ep].[major_id] = [o].[object_id]
             AND [ep].[minor_id] = 0
             AND [ep].[class] = 1
             AND [ep].[name] = N'microsoft_database_tools_support'
    )
)
SELECT 1 ELSE SELECT 0
[2022-05-11 14:30:34.107 +05:30 INF] Executed DbCommand (5ms) [Parameters=[], CommandType='"Text"', CommandTimeout='30']
SELECT CASE
    WHEN EXISTS (
        SELECT 1
        FROM [Organisations] AS [o]) THEN CAST(1 AS bit)
    ELSE CAST(0 AS bit)
END
[2022-05-11 14:30:34.117 +05:30 INF] Executed DbCommand (2ms) [Parameters=[], CommandType='"Text"', CommandTimeout='30']
SELECT CASE
    WHEN EXISTS (
        SELECT 1
        FROM [Departments] AS [d]) THEN CAST(1 AS bit)
    ELSE CAST(0 AS bit)
END
[2022-05-11 14:30:34.122 +05:30 INF] Executed DbCommand (1ms) [Parameters=[], CommandType='"Text"', CommandTimeout='30']
SELECT CASE
    WHEN EXISTS (
        SELECT 1
        FROM [Designations] AS [d]) THEN CAST(1 AS bit)
    ELSE CAST(0 AS bit)
END
[2022-05-11 14:30:34.128 +05:30 INF] Executed DbCommand (1ms) [Parameters=[], CommandType='"Text"', CommandTimeout='30']
SELECT CASE
    WHEN EXISTS (
        SELECT 1
        FROM [Employees] AS [e]) THEN CAST(1 AS bit)
    ELSE CAST(0 AS bit)
END
[2022-05-11 14:30:34.133 +05:30 INF] Executed DbCommand (1ms) [Parameters=[], CommandType='"Text"', CommandTimeout='30']
SELECT CASE
    WHEN EXISTS (
        SELECT 1
        FROM [Statuses] AS [s]) THEN CAST(1 AS bit)
    ELSE CAST(0 AS bit)
END
[2022-05-11 14:30:34.139 +05:30 INF] Executed DbCommand (1ms) [Parameters=[], CommandType='"Text"', CommandTimeout='30']
SELECT CASE
    WHEN EXISTS (
        SELECT 1
        FROM [Awards] AS [a]) THEN CAST(1 AS bit)
    ELSE CAST(0 AS bit)
END
[2022-05-11 14:30:34.456 +05:30 ERR] Failed executing DbCommand (23ms) [Parameters=[@p0='?' (DbType = Int32), @p1='?' (DbType = DateTime2), @p2='?' (DbType = Int32), @p3='?' (DbType = Int32), @p4='?' (DbType = Int32), @p5='?' (Size = 4000), @p6='?' (DbType = Int32), @p7='?' (Size = 4000), @p8='?' (Size = 4000), @p9='?' (DbType = Int32), @p10='?' (DbType = Int32), @p11='?' (DbType = Int32), @p12='?' (DbType = DateTime2)], CommandType='"Text"', CommandTimeout='30']
SET NOCOUNT ON;
INSERT INTO [Awards] ([AddedBy], [AddedOn], [ApproverId], [AwardTypeId], [AwardeeId], [CouponCode], [HRId], [Reason], [RejectedReason], [RequesterId], [StatusId], [UpdatedBy], [UpdatedOn])
VALUES (@p0, @p1, @p2, @p3, @p4, @p5, @p6, @p7, @p8, @p9, @p10, @p11, @p12);
SELECT [Id]
FROM [Awards]
WHERE @@ROWCOUNT = 1 AND [Id] = scope_identity();
[2022-05-11 14:30:34.768 +05:30 ERR] An exception occurred in the database while saving changes for context type 'A5.Data.AppDbContext'.
Microsoft.EntityFrameworkCore.DbUpdateException: An error occurred while saving the entity changes. See the inner exception for details.
 ---> Microsoft.Data.SqlClient.SqlException (0x80131904): The INSERT statement conflicted with the FOREIGN KEY constraint "FK_Awards_AwardTypes_AwardTypeId". The conflict occurred in database "tenacious", table "dbo.AwardTypes", column 'Id'.
The statement has been terminated.
   at Microsoft.Data.SqlClient.SqlConnection.OnError(SqlException exception, Boolean breakConnection, Action`1 wrapCloseInAction)
   at Microsoft.Data.SqlClient.SqlInternalConnection.OnError(SqlException exception, Boolean breakConnection, Action`1 wrapCloseInAction)
   at Microsoft.Data.SqlClient.TdsParser.ThrowExceptionAndWarning(TdsParserStateObject stateObj, Boolean callerHasConnectionLock, Boolean asyncClose)
   at Microsoft.Data.SqlClient.TdsParser.TryRun(RunBehavior runBehavior, SqlCommand cmdHandler, SqlDataReader dataStream, BulkCopySimpleResultSet bulkCopyHandler, TdsParserStateObject stateObj, Boolean& dataReady)
   at Microsoft.Data.SqlClient.SqlDataReader.TryConsumeMetaData()
   at Microsoft.Data.SqlClient.SqlDataReader.get_MetaData()
   at Microsoft.Data.SqlClient.SqlCommand.FinishExecuteReader(SqlDataReader ds, RunBehavior runBehavior, String resetOptionsString, Boolean isInternal, Boolean forDescribeParameterEncryption, Boolean shouldCacheForAlwaysEncrypted)
   at Microsoft.Data.SqlClient.SqlCommand.RunExecuteReaderTds(CommandBehavior cmdBehavior, RunBehavior runBehavior, Boolean returnStream, Boolean isAsync, Int32 timeout, Task& task, Boolean asyncWrite, Boolean inRetry, SqlDataReader ds, Boolean describeParameterEncryptionRequest)
   at Microsoft.Data.SqlClient.SqlCommand.RunExecuteReader(CommandBehavior cmdBehavior, RunBehavior runBehavior, Boolean returnStream, TaskCompletionSource`1 completion, Int32 timeout, Task& task, Boolean& usedCache, Boolean asyncWrite, Boolean inRetry, String method)
   at Microsoft.Data.SqlClient.SqlCommand.RunExecuteReader(CommandBehavior cmdBehavior, RunBehavior runBehavior, Boolean returnStream, String method)
   at Microsoft.Data.SqlClient.SqlCommand.ExecuteReader(CommandBehavior behavior)
   at Microsoft.Data.SqlClient.SqlCommand.ExecuteDbDataReader(CommandBehavior behavior)
   at System.Data.Common.DbCommand.ExecuteReader()
   at Microsoft.EntityFrameworkCore.Storage.RelationalCommand.ExecuteReader(RelationalCommandParameterObject parameterObject)
   at Microsoft.EntityFrameworkCore.Update.ReaderModificationCommandBatch.Execute(IRelationalConnection connection)
ClientConnectionId:c542f137-ad1a-410e-8f01-af9d2f8b71d2
Error Number:547,State:0,Class:16
   --- End of inner exception stack trace ---
   at Microsoft.EntityFrameworkCore.Update.ReaderModificationCommandBatch.Execute(IRelationalConnection connection)
   at Microsoft.EntityFrameworkCore.Update.Internal.BatchExecutor.Execute(IEnumerable`1 commandBatches, IRelationalConnection connection)
   at Microsoft.EntityFrameworkCore.Storage.RelationalDatabase.SaveChanges(IList`1 entries)
   at Microsoft.EntityFrameworkCore.ChangeTracking.Internal.StateManager.SaveChanges(IList`1 entriesToSave)
   at Microsoft.EntityFrameworkCore.ChangeTracking.Internal.StateManager.SaveChanges(StateManager stateManager, Boolean acceptAllChangesOnSuccess)
   at Microsoft.EntityFrameworkCore.ChangeTracking.Internal.StateManager.<>c.<SaveChanges>b__104_0(DbContext _, ValueTuple`2 t)
   at Microsoft.EntityFrameworkCore.SqlServer.Storage.Internal.SqlServerExecutionStrategy.Execute[TState,TResult](TState state, Func`3 operation, Func`3 verifySucceeded)
   at Microsoft.EntityFrameworkCore.ChangeTracking.Internal.StateManager.SaveChanges(Boolean acceptAllChangesOnSuccess)
   at Microsoft.EntityFrameworkCore.DbContext.SaveChanges(Boolean acceptAllChangesOnSuccess)
Microsoft.EntityFrameworkCore.DbUpdateException: An error occurred while saving the entity changes. See the inner exception for details.
 ---> Microsoft.Data.SqlClient.SqlException (0x80131904): The INSERT statement conflicted with the FOREIGN KEY constraint "FK_Awards_AwardTypes_AwardTypeId". The conflict occurred in database "tenacious", table "dbo.AwardTypes", column 'Id'.
The statement has been terminated.
   at Microsoft.Data.SqlClient.SqlConnection.OnError(SqlException exception, Boolean breakConnection, Action`1 wrapCloseInAction)
   at Microsoft.Data.SqlClient.SqlInternalConnection.OnError(SqlException exception, Boolean breakConnection, Action`1 wrapCloseInAction)
   at Microsoft.Data.SqlClient.TdsParser.ThrowExceptionAndWarning(TdsParserStateObject stateObj, Boolean callerHasConnectionLock, Boolean asyncClose)
   at Microsoft.Data.SqlClient.TdsParser.TryRun(RunBehavior runBehavior, SqlCommand cmdHandler, SqlDataReader dataStream, BulkCopySimpleResultSet bulkCopyHandler, TdsParserStateObject stateObj, Boolean& dataReady)
   at Microsoft.Data.SqlClient.SqlDataReader.TryConsumeMetaData()
   at Microsoft.Data.SqlClient.SqlDataReader.get_MetaData()
   at Microsoft.Data.SqlClient.SqlCommand.FinishExecuteReader(SqlDataReader ds, RunBehavior runBehavior, String resetOptionsString, Boolean isInternal, Boolean forDescribeParameterEncryption, Boolean shouldCacheForAlwaysEncrypted)
   at Microsoft.Data.SqlClient.SqlCommand.RunExecuteReaderTds(CommandBehavior cmdBehavior, RunBehavior runBehavior, Boolean returnStream, Boolean isAsync, Int32 timeout, Task& task, Boolean asyncWrite, Boolean inRetry, SqlDataReader ds, Boolean describeParameterEncryptionRequest)
   at Microsoft.Data.SqlClient.SqlCommand.RunExecuteReader(CommandBehavior cmdBehavior, RunBehavior runBehavior, Boolean returnStream, TaskCompletionSource`1 completion, Int32 timeout, Task& task, Boolean& usedCache, Boolean asyncWrite, Boolean inRetry, String method)
   at Microsoft.Data.SqlClient.SqlCommand.RunExecuteReader(CommandBehavior cmdBehavior, RunBehavior runBehavior, Boolean returnStream, String method)
   at Microsoft.Data.SqlClient.SqlCommand.ExecuteReader(CommandBehavior behavior)
   at Microsoft.Data.SqlClient.SqlCommand.ExecuteDbDataReader(CommandBehavior behavior)
   at System.Data.Common.DbCommand.ExecuteReader()
   at Microsoft.EntityFrameworkCore.Storage.RelationalCommand.ExecuteReader(RelationalCommandParameterObject parameterObject)
   at Microsoft.EntityFrameworkCore.Update.ReaderModificationCommandBatch.Execute(IRelationalConnection connection)
ClientConnectionId:c542f137-ad1a-410e-8f01-af9d2f8b71d2
Error Number:547,State:0,Class:16
   --- End of inner exception stack trace ---
   at Microsoft.EntityFrameworkCore.Update.ReaderModificationCommandBatch.Execute(IRelationalConnection connection)
   at Microsoft.EntityFrameworkCore.Update.Internal.BatchExecutor.Execute(IEnumerable`1 commandBatches, IRelationalConnection connection)
   at Microsoft.EntityFrameworkCore.Storage.RelationalDatabase.SaveChanges(IList`1 entries)
   at Microsoft.EntityFrameworkCore.ChangeTracking.Internal.StateManager.SaveChanges(IList`1 entriesToSave)
   at Microsoft.EntityFrameworkCore.ChangeTracking.Internal.StateManager.SaveChanges(StateManager stateManager, Boolean acceptAllChangesOnSuccess)
   at Microsoft.EntityFrameworkCore.ChangeTracking.Internal.StateManager.<>c.<SaveChanges>b__104_0(DbContext _, ValueTuple`2 t)
   at Microsoft.EntityFrameworkCore.SqlServer.Storage.Internal.SqlServerExecutionStrategy.Execute[TState,TResult](TState state, Func`3 operation, Func`3 verifySucceeded)
   at Microsoft.EntityFrameworkCore.ChangeTracking.Internal.StateManager.SaveChanges(Boolean acceptAllChangesOnSuccess)
   at Microsoft.EntityFrameworkCore.DbContext.SaveChanges(Boolean acceptAllChangesOnSuccess)
[2022-05-11 14:32:05.995 +05:30 INF] Entity Framework Core 6.0.4 initialized 'AppDbContext' using provider 'Microsoft.EntityFrameworkCore.SqlServer:6.0.4' with options: None
[2022-05-11 14:32:06.475 +05:30 INF] Executed DbCommand (14ms) [Parameters=[], CommandType='"Text"', CommandTimeout='30']
SELECT 1
[2022-05-11 14:32:06.509 +05:30 INF] Executed DbCommand (22ms) [Parameters=[], CommandType='"Text"', CommandTimeout='30']

IF EXISTS
    (SELECT *
     FROM [sys].[objects] o
     WHERE [o].[type] = 'U'
     AND [o].[is_ms_shipped] = 0
     AND NOT EXISTS (SELECT *
         FROM [sys].[extended_properties] AS [ep]
         WHERE [ep].[major_id] = [o].[object_id]
             AND [ep].[minor_id] = 0
             AND [ep].[class] = 1
             AND [ep].[name] = N'microsoft_database_tools_support'
    )
)
SELECT 1 ELSE SELECT 0
[2022-05-11 14:32:06.715 +05:30 INF] Executed DbCommand (2ms) [Parameters=[], CommandType='"Text"', CommandTimeout='30']
SELECT CASE
    WHEN EXISTS (
        SELECT 1
        FROM [Organisations] AS [o]) THEN CAST(1 AS bit)
    ELSE CAST(0 AS bit)
END
[2022-05-11 14:32:06.725 +05:30 INF] Executed DbCommand (2ms) [Parameters=[], CommandType='"Text"', CommandTimeout='30']
SELECT CASE
    WHEN EXISTS (
        SELECT 1
        FROM [Departments] AS [d]) THEN CAST(1 AS bit)
    ELSE CAST(0 AS bit)
END
[2022-05-11 14:32:06.732 +05:30 INF] Executed DbCommand (1ms) [Parameters=[], CommandType='"Text"', CommandTimeout='30']
SELECT CASE
    WHEN EXISTS (
        SELECT 1
        FROM [Designations] AS [d]) THEN CAST(1 AS bit)
    ELSE CAST(0 AS bit)
END
[2022-05-11 14:32:06.739 +05:30 INF] Executed DbCommand (1ms) [Parameters=[], CommandType='"Text"', CommandTimeout='30']
SELECT CASE
    WHEN EXISTS (
        SELECT 1
        FROM [Employees] AS [e]) THEN CAST(1 AS bit)
    ELSE CAST(0 AS bit)
END
[2022-05-11 14:32:06.747 +05:30 INF] Executed DbCommand (2ms) [Parameters=[], CommandType='"Text"', CommandTimeout='30']
SELECT CASE
    WHEN EXISTS (
        SELECT 1
        FROM [AwardTypes] AS [a]) THEN CAST(1 AS bit)
    ELSE CAST(0 AS bit)
END
[2022-05-11 14:32:06.929 +05:30 INF] Executed DbCommand (24ms) [Parameters=[@p0='?' (DbType = Int32), @p1='?' (DbType = DateTime2), @p2='?' (Size = 4000), @p3='?' (Size = 4000), @p4='?' (Size = 8000) (DbType = Binary), @p5='?' (DbType = Boolean), @p6='?' (DbType = Int32), @p7='?' (DbType = DateTime2)], CommandType='"Text"', CommandTimeout='30']
SET NOCOUNT ON;
INSERT INTO [AwardTypes] ([AddedBy], [AddedOn], [AwardDescription], [AwardName], [Image], [IsActive], [UpdatedBy], [UpdatedOn])
VALUES (@p0, @p1, @p2, @p3, @p4, @p5, @p6, @p7);
SELECT [Id]
FROM [AwardTypes]
WHERE @@ROWCOUNT = 1 AND [Id] = scope_identity();
[2022-05-11 14:32:06.950 +05:30 INF] Executed DbCommand (1ms) [Parameters=[@p0='?' (DbType = Int32), @p1='?' (DbType = DateTime2), @p2='?' (Size = 4000), @p3='?' (Size = 4000), @p4='?' (Size = 8000) (DbType = Binary), @p5='?' (DbType = Boolean), @p6='?' (DbType = Int32), @p7='?' (DbType = DateTime2)], CommandType='"Text"', CommandTimeout='30']
SET NOCOUNT ON;
INSERT INTO [AwardTypes] ([AddedBy], [AddedOn], [AwardDescription], [AwardName], [Image], [IsActive], [UpdatedBy], [UpdatedOn])
VALUES (@p0, @p1, @p2, @p3, @p4, @p5, @p6, @p7);
SELECT [Id]
FROM [AwardTypes]
WHERE @@ROWCOUNT = 1 AND [Id] = scope_identity();
[2022-05-11 14:32:06.952 +05:30 INF] Executed DbCommand (1ms) [Parameters=[@p0='?' (DbType = Int32), @p1='?' (DbType = DateTime2), @p2='?' (Size = 4000), @p3='?' (Size = 4000), @p4='?' (Size = 8000) (DbType = Binary), @p5='?' (DbType = Boolean), @p6='?' (DbType = Int32), @p7='?' (DbType = DateTime2)], CommandType='"Text"', CommandTimeout='30']
SET NOCOUNT ON;
INSERT INTO [AwardTypes] ([AddedBy], [AddedOn], [AwardDescription], [AwardName], [Image], [IsActive], [UpdatedBy], [UpdatedOn])
VALUES (@p0, @p1, @p2, @p3, @p4, @p5, @p6, @p7);
SELECT [Id]
FROM [AwardTypes]
WHERE @@ROWCOUNT = 1 AND [Id] = scope_identity();
[2022-05-11 14:32:06.975 +05:30 INF] Executed DbCommand (2ms) [Parameters=[], CommandType='"Text"', CommandTimeout='30']
SELECT CASE
    WHEN EXISTS (
        SELECT 1
        FROM [Statuses] AS [s]) THEN CAST(1 AS bit)
    ELSE CAST(0 AS bit)
END
[2022-05-11 14:32:06.982 +05:30 INF] Executed DbCommand (1ms) [Parameters=[], CommandType='"Text"', CommandTimeout='30']
SELECT CASE
    WHEN EXISTS (
        SELECT 1
        FROM [Awards] AS [a]) THEN CAST(1 AS bit)
    ELSE CAST(0 AS bit)
END
[2022-05-11 14:32:07.035 +05:30 INF] Executed DbCommand (2ms) [Parameters=[@p0='?' (DbType = Int32), @p1='?' (DbType = DateTime2), @p2='?' (DbType = Int32), @p3='?' (DbType = Int32), @p4='?' (DbType = Int32), @p5='?' (Size = 4000), @p6='?' (DbType = Int32), @p7='?' (Size = 4000), @p8='?' (Size = 4000), @p9='?' (DbType = Int32), @p10='?' (DbType = Int32), @p11='?' (DbType = Int32), @p12='?' (DbType = DateTime2)], CommandType='"Text"', CommandTimeout='30']
SET NOCOUNT ON;
INSERT INTO [Awards] ([AddedBy], [AddedOn], [ApproverId], [AwardTypeId], [AwardeeId], [CouponCode], [HRId], [Reason], [RejectedReason], [RequesterId], [StatusId], [UpdatedBy], [UpdatedOn])
VALUES (@p0, @p1, @p2, @p3, @p4, @p5, @p6, @p7, @p8, @p9, @p10, @p11, @p12);
SELECT [Id]
FROM [Awards]
WHERE @@ROWCOUNT = 1 AND [Id] = scope_identity();
[2022-05-11 14:32:07.058 +05:30 INF] User profile is available. Using 'C:\Users\dinesh.boopathy\AppData\Local\ASP.NET\DataProtection-Keys' as key repository and Windows DPAPI to encrypt keys at rest.
[2022-05-11 14:32:07.143 +05:30 INF] Now listening on: https://localhost:7275
[2022-05-11 14:32:07.143 +05:30 INF] Now listening on: http://localhost:5050
[2022-05-11 14:32:07.147 +05:30 INF] Application started. Press Ctrl+C to shut down.
[2022-05-11 14:32:07.148 +05:30 INF] Hosting environment: Development
[2022-05-11 14:32:07.148 +05:30 INF] Content root path: E:\Github\DedSecAPI\A5\
[2022-05-11 14:33:57.832 +05:30 INF] Request starting HTTP/2 GET https://localhost:7275/ - -
[2022-05-11 14:33:57.891 +05:30 INF] Request finished HTTP/2 GET https://localhost:7275/ - - - 404 0 - 61.7626ms
[2022-05-11 14:34:02.277 +05:30 INF] Request starting HTTP/2 GET https://localhost:7275/swagger - -
[2022-05-11 14:34:02.278 +05:30 INF] Request finished HTTP/2 GET https://localhost:7275/swagger - - - 301 0 - 1.5501ms
[2022-05-11 14:34:02.283 +05:30 INF] Request starting HTTP/2 GET https://localhost:7275/swagger/index.html - -
[2022-05-11 14:34:02.332 +05:30 INF] Request finished HTTP/2 GET https://localhost:7275/swagger/index.html - - - 200 - text/html;charset=utf-8 48.7164ms
[2022-05-11 14:34:02.349 +05:30 INF] Request starting HTTP/2 GET https://localhost:7275/swagger/swagger-ui.css - -
[2022-05-11 14:34:02.349 +05:30 INF] Request starting HTTP/2 GET https://localhost:7275/swagger/swagger-ui-bundle.js - -
[2022-05-11 14:34:02.351 +05:30 INF] Request starting HTTP/2 GET https://localhost:7275/swagger/swagger-ui-standalone-preset.js - -
[2022-05-11 14:34:02.375 +05:30 INF] Sending file. Request path: '/swagger-ui-bundle.js'. Physical path: 'N/A'
[2022-05-11 14:34:02.375 +05:30 INF] Sending file. Request path: '/swagger-ui.css'. Physical path: 'N/A'
[2022-05-11 14:34:02.375 +05:30 INF] Sending file. Request path: '/swagger-ui-standalone-preset.js'. Physical path: 'N/A'
[2022-05-11 14:34:02.376 +05:30 INF] Request finished HTTP/2 GET https://localhost:7275/swagger/swagger-ui-standalone-preset.js - - - 200 337162 application/javascript 25.2275ms
[2022-05-11 14:34:02.376 +05:30 INF] Request finished HTTP/2 GET https://localhost:7275/swagger/swagger-ui.css - - - 200 143632 text/css 27.0955ms
[2022-05-11 14:34:02.376 +05:30 INF] Request finished HTTP/2 GET https://localhost:7275/swagger/swagger-ui-bundle.js - - - 200 1092889 application/javascript 26.8589ms
[2022-05-11 14:34:04.270 +05:30 INF] Request starting HTTP/2 GET https://localhost:7275/swagger - -
[2022-05-11 14:34:04.270 +05:30 INF] Request finished HTTP/2 GET https://localhost:7275/swagger - - - 301 0 - 0.2081ms
[2022-05-11 14:34:04.277 +05:30 INF] Request starting HTTP/2 GET https://localhost:7275/swagger/index.html - -
[2022-05-11 14:34:04.277 +05:30 INF] Request finished HTTP/2 GET https://localhost:7275/swagger/index.html - - - 200 - text/html;charset=utf-8 0.7927ms
[2022-05-11 14:34:04.295 +05:30 INF] Request starting HTTP/2 GET https://localhost:7275/swagger/swagger-ui.css - -
[2022-05-11 14:34:04.296 +05:30 INF] Request starting HTTP/2 GET https://localhost:7275/swagger/swagger-ui-bundle.js - -
[2022-05-11 14:34:04.296 +05:30 INF] Request starting HTTP/2 GET https://localhost:7275/swagger/swagger-ui-standalone-preset.js - -
[2022-05-11 14:34:04.299 +05:30 INF] Sending file. Request path: '/swagger-ui.css'. Physical path: 'N/A'
[2022-05-11 14:34:04.301 +05:30 INF] Request finished HTTP/2 GET https://localhost:7275/swagger/swagger-ui.css - - - 200 143632 text/css 6.4503ms
[2022-05-11 14:34:04.302 +05:30 INF] Sending file. Request path: '/swagger-ui-standalone-preset.js'. Physical path: 'N/A'
[2022-05-11 14:34:04.302 +05:30 INF] Request finished HTTP/2 GET https://localhost:7275/swagger/swagger-ui-standalone-preset.js - - - 200 337162 application/javascript 5.9942ms
[2022-05-11 14:34:04.304 +05:30 INF] Sending file. Request path: '/swagger-ui-bundle.js'. Physical path: 'N/A'
[2022-05-11 14:34:04.304 +05:30 INF] Request finished HTTP/2 GET https://localhost:7275/swagger/swagger-ui-bundle.js - - - 200 1092889 application/javascript 8.3874ms
[2022-05-11 14:34:04.495 +05:30 INF] Request starting HTTP/2 GET https://localhost:7275/swagger/v1/swagger.json - -
[2022-05-11 14:34:04.577 +05:30 INF] Request finished HTTP/2 GET https://localhost:7275/swagger/v1/swagger.json - - - 200 - application/json;charset=utf-8 81.7314ms
[2022-05-11 14:34:08.231 +05:30 INF] Request starting HTTP/2 GET https://localhost:7275/api/AwardType/GetAll - -
[2022-05-11 14:34:08.240 +05:30 INF] Executing endpoint 'A5.Controller.AwardTypeController.GetAll (A5)'
[2022-05-11 14:34:08.250 +05:30 INF] Route matched with {action = "GetAll", controller = "AwardType"}. Executing controller action with signature Microsoft.AspNetCore.Mvc.ActionResult GetAll() on controller A5.Controller.AwardTypeController (A5).
[2022-05-11 14:34:08.254 +05:30 INF] Entity Framework Core 6.0.4 initialized 'AppDbContext' using provider 'Microsoft.EntityFrameworkCore.SqlServer:6.0.4' with options: None
[2022-05-11 14:34:08.327 +05:30 INF] Executed DbCommand (6ms) [Parameters=[], CommandType='"Text"', CommandTimeout='30']
SELECT [a].[Id], [a].[AddedBy], [a].[AddedOn], [a].[AwardDescription], [a].[AwardName], [a].[Image], [a].[IsActive], [a].[UpdatedBy], [a].[UpdatedOn]
FROM [AwardTypes] AS [a]
WHERE [a].[IsActive] = CAST(1 AS bit)
[2022-05-11 14:34:08.357 +05:30 ERR] An exception occurred while iterating over the results of a query for context type 'A5.Data.AppDbContext'.
System.Data.SqlTypes.SqlNullValueException: Data is Null. This method or property cannot be called on Null values.
   at Microsoft.Data.SqlClient.SqlBuffer.ThrowIfNull()
   at Microsoft.Data.SqlClient.SqlBuffer.get_Int32()
   at Microsoft.Data.SqlClient.SqlDataReader.GetInt32(Int32 i)
   at lambda_method258(Closure , QueryContext , DbDataReader , ResultContext , SingleQueryResultCoordinator )
   at Microsoft.EntityFrameworkCore.Query.Internal.SingleQueryingEnumerable`1.Enumerator.MoveNext()
System.Data.SqlTypes.SqlNullValueException: Data is Null. This method or property cannot be called on Null values.
   at Microsoft.Data.SqlClient.SqlBuffer.ThrowIfNull()
   at Microsoft.Data.SqlClient.SqlBuffer.get_Int32()
   at Microsoft.Data.SqlClient.SqlDataReader.GetInt32(Int32 i)
   at lambda_method258(Closure , QueryContext , DbDataReader , ResultContext , SingleQueryResultCoordinator )
   at Microsoft.EntityFrameworkCore.Query.Internal.SingleQueryingEnumerable`1.Enumerator.MoveNext()
[2022-05-11 14:34:08.360 +05:30 INF] Executing BadRequestObjectResult, writing value of type 'System.String'.
[2022-05-11 14:34:08.367 +05:30 INF] Executed action A5.Controller.AwardTypeController.GetAll (A5) in 110.737ms
[2022-05-11 14:34:08.367 +05:30 INF] Executed endpoint 'A5.Controller.AwardTypeController.GetAll (A5)'
[2022-05-11 14:34:08.371 +05:30 INF] Request finished HTTP/2 GET https://localhost:7275/api/AwardType/GetAll - - - 400 - text/plain;+charset=utf-8 139.7008ms
[2022-05-11 14:34:51.164 +05:30 INF] Request starting HTTP/2 GET https://localhost:7275/api/AwardType/GetAll - -
[2022-05-11 14:34:51.166 +05:30 INF] Executing endpoint 'A5.Controller.AwardTypeController.GetAll (A5)'
[2022-05-11 14:34:51.167 +05:30 INF] Route matched with {action = "GetAll", controller = "AwardType"}. Executing controller action with signature Microsoft.AspNetCore.Mvc.ActionResult GetAll() on controller A5.Controller.AwardTypeController (A5).
[2022-05-11 14:34:51.216 +05:30 INF] Entity Framework Core 6.0.4 initialized 'AppDbContext' using provider 'Microsoft.EntityFrameworkCore.SqlServer:6.0.4' with options: None
[2022-05-11 14:34:51.261 +05:30 INF] Executed DbCommand (1ms) [Parameters=[], CommandType='"Text"', CommandTimeout='30']
SELECT [a].[Id], [a].[AddedBy], [a].[AddedOn], [a].[AwardDescription], [a].[AwardName], [a].[Image], [a].[IsActive], [a].[UpdatedBy], [a].[UpdatedOn]
FROM [AwardTypes] AS [a]
WHERE [a].[IsActive] = CAST(1 AS bit)
[2022-05-11 14:34:51.263 +05:30 INF] Executing OkObjectResult, writing value of type 'System.Collections.Generic.List`1[[A5.Models.AwardType, A5, Version=1.0.0.0, Culture=neutral, PublicKeyToken=null]]'.
[2022-05-11 14:34:51.362 +05:30 INF] Executed action A5.Controller.AwardTypeController.GetAll (A5) in 195.292ms
[2022-05-11 14:34:51.362 +05:30 INF] Executed endpoint 'A5.Controller.AwardTypeController.GetAll (A5)'
[2022-05-11 14:34:51.363 +05:30 INF] Request finished HTTP/2 GET https://localhost:7275/api/AwardType/GetAll - - - 200 630 application/json;+charset=utf-8 199.0622ms
[2022-05-11 14:35:05.623 +05:30 INF] Request starting HTTP/2 GET https://localhost:7275/api/Designation/GetAll - -
[2022-05-11 14:35:05.624 +05:30 INF] Executing endpoint 'A5.Controller.DesignationController.GetAllDesignation (A5)'
[2022-05-11 14:35:05.625 +05:30 INF] Route matched with {action = "GetAllDesignation", controller = "Designation"}. Executing controller action with signature Microsoft.AspNetCore.Mvc.ActionResult GetAllDesignation() on controller A5.Controller.DesignationController (A5).
[2022-05-11 14:35:05.627 +05:30 INF] Entity Framework Core 6.0.4 initialized 'AppDbContext' using provider 'Microsoft.EntityFrameworkCore.SqlServer:6.0.4' with options: None
[2022-05-11 14:35:05.640 +05:30 INF] Executed DbCommand (4ms) [Parameters=[], CommandType='"Text"', CommandTimeout='30']
SELECT [d].[Id], [d].[AddedBy], [d].[AddedOn], [d].[DepartmentId], [d].[DesignationName], [d].[IsActive], [d].[UpdatedBy], [d].[UpdatedOn]
FROM [Designations] AS [d]
WHERE [d].[IsActive] = CAST(1 AS bit)
[2022-05-11 14:35:05.656 +05:30 INF] Executing OkObjectResult, writing value of type 'System.Collections.Generic.List`1[[A5.Models.Designation, A5, Version=1.0.0.0, Culture=neutral, PublicKeyToken=null]]'.
[2022-05-11 14:35:05.661 +05:30 INF] Executed action A5.Controller.DesignationController.GetAllDesignation (A5) in 36.0521ms
[2022-05-11 14:35:05.661 +05:30 INF] Executed endpoint 'A5.Controller.DesignationController.GetAllDesignation (A5)'
[2022-05-11 14:35:05.662 +05:30 INF] Request finished HTTP/2 GET https://localhost:7275/api/Designation/GetAll - - - 200 1172 application/json;+charset=utf-8 38.1871ms
[2022-05-11 14:35:15.387 +05:30 INF] Request starting HTTP/2 GET https://localhost:7275/api/Department/GetAll - -
[2022-05-11 14:35:15.388 +05:30 INF] Executing endpoint 'A5.Controller.DepartmentController.GetAllDepartment (A5)'
[2022-05-11 14:35:15.388 +05:30 INF] Route matched with {action = "GetAllDepartment", controller = "Department"}. Executing controller action with signature Microsoft.AspNetCore.Mvc.ActionResult GetAllDepartment() on controller A5.Controller.DepartmentController (A5).
[2022-05-11 14:35:15.390 +05:30 INF] Entity Framework Core 6.0.4 initialized 'AppDbContext' using provider 'Microsoft.EntityFrameworkCore.SqlServer:6.0.4' with options: None
[2022-05-11 14:35:15.408 +05:30 INF] Executed DbCommand (8ms) [Parameters=[], CommandType='"Text"', CommandTimeout='30']
SELECT [d].[Id], [d].[AddedBy], [d].[AddedOn], [d].[DepartmentName], [d].[IsActive], [d].[OrganisationId], [d].[UpdatedBy], [d].[UpdatedOn]
FROM [Departments] AS [d]
WHERE [d].[IsActive] = CAST(1 AS bit)
[2022-05-11 14:35:15.423 +05:30 INF] Executing OkObjectResult, writing value of type 'System.Collections.Generic.List`1[[A5.Models.Department, A5, Version=1.0.0.0, Culture=neutral, PublicKeyToken=null]]'.
[2022-05-11 14:35:15.427 +05:30 INF] Executed action A5.Controller.DepartmentController.GetAllDepartment (A5) in 38.3732ms
[2022-05-11 14:35:15.427 +05:30 INF] Executed endpoint 'A5.Controller.DepartmentController.GetAllDepartment (A5)'
[2022-05-11 14:35:15.427 +05:30 INF] Request finished HTTP/2 GET https://localhost:7275/api/Department/GetAll - - - 200 657 application/json;+charset=utf-8 39.6533ms
[2022-05-11 14:35:38.324 +05:30 INF] Request starting HTTP/2 GET https://localhost:7275/api/Employee/GetAll - -
[2022-05-11 14:35:38.324 +05:30 INF] Executing endpoint 'A5.Controller.EmployeeController.GetAllEmployees (A5)'
[2022-05-11 14:35:38.325 +05:30 INF] Route matched with {action = "GetAllEmployees", controller = "Employee"}. Executing controller action with signature Microsoft.AspNetCore.Mvc.ActionResult GetAllEmployees() on controller A5.Controller.EmployeeController (A5).
[2022-05-11 14:35:38.326 +05:30 INF] Entity Framework Core 6.0.4 initialized 'AppDbContext' using provider 'Microsoft.EntityFrameworkCore.SqlServer:6.0.4' with options: None
[2022-05-11 14:35:38.349 +05:30 INF] Executed DbCommand (6ms) [Parameters=[], CommandType='"Text"', CommandTimeout='30']
SELECT [e].[Id], [e].[ACEID], [e].[AddedBy], [e].[AddedOn], [e].[DOB], [e].[DepartmentId], [e].[DesignationId], [e].[Email], [e].[FirstName], [e].[HRId], [e].[IsActive], [e].[LastName], [e].[OrganisationId], [e].[Password], [e].[ReportingPersonId], [e].[UpdatedBy], [e].[UpdatedOn]
FROM [Employees] AS [e]
WHERE [e].[IsActive] = CAST(1 AS bit)
[2022-05-11 14:35:38.387 +05:30 INF] Executing OkObjectResult, writing value of type 'System.Collections.Generic.List`1[[A5.Models.Employee, A5, Version=1.0.0.0, Culture=neutral, PublicKeyToken=null]]'.
[2022-05-11 14:35:38.429 +05:30 INF] Executed action A5.Controller.EmployeeController.GetAllEmployees (A5) in 103.5642ms
[2022-05-11 14:35:38.429 +05:30 INF] Executed endpoint 'A5.Controller.EmployeeController.GetAllEmployees (A5)'
[2022-05-11 14:35:38.429 +05:30 INF] Request finished HTTP/2 GET https://localhost:7275/api/Employee/GetAll - - - 200 72921 application/json;+charset=utf-8 105.5227ms
[2022-05-11 14:37:05.102 +05:30 INF] Application is shutting down...
[2022-05-11 14:37:10.345 +05:30 INF] Entity Framework Core 6.0.4 initialized 'AppDbContext' using provider 'Microsoft.EntityFrameworkCore.SqlServer:6.0.4' with options: None
[2022-05-11 14:37:10.652 +05:30 INF] Executed DbCommand (16ms) [Parameters=[], CommandType='"Text"', CommandTimeout='30']
SELECT 1
[2022-05-11 14:37:10.694 +05:30 INF] Executed DbCommand (30ms) [Parameters=[], CommandType='"Text"', CommandTimeout='30']

IF EXISTS
    (SELECT *
     FROM [sys].[objects] o
     WHERE [o].[type] = 'U'
     AND [o].[is_ms_shipped] = 0
     AND NOT EXISTS (SELECT *
         FROM [sys].[extended_properties] AS [ep]
         WHERE [ep].[major_id] = [o].[object_id]
             AND [ep].[minor_id] = 0
             AND [ep].[class] = 1
             AND [ep].[name] = N'microsoft_database_tools_support'
    )
)
SELECT 1 ELSE SELECT 0
[2022-05-11 14:37:10.913 +05:30 INF] Executed DbCommand (3ms) [Parameters=[], CommandType='"Text"', CommandTimeout='30']
SELECT CASE
    WHEN EXISTS (
        SELECT 1
        FROM [Organisations] AS [o]) THEN CAST(1 AS bit)
    ELSE CAST(0 AS bit)
END
[2022-05-11 14:37:10.928 +05:30 INF] Executed DbCommand (2ms) [Parameters=[], CommandType='"Text"', CommandTimeout='30']
SELECT CASE
    WHEN EXISTS (
        SELECT 1
        FROM [Departments] AS [d]) THEN CAST(1 AS bit)
    ELSE CAST(0 AS bit)
END
[2022-05-11 14:37:10.936 +05:30 INF] Executed DbCommand (2ms) [Parameters=[], CommandType='"Text"', CommandTimeout='30']
SELECT CASE
    WHEN EXISTS (
        SELECT 1
        FROM [Designations] AS [d]) THEN CAST(1 AS bit)
    ELSE CAST(0 AS bit)
END
[2022-05-11 14:37:10.945 +05:30 INF] Executed DbCommand (1ms) [Parameters=[], CommandType='"Text"', CommandTimeout='30']
SELECT CASE
    WHEN EXISTS (
        SELECT 1
        FROM [Employees] AS [e]) THEN CAST(1 AS bit)
    ELSE CAST(0 AS bit)
END
[2022-05-11 14:37:10.951 +05:30 INF] Executed DbCommand (1ms) [Parameters=[], CommandType='"Text"', CommandTimeout='30']
SELECT CASE
    WHEN EXISTS (
        SELECT 1
        FROM [AwardTypes] AS [a]) THEN CAST(1 AS bit)
    ELSE CAST(0 AS bit)
END
[2022-05-11 14:37:10.959 +05:30 INF] Executed DbCommand (1ms) [Parameters=[], CommandType='"Text"', CommandTimeout='30']
SELECT CASE
    WHEN EXISTS (
        SELECT 1
        FROM [Statuses] AS [s]) THEN CAST(1 AS bit)
    ELSE CAST(0 AS bit)
END
[2022-05-11 14:37:10.967 +05:30 INF] Executed DbCommand (1ms) [Parameters=[], CommandType='"Text"', CommandTimeout='30']
SELECT CASE
    WHEN EXISTS (
        SELECT 1
        FROM [Awards] AS [a]) THEN CAST(1 AS bit)
    ELSE CAST(0 AS bit)
END
[2022-05-11 14:37:10.985 +05:30 INF] User profile is available. Using 'C:\Users\dinesh.boopathy\AppData\Local\ASP.NET\DataProtection-Keys' as key repository and Windows DPAPI to encrypt keys at rest.
[2022-05-11 14:37:11.074 +05:30 INF] Now listening on: https://localhost:7275
[2022-05-11 14:37:11.075 +05:30 INF] Now listening on: http://localhost:5050
[2022-05-11 14:37:11.080 +05:30 INF] Application started. Press Ctrl+C to shut down.
[2022-05-11 14:37:11.080 +05:30 INF] Hosting environment: Development
[2022-05-11 14:37:11.080 +05:30 INF] Content root path: E:\Github\DedSecAPI\A5\
[2022-05-11 14:39:05.339 +05:30 INF] Request starting HTTP/2 POST https://localhost:7275/api/AwardType/Create application/json-patch+json 241
[2022-05-11 14:39:05.383 +05:30 INF] CORS policy execution successful.
[2022-05-11 14:39:05.386 +05:30 INF] Executing endpoint 'A5.Controller.AwardTypeController.Create (A5)'
[2022-05-11 14:39:05.406 +05:30 INF] Route matched with {action = "Create", controller = "AwardType"}. Executing controller action with signature Microsoft.AspNetCore.Mvc.ActionResult Create(A5.Models.AwardType) on controller A5.Controller.AwardTypeController (A5).
[2022-05-11 14:39:05.525 +05:30 INF] Entity Framework Core 6.0.4 initialized 'AppDbContext' using provider 'Microsoft.EntityFrameworkCore.SqlServer:6.0.4' with options: None
[2022-05-11 14:39:05.720 +05:30 INF] Executed DbCommand (23ms) [Parameters=[@p0='?' (DbType = Int32), @p1='?' (DbType = DateTime2), @p2='?' (Size = 4000), @p3='?' (Size = 4000), @p4='?' (Size = 8000) (DbType = Binary), @p5='?' (DbType = Boolean), @p6='?' (DbType = Int32), @p7='?' (DbType = DateTime2)], CommandType='"Text"', CommandTimeout='30']
SET NOCOUNT ON;
INSERT INTO [AwardTypes] ([AddedBy], [AddedOn], [AwardDescription], [AwardName], [Image], [IsActive], [UpdatedBy], [UpdatedOn])
VALUES (@p0, @p1, @p2, @p3, @p4, @p5, @p6, @p7);
SELECT [Id]
FROM [AwardTypes]
WHERE @@ROWCOUNT = 1 AND [Id] = scope_identity();
[2022-05-11 14:39:05.764 +05:30 INF] Executing OkObjectResult, writing value of type 'System.Boolean'.
[2022-05-11 14:39:05.792 +05:30 INF] Executed action A5.Controller.AwardTypeController.Create (A5) in 381.06ms
[2022-05-11 14:39:05.792 +05:30 INF] Executed endpoint 'A5.Controller.AwardTypeController.Create (A5)'
[2022-05-11 14:39:05.797 +05:30 INF] Request finished HTTP/2 POST https://localhost:7275/api/AwardType/Create application/json-patch+json 241 - 200 4 application/json;+charset=utf-8 460.4713ms
[2022-05-11 14:40:10.883 +05:30 INF] Request starting HTTP/2 POST https://localhost:7275/api/AwardType/Create application/json-patch+json 205
[2022-05-11 14:40:10.885 +05:30 INF] CORS policy execution successful.
[2022-05-11 14:40:10.886 +05:30 INF] Executing endpoint 'A5.Controller.AwardTypeController.Create (A5)'
[2022-05-11 14:40:10.886 +05:30 INF] Route matched with {action = "Create", controller = "AwardType"}. Executing controller action with signature Microsoft.AspNetCore.Mvc.ActionResult Create(A5.Models.AwardType) on controller A5.Controller.AwardTypeController (A5).
[2022-05-11 14:40:10.888 +05:30 INF] Executing BadRequestObjectResult, writing value of type 'Microsoft.AspNetCore.Mvc.ValidationProblemDetails'.
[2022-05-11 14:40:10.923 +05:30 INF] Executed action A5.Controller.AwardTypeController.Create (A5) in 37.5858ms
[2022-05-11 14:40:10.923 +05:30 INF] Executed endpoint 'A5.Controller.AwardTypeController.Create (A5)'
[2022-05-11 14:40:10.924 +05:30 INF] Request finished HTTP/2 POST https://localhost:7275/api/AwardType/Create application/json-patch+json 205 - 400 251 application/problem+json;+charset=utf-8 40.8733ms
[2022-05-11 14:40:25.962 +05:30 INF] Request starting HTTP/2 POST https://localhost:7275/api/AwardType/Create application/json-patch+json 203
[2022-05-11 14:40:25.964 +05:30 INF] CORS policy execution successful.
[2022-05-11 14:40:25.964 +05:30 INF] Executing endpoint 'A5.Controller.AwardTypeController.Create (A5)'
[2022-05-11 14:40:25.964 +05:30 INF] Route matched with {action = "Create", controller = "AwardType"}. Executing controller action with signature Microsoft.AspNetCore.Mvc.ActionResult Create(A5.Models.AwardType) on controller A5.Controller.AwardTypeController (A5).
[2022-05-11 14:40:25.971 +05:30 INF] Executing BadRequestObjectResult, writing value of type 'Microsoft.AspNetCore.Mvc.ValidationProblemDetails'.
[2022-05-11 14:40:25.972 +05:30 INF] Executed action A5.Controller.AwardTypeController.Create (A5) in 7.5836ms
[2022-05-11 14:40:25.972 +05:30 INF] Executed endpoint 'A5.Controller.AwardTypeController.Create (A5)'
[2022-05-11 14:40:25.972 +05:30 INF] Request finished HTTP/2 POST https://localhost:7275/api/AwardType/Create application/json-patch+json 203 - 400 363 application/problem+json;+charset=utf-8 9.7973ms
[2022-05-11 14:40:35.946 +05:30 INF] Request starting HTTP/2 POST https://localhost:7275/api/AwardType/Create application/json-patch+json 204
[2022-05-11 14:40:35.946 +05:30 INF] CORS policy execution successful.
[2022-05-11 14:40:35.946 +05:30 INF] Executing endpoint 'A5.Controller.AwardTypeController.Create (A5)'
[2022-05-11 14:40:35.946 +05:30 INF] Route matched with {action = "Create", controller = "AwardType"}. Executing controller action with signature Microsoft.AspNetCore.Mvc.ActionResult Create(A5.Models.AwardType) on controller A5.Controller.AwardTypeController (A5).
[2022-05-11 14:40:36.000 +05:30 INF] Entity Framework Core 6.0.4 initialized 'AppDbContext' using provider 'Microsoft.EntityFrameworkCore.SqlServer:6.0.4' with options: None
[2022-05-11 14:40:36.008 +05:30 INF] Executed DbCommand (3ms) [Parameters=[@p0='?' (DbType = Int32), @p1='?' (DbType = DateTime2), @p2='?' (Size = 4000), @p3='?' (Size = 4000), @p4='?' (Size = 8000) (DbType = Binary), @p5='?' (DbType = Boolean), @p6='?' (DbType = Int32), @p7='?' (DbType = DateTime2)], CommandType='"Text"', CommandTimeout='30']
SET NOCOUNT ON;
INSERT INTO [AwardTypes] ([AddedBy], [AddedOn], [AwardDescription], [AwardName], [Image], [IsActive], [UpdatedBy], [UpdatedOn])
VALUES (@p0, @p1, @p2, @p3, @p4, @p5, @p6, @p7);
SELECT [Id]
FROM [AwardTypes]
WHERE @@ROWCOUNT = 1 AND [Id] = scope_identity();
[2022-05-11 14:40:36.012 +05:30 INF] Executing OkObjectResult, writing value of type 'System.Boolean'.
[2022-05-11 14:40:36.012 +05:30 INF] Executed action A5.Controller.AwardTypeController.Create (A5) in 66.0745ms
[2022-05-11 14:40:36.012 +05:30 INF] Executed endpoint 'A5.Controller.AwardTypeController.Create (A5)'
[2022-05-11 14:40:36.013 +05:30 INF] Request finished HTTP/2 POST https://localhost:7275/api/AwardType/Create application/json-patch+json 204 - 200 4 application/json;+charset=utf-8 66.6181ms
[2022-05-11 14:40:43.900 +05:30 INF] Request starting HTTP/2 GET https://localhost:7275/api/AwardType/GetAll - -
[2022-05-11 14:40:43.907 +05:30 INF] Executing endpoint 'A5.Controller.AwardTypeController.GetAll (A5)'
[2022-05-11 14:40:43.908 +05:30 INF] Route matched with {action = "GetAll", controller = "AwardType"}. Executing controller action with signature Microsoft.AspNetCore.Mvc.ActionResult GetAll() on controller A5.Controller.AwardTypeController (A5).
[2022-05-11 14:40:43.909 +05:30 INF] Entity Framework Core 6.0.4 initialized 'AppDbContext' using provider 'Microsoft.EntityFrameworkCore.SqlServer:6.0.4' with options: None
[2022-05-11 14:40:43.973 +05:30 INF] Executed DbCommand (1ms) [Parameters=[], CommandType='"Text"', CommandTimeout='30']
SELECT [a].[Id], [a].[AddedBy], [a].[AddedOn], [a].[AwardDescription], [a].[AwardName], [a].[Image], [a].[IsActive], [a].[UpdatedBy], [a].[UpdatedOn]
FROM [AwardTypes] AS [a]
WHERE [a].[IsActive] = CAST(1 AS bit)
[2022-05-11 14:40:43.983 +05:30 INF] Executing OkObjectResult, writing value of type 'System.Collections.Generic.List`1[[A5.Models.AwardType, A5, Version=1.0.0.0, Culture=neutral, PublicKeyToken=null]]'.
[2022-05-11 14:40:43.988 +05:30 INF] Executed action A5.Controller.AwardTypeController.GetAll (A5) in 79.9258ms
[2022-05-11 14:40:43.988 +05:30 INF] Executed endpoint 'A5.Controller.AwardTypeController.GetAll (A5)'
[2022-05-11 14:40:43.988 +05:30 INF] Request finished HTTP/2 GET https://localhost:7275/api/AwardType/GetAll - - - 200 1002 application/json;+charset=utf-8 88.5442ms
[2022-05-11 14:41:21.449 +05:30 INF] Application is shutting down...
[2022-05-11 14:41:29.104 +05:30 INF] Entity Framework Core 6.0.4 initialized 'AppDbContext' using provider 'Microsoft.EntityFrameworkCore.SqlServer:6.0.4' with options: None
[2022-05-11 14:41:29.378 +05:30 INF] Executed DbCommand (14ms) [Parameters=[], CommandType='"Text"', CommandTimeout='30']
SELECT 1
[2022-05-11 14:41:29.408 +05:30 INF] Executed DbCommand (13ms) [Parameters=[], CommandType='"Text"', CommandTimeout='30']
SELECT OBJECT_ID(N'[__EFMigrationsHistory]');
[2022-05-11 14:41:29.413 +05:30 INF] Executed DbCommand (0ms) [Parameters=[], CommandType='"Text"', CommandTimeout='30']
SELECT 1
[2022-05-11 14:41:29.418 +05:30 INF] Executed DbCommand (1ms) [Parameters=[], CommandType='"Text"', CommandTimeout='30']
SELECT OBJECT_ID(N'[__EFMigrationsHistory]');
[2022-05-11 14:41:29.443 +05:30 INF] Executed DbCommand (5ms) [Parameters=[], CommandType='"Text"', CommandTimeout='30']
SELECT [MigrationId], [ProductVersion]
FROM [__EFMigrationsHistory]
ORDER BY [MigrationId];
[2022-05-11 14:41:29.461 +05:30 INF] No migrations were applied. The database is already up to date.
[2022-05-11 14:41:46.675 +05:30 INF] Entity Framework Core 6.0.4 initialized 'AppDbContext' using provider 'Microsoft.EntityFrameworkCore.SqlServer:6.0.4' with options: None
