[2022-05-17 10:58:08.101 +05:30 INF] Entity Framework Core 6.0.4 initialized 'AppDbContext' using provider 'Microsoft.EntityFrameworkCore.SqlServer:6.0.4' with options: None
[2022-05-17 10:58:10.233 +05:30 INF] Executed DbCommand (277ms) [Parameters=[], CommandType='"Text"', CommandTimeout='30']
SELECT 1
[2022-05-17 10:58:12.455 +05:30 INF] Executed DbCommand (2,157ms) [Parameters=[], CommandType='"Text"', CommandTimeout='30']

IF EXISTS
    (SELECT *
     FROM [sys].[objects] o
     WHERE [o].[type] = 'U'
     AND [o].[is_ms_shipped] = 0
     AND NOT EXISTS (SELECT *
         FROM [sys].[extended_properties] AS [ep]
         WHERE [ep].[major_id] = [o].[object_id]
             AND [ep].[minor_id] = 0
             AND [ep].[class] = 1
             AND [ep].[name] = N'microsoft_database_tools_support'
    )
)
SELECT 1 ELSE SELECT 0
[2022-05-17 10:58:13.671 +05:30 INF] Executed DbCommand (98ms) [Parameters=[], CommandType='"Text"', CommandTimeout='30']
SELECT CASE
    WHEN EXISTS (
        SELECT 1
        FROM [Organisations] AS [o]) THEN CAST(1 AS bit)
    ELSE CAST(0 AS bit)
END
[2022-05-17 10:58:13.784 +05:30 INF] Executed DbCommand (72ms) [Parameters=[], CommandType='"Text"', CommandTimeout='30']
SELECT CASE
    WHEN EXISTS (
        SELECT 1
        FROM [Departments] AS [d]) THEN CAST(1 AS bit)
    ELSE CAST(0 AS bit)
END
[2022-05-17 10:58:13.961 +05:30 INF] Executed DbCommand (41ms) [Parameters=[], CommandType='"Text"', CommandTimeout='30']
SELECT CASE
    WHEN EXISTS (
        SELECT 1
        FROM [Designations] AS [d]) THEN CAST(1 AS bit)
    ELSE CAST(0 AS bit)
END
[2022-05-17 10:58:14.176 +05:30 INF] Executed DbCommand (172ms) [Parameters=[], CommandType='"Text"', CommandTimeout='30']
SELECT CASE
    WHEN EXISTS (
        SELECT 1
        FROM [Employees] AS [e]) THEN CAST(1 AS bit)
    ELSE CAST(0 AS bit)
END
[2022-05-17 10:58:14.456 +05:30 INF] Executed DbCommand (233ms) [Parameters=[], CommandType='"Text"', CommandTimeout='30']
SELECT CASE
    WHEN EXISTS (
        SELECT 1
        FROM [AwardTypes] AS [a]) THEN CAST(1 AS bit)
    ELSE CAST(0 AS bit)
END
[2022-05-17 10:58:14.618 +05:30 INF] Executed DbCommand (69ms) [Parameters=[], CommandType='"Text"', CommandTimeout='30']
SELECT CASE
    WHEN EXISTS (
        SELECT 1
        FROM [Statuses] AS [s]) THEN CAST(1 AS bit)
    ELSE CAST(0 AS bit)
END
[2022-05-17 10:58:14.800 +05:30 INF] Executed DbCommand (59ms) [Parameters=[], CommandType='"Text"', CommandTimeout='30']
SELECT CASE
    WHEN EXISTS (
        SELECT 1
        FROM [Awards] AS [a]) THEN CAST(1 AS bit)
    ELSE CAST(0 AS bit)
END
[2022-05-17 10:58:14.930 +05:30 INF] User profile is available. Using 'C:\Users\ELCOT\AppData\Local\ASP.NET\DataProtection-Keys' as key repository and Windows DPAPI to encrypt keys at rest.
[2022-05-17 10:58:16.180 +05:30 INF] Now listening on: https://localhost:7275
[2022-05-17 10:58:16.180 +05:30 INF] Now listening on: http://localhost:5050
[2022-05-17 10:58:16.191 +05:30 INF] Application started. Press Ctrl+C to shut down.
[2022-05-17 10:58:16.191 +05:30 INF] Hosting environment: Development
[2022-05-17 10:58:16.191 +05:30 INF] Content root path: D:\GitHub\DedSecAPI\A5\
[2022-05-17 11:01:13.059 +05:30 INF] Request starting HTTP/1.1 GET http://localhost:5050/ - -
[2022-05-17 11:01:21.394 +05:30 INF] Request finished HTTP/1.1 GET http://localhost:5050/ - - - 307 0 - 8363.0799ms
[2022-05-17 12:03:15.727 +05:30 INF] Application is shutting down...
[2022-05-17 12:04:20.837 +05:30 INF] Entity Framework Core 6.0.4 initialized 'AppDbContext' using provider 'Microsoft.EntityFrameworkCore.SqlServer:6.0.4' with options: None
[2022-05-17 12:04:21.747 +05:30 INF] Executed DbCommand (37ms) [Parameters=[], CommandType='"Text"', CommandTimeout='30']
SELECT 1
[2022-05-17 12:04:22.430 +05:30 INF] Executed DbCommand (625ms) [Parameters=[], CommandType='"Text"', CommandTimeout='30']

IF EXISTS
    (SELECT *
     FROM [sys].[objects] o
     WHERE [o].[type] = 'U'
     AND [o].[is_ms_shipped] = 0
     AND NOT EXISTS (SELECT *
         FROM [sys].[extended_properties] AS [ep]
         WHERE [ep].[major_id] = [o].[object_id]
             AND [ep].[minor_id] = 0
             AND [ep].[class] = 1
             AND [ep].[name] = N'microsoft_database_tools_support'
    )
)
SELECT 1 ELSE SELECT 0
[2022-05-17 12:04:23.209 +05:30 INF] Executed DbCommand (28ms) [Parameters=[], CommandType='"Text"', CommandTimeout='30']
SELECT CASE
    WHEN EXISTS (
        SELECT 1
        FROM [Organisations] AS [o]) THEN CAST(1 AS bit)
    ELSE CAST(0 AS bit)
END
[2022-05-17 12:04:23.346 +05:30 INF] Executed DbCommand (3ms) [Parameters=[], CommandType='"Text"', CommandTimeout='30']
SELECT CASE
    WHEN EXISTS (
        SELECT 1
        FROM [Departments] AS [d]) THEN CAST(1 AS bit)
    ELSE CAST(0 AS bit)
END
[2022-05-17 12:04:23.480 +05:30 INF] Executed DbCommand (38ms) [Parameters=[], CommandType='"Text"', CommandTimeout='30']
SELECT CASE
    WHEN EXISTS (
        SELECT 1
        FROM [Designations] AS [d]) THEN CAST(1 AS bit)
    ELSE CAST(0 AS bit)
END
[2022-05-17 12:04:23.666 +05:30 INF] Executed DbCommand (78ms) [Parameters=[], CommandType='"Text"', CommandTimeout='30']
SELECT CASE
    WHEN EXISTS (
        SELECT 1
        FROM [Employees] AS [e]) THEN CAST(1 AS bit)
    ELSE CAST(0 AS bit)
END
[2022-05-17 12:04:23.830 +05:30 INF] Executed DbCommand (77ms) [Parameters=[], CommandType='"Text"', CommandTimeout='30']
SELECT CASE
    WHEN EXISTS (
        SELECT 1
        FROM [AwardTypes] AS [a]) THEN CAST(1 AS bit)
    ELSE CAST(0 AS bit)
END
[2022-05-17 12:04:24.015 +05:30 INF] Executed DbCommand (10ms) [Parameters=[], CommandType='"Text"', CommandTimeout='30']
SELECT CASE
    WHEN EXISTS (
        SELECT 1
        FROM [Statuses] AS [s]) THEN CAST(1 AS bit)
    ELSE CAST(0 AS bit)
END
[2022-05-17 12:04:24.159 +05:30 INF] Executed DbCommand (6ms) [Parameters=[], CommandType='"Text"', CommandTimeout='30']
SELECT CASE
    WHEN EXISTS (
        SELECT 1
        FROM [Awards] AS [a]) THEN CAST(1 AS bit)
    ELSE CAST(0 AS bit)
END
[2022-05-17 12:04:24.247 +05:30 INF] User profile is available. Using 'C:\Users\ELCOT\AppData\Local\ASP.NET\DataProtection-Keys' as key repository and Windows DPAPI to encrypt keys at rest.
[2022-05-17 12:04:25.364 +05:30 INF] Now listening on: https://localhost:7275
[2022-05-17 12:04:25.364 +05:30 INF] Now listening on: http://localhost:5050
[2022-05-17 12:04:25.375 +05:30 INF] Application started. Press Ctrl+C to shut down.
[2022-05-17 12:04:25.375 +05:30 INF] Hosting environment: Development
[2022-05-17 12:04:25.375 +05:30 INF] Content root path: D:\GitHub\DedSecAPI\A5\
[2022-05-17 12:05:59.827 +05:30 INF] Request starting HTTP/2 GET https://localhost:7275/ - -
[2022-05-17 12:06:00.155 +05:30 INF] Request finished HTTP/2 GET https://localhost:7275/ - - - 404 0 - 519.3720ms
[2022-05-17 12:06:10.342 +05:30 INF] Request starting HTTP/2 GET https://localhost:7275/swagger - -
[2022-05-17 12:06:10.363 +05:30 INF] Request finished HTTP/2 GET https://localhost:7275/swagger - - - 301 0 - 20.5851ms
[2022-05-17 12:06:10.382 +05:30 INF] Request starting HTTP/2 GET https://localhost:7275/swagger/index.html - -
[2022-05-17 12:06:11.055 +05:30 INF] Request finished HTTP/2 GET https://localhost:7275/swagger/index.html - - - 200 - text/html;charset=utf-8 673.2569ms
[2022-05-17 12:06:11.313 +05:30 INF] Request starting HTTP/2 GET https://localhost:7275/swagger/swagger-ui.css - -
[2022-05-17 12:06:11.420 +05:30 INF] Request starting HTTP/2 GET https://localhost:7275/swagger/swagger-ui-bundle.js - -
[2022-05-17 12:06:11.420 +05:30 INF] Request starting HTTP/2 GET https://localhost:7275/swagger/swagger-ui-standalone-preset.js - -
[2022-05-17 12:06:11.722 +05:30 INF] Sending file. Request path: '/swagger-ui.css'. Physical path: 'N/A'
[2022-05-17 12:06:11.727 +05:30 INF] Request finished HTTP/2 GET https://localhost:7275/swagger/swagger-ui.css - - - 200 143632 text/css 413.6779ms
[2022-05-17 12:06:11.792 +05:30 INF] Sending file. Request path: '/swagger-ui-standalone-preset.js'. Physical path: 'N/A'
[2022-05-17 12:06:11.794 +05:30 INF] Request finished HTTP/2 GET https://localhost:7275/swagger/swagger-ui-standalone-preset.js - - - 200 337162 application/javascript 372.6432ms
[2022-05-17 12:06:11.823 +05:30 INF] Sending file. Request path: '/swagger-ui-bundle.js'. Physical path: 'N/A'
[2022-05-17 12:06:11.824 +05:30 INF] Request finished HTTP/2 GET https://localhost:7275/swagger/swagger-ui-bundle.js - - - 200 1092889 application/javascript 404.1772ms
[2022-05-17 12:06:12.645 +05:30 INF] Request starting HTTP/2 GET https://localhost:7275/swagger/v1/swagger.json - -
[2022-05-17 12:06:12.993 +05:30 INF] Request starting HTTP/2 GET https://localhost:7275/swagger/favicon-32x32.png - -
[2022-05-17 12:06:12.993 +05:30 INF] Sending file. Request path: '/favicon-32x32.png'. Physical path: 'N/A'
[2022-05-17 12:06:12.994 +05:30 INF] Request finished HTTP/2 GET https://localhost:7275/swagger/favicon-32x32.png - - - 200 628 image/png 1.3604ms
[2022-05-17 12:06:13.215 +05:30 INF] Request finished HTTP/2 GET https://localhost:7275/swagger/v1/swagger.json - - - 200 - application/json;charset=utf-8 569.3793ms
[2022-05-17 13:38:48.547 +05:30 INF] Request starting HTTP/2 GET https://localhost:7275/api/Organisation/GetAll - -
[2022-05-17 13:39:02.825 +05:30 INF] CORS policy execution successful.
[2022-05-17 13:39:03.745 +05:30 INF] Executing endpoint 'A5.Controller.OrganisationController.GetAllOrganisation (A5)'
[2022-05-17 13:39:11.105 +05:30 INF] Route matched with {action = "GetAllOrganisation", controller = "Organisation"}. Executing controller action with signature Microsoft.AspNetCore.Mvc.ActionResult GetAllOrganisation() on controller A5.Controller.OrganisationController (A5).
[2022-05-17 13:39:17.660 +05:30 INF] Entity Framework Core 6.0.4 initialized 'AppDbContext' using provider 'Microsoft.EntityFrameworkCore.SqlServer:6.0.4' with options: None
[2022-05-17 13:39:38.800 +05:30 INF] Executed DbCommand (2,213ms) [Parameters=[], CommandType='"Text"', CommandTimeout='30']
SELECT [o].[Id], [o].[AddedBy], [o].[AddedOn], [o].[IsActive], [o].[OrganisationName], [o].[UpdatedBy], [o].[UpdatedOn]
FROM [Organisations] AS [o]
WHERE [o].[IsActive] = CAST(1 AS bit)
[2022-05-17 13:39:41.512 +05:30 INF] Executing OkObjectResult, writing value of type 'System.Collections.Generic.List`1[[A5.Models.Organisation, A5, Version=1.0.0.0, Culture=neutral, PublicKeyToken=null]]'.
[2022-05-17 13:40:06.982 +05:30 INF] Executed action A5.Controller.OrganisationController.GetAllOrganisation (A5) in 55734.102ms
[2022-05-17 13:40:07.053 +05:30 INF] Executed endpoint 'A5.Controller.OrganisationController.GetAllOrganisation (A5)'
[2022-05-17 13:40:07.473 +05:30 INF] Request finished HTTP/2 GET https://localhost:7275/api/Organisation/GetAll - - - 200 550 application/json;+charset=utf-8 79883.5231ms
