[2022-05-19 11:32:39.712 +05:30 INF] Entity Framework Core 6.0.4 initialized 'AppDbContext' using provider 'Microsoft.EntityFrameworkCore.SqlServer:6.0.4' with options: None
[2022-05-19 11:32:40.697 +05:30 INF] Executed DbCommand (19ms) [Parameters=[], CommandType='"Text"', CommandTimeout='30']
SELECT 1
[2022-05-19 11:32:41.236 +05:30 INF] Executed DbCommand (511ms) [Parameters=[], CommandType='"Text"', CommandTimeout='30']

IF EXISTS
    (SELECT *
     FROM [sys].[objects] o
     WHERE [o].[type] = 'U'
     AND [o].[is_ms_shipped] = 0
     AND NOT EXISTS (SELECT *
         FROM [sys].[extended_properties] AS [ep]
         WHERE [ep].[major_id] = [o].[object_id]
             AND [ep].[minor_id] = 0
             AND [ep].[class] = 1
             AND [ep].[name] = N'microsoft_database_tools_support'
    )
)
SELECT 1 ELSE SELECT 0
[2022-05-19 11:32:41.767 +05:30 INF] Executed DbCommand (54ms) [Parameters=[], CommandType='"Text"', CommandTimeout='30']
SELECT CASE
    WHEN EXISTS (
        SELECT 1
        FROM [Organisations] AS [o]) THEN CAST(1 AS bit)
    ELSE CAST(0 AS bit)
END
[2022-05-19 11:32:41.787 +05:30 INF] Executed DbCommand (11ms) [Parameters=[], CommandType='"Text"', CommandTimeout='30']
SELECT CASE
    WHEN EXISTS (
        SELECT 1
        FROM [Departments] AS [d]) THEN CAST(1 AS bit)
    ELSE CAST(0 AS bit)
END
[2022-05-19 11:32:41.797 +05:30 INF] Executed DbCommand (2ms) [Parameters=[], CommandType='"Text"', CommandTimeout='30']
SELECT CASE
    WHEN EXISTS (
        SELECT 1
        FROM [Designations] AS [d]) THEN CAST(1 AS bit)
    ELSE CAST(0 AS bit)
END
[2022-05-19 11:32:41.820 +05:30 INF] Executed DbCommand (17ms) [Parameters=[], CommandType='"Text"', CommandTimeout='30']
SELECT CASE
    WHEN EXISTS (
        SELECT 1
        FROM [Employees] AS [e]) THEN CAST(1 AS bit)
    ELSE CAST(0 AS bit)
END
[2022-05-19 11:32:41.836 +05:30 INF] Executed DbCommand (10ms) [Parameters=[], CommandType='"Text"', CommandTimeout='30']
SELECT CASE
    WHEN EXISTS (
        SELECT 1
        FROM [AwardTypes] AS [a]) THEN CAST(1 AS bit)
    ELSE CAST(0 AS bit)
END
[2022-05-19 11:32:41.850 +05:30 INF] Executed DbCommand (7ms) [Parameters=[], CommandType='"Text"', CommandTimeout='30']
SELECT CASE
    WHEN EXISTS (
        SELECT 1
        FROM [Statuses] AS [s]) THEN CAST(1 AS bit)
    ELSE CAST(0 AS bit)
END
[2022-05-19 11:32:41.863 +05:30 INF] Executed DbCommand (7ms) [Parameters=[], CommandType='"Text"', CommandTimeout='30']
SELECT CASE
    WHEN EXISTS (
        SELECT 1
        FROM [Awards] AS [a]) THEN CAST(1 AS bit)
    ELSE CAST(0 AS bit)
END
[2022-05-19 11:32:41.930 +05:30 INF] User profile is available. Using 'C:\Users\admin\AppData\Local\ASP.NET\DataProtection-Keys' as key repository and Windows DPAPI to encrypt keys at rest.
[2022-05-19 11:32:43.677 +05:30 INF] Now listening on: https://localhost:7275
[2022-05-19 11:32:43.677 +05:30 INF] Now listening on: http://localhost:5050
[2022-05-19 11:32:43.684 +05:30 INF] Application started. Press Ctrl+C to shut down.
[2022-05-19 11:32:43.684 +05:30 INF] Hosting environment: Development
[2022-05-19 11:32:43.684 +05:30 INF] Content root path: E:\DedSecAPI\A5\
[2022-05-19 11:32:57.423 +05:30 INF] Request starting HTTP/2 GET https://localhost:7275/ - -
[2022-05-19 11:32:58.944 +05:30 INF] Request finished HTTP/2 GET https://localhost:7275/ - - - 404 0 - 1666.3151ms
[2022-05-19 11:33:09.708 +05:30 INF] Request starting HTTP/2 GET https://localhost:7275/swagger - -
[2022-05-19 11:33:10.155 +05:30 INF] Request finished HTTP/2 GET https://localhost:7275/swagger - - - 301 0 - 446.8593ms
[2022-05-19 11:33:10.223 +05:30 INF] Request starting HTTP/2 GET https://localhost:7275/swagger/index.html - -
[2022-05-19 11:33:10.609 +05:30 INF] Request finished HTTP/2 GET https://localhost:7275/swagger/index.html - - - 200 - text/html;charset=utf-8 386.5960ms
[2022-05-19 11:33:15.741 +05:30 INF] Request starting HTTP/2 GET https://localhost:7275/swagger/swagger-ui.css - -
[2022-05-19 11:33:15.751 +05:30 INF] Request starting HTTP/2 GET https://localhost:7275/swagger/swagger-ui-bundle.js - -
[2022-05-19 11:33:15.751 +05:30 INF] Request starting HTTP/2 GET https://localhost:7275/swagger/swagger-ui-standalone-preset.js - -
[2022-05-19 11:33:16.038 +05:30 INF] Sending file. Request path: '/swagger-ui.css'. Physical path: 'N/A'
[2022-05-19 11:33:16.039 +05:30 INF] Sending file. Request path: '/swagger-ui-standalone-preset.js'. Physical path: 'N/A'
[2022-05-19 11:33:16.047 +05:30 INF] Request finished HTTP/2 GET https://localhost:7275/swagger/swagger-ui-standalone-preset.js - - - 200 337162 application/javascript 295.6200ms
[2022-05-19 11:33:16.047 +05:30 INF] Request finished HTTP/2 GET https://localhost:7275/swagger/swagger-ui.css - - - 200 143632 text/css 305.2640ms
[2022-05-19 11:33:16.051 +05:30 INF] Sending file. Request path: '/swagger-ui-bundle.js'. Physical path: 'N/A'
[2022-05-19 11:33:16.051 +05:30 INF] Request finished HTTP/2 GET https://localhost:7275/swagger/swagger-ui-bundle.js - - - 200 1092889 application/javascript 300.1299ms
[2022-05-19 11:33:19.142 +05:30 INF] Request starting HTTP/2 GET https://localhost:7275/swagger/v1/swagger.json - -
[2022-05-19 11:33:19.590 +05:30 INF] Request finished HTTP/2 GET https://localhost:7275/swagger/v1/swagger.json - - - 200 - application/json;charset=utf-8 448.1209ms
