[2022-05-10 13:40:08.631 +05:30 INF] Entity Framework Core 6.0.4 initialized 'AppDbContext' using provider 'Microsoft.EntityFrameworkCore.SqlServer:6.0.4' with options: None
[2022-05-10 13:40:08.843 +05:30 INF] Executed DbCommand (14ms) [Parameters=[], CommandType='"Text"', CommandTimeout='30']
SELECT 1
[2022-05-10 13:40:11.904 +05:30 INF] Executed DbCommand (3,018ms) [Parameters=[], CommandType='"Text"', CommandTimeout='60']
IF SERVERPROPERTY('EngineEdition') <> 5
BEGIN
    ALTER DATABASE [tenacious] SET SINGLE_USER WITH ROLLBACK IMMEDIATE;
END;
[2022-05-10 13:40:11.932 +05:30 INF] Executed DbCommand (27ms) [Parameters=[], CommandType='"Text"', CommandTimeout='60']
DROP DATABASE [tenacious];
[2022-05-10 13:40:46.411 +05:30 INF] Entity Framework Core 6.0.4 initialized 'AppDbContext' using provider 'Microsoft.EntityFrameworkCore.SqlServer:6.0.4' with options: None
[2022-05-10 13:43:20.684 +05:30 INF] Entity Framework Core 6.0.4 initialized 'AppDbContext' using provider 'Microsoft.EntityFrameworkCore.SqlServer:6.0.4' with options: None
[2022-05-10 13:43:21.401 +05:30 INF] Executed DbCommand (402ms) [Parameters=[], CommandType='"Text"', CommandTimeout='60']
CREATE DATABASE [tenacious];
[2022-05-10 13:43:21.478 +05:30 INF] Executed DbCommand (73ms) [Parameters=[], CommandType='"Text"', CommandTimeout='60']
IF SERVERPROPERTY('EngineEdition') <> 5
BEGIN
    ALTER DATABASE [tenacious] SET READ_COMMITTED_SNAPSHOT ON;
END;
[2022-05-10 13:43:21.496 +05:30 INF] Executed DbCommand (7ms) [Parameters=[], CommandType='"Text"', CommandTimeout='30']
SELECT 1
[2022-05-10 13:43:21.648 +05:30 INF] Executed DbCommand (5ms) [Parameters=[], CommandType='"Text"', CommandTimeout='30']
CREATE TABLE [__EFMigrationsHistory] (
    [MigrationId] nvarchar(150) NOT NULL,
    [ProductVersion] nvarchar(32) NOT NULL,
    CONSTRAINT [PK___EFMigrationsHistory] PRIMARY KEY ([MigrationId])
);
[2022-05-10 13:43:21.654 +05:30 INF] Executed DbCommand (0ms) [Parameters=[], CommandType='"Text"', CommandTimeout='30']
SELECT 1
[2022-05-10 13:43:21.675 +05:30 INF] Executed DbCommand (13ms) [Parameters=[], CommandType='"Text"', CommandTimeout='30']
SELECT OBJECT_ID(N'[__EFMigrationsHistory]');
[2022-05-10 13:43:21.683 +05:30 INF] Executed DbCommand (2ms) [Parameters=[], CommandType='"Text"', CommandTimeout='30']
SELECT [MigrationId], [ProductVersion]
FROM [__EFMigrationsHistory]
ORDER BY [MigrationId];
[2022-05-10 13:43:21.703 +05:30 INF] Applying migration '20220510081046_final'.
[2022-05-10 13:43:21.851 +05:30 INF] Executed DbCommand (10ms) [Parameters=[], CommandType='"Text"', CommandTimeout='30']
CREATE TABLE [AwardTypes] (
    [Id] int NOT NULL IDENTITY,
    [AwardName] nvarchar(max) NOT NULL,
    [AwardDescription] nvarchar(max) NOT NULL,
    [Image] varbinary(max) NULL,
    [IsActive] bit NOT NULL,
    [AddedBy] int NOT NULL,
    [AddedOn] datetime2 NOT NULL,
    [UpdatedBy] int NOT NULL,
    [UpdatedOn] datetime2 NULL,
    CONSTRAINT [PK_AwardTypes] PRIMARY KEY ([Id])
);
[2022-05-10 13:43:21.854 +05:30 INF] Executed DbCommand (2ms) [Parameters=[], CommandType='"Text"', CommandTimeout='30']
CREATE TABLE [Organisations] (
    [Id] int NOT NULL IDENTITY,
    [OrganisationName] nvarchar(max) NULL,
    [IsActive] bit NOT NULL,
    [AddedBy] int NOT NULL,
    [AddedOn] datetime2 NOT NULL,
    [UpdatedBy] int NULL,
    [UpdatedOn] datetime2 NULL,
    CONSTRAINT [PK_Organisations] PRIMARY KEY ([Id])
);
[2022-05-10 13:43:21.857 +05:30 INF] Executed DbCommand (3ms) [Parameters=[], CommandType='"Text"', CommandTimeout='30']
CREATE TABLE [Statuses] (
    [Id] int NOT NULL IDENTITY,
    [StatusName] nvarchar(max) NOT NULL,
    [IsActive] bit NOT NULL,
    CONSTRAINT [PK_Statuses] PRIMARY KEY ([Id])
);
[2022-05-10 13:43:21.861 +05:30 INF] Executed DbCommand (4ms) [Parameters=[], CommandType='"Text"', CommandTimeout='30']
CREATE TABLE [Departments] (
    [Id] int NOT NULL IDENTITY,
    [DepartmentName] nvarchar(max) NULL,
    [OrganisationId] int NOT NULL,
    [IsActive] bit NOT NULL,
    [AddedBy] int NOT NULL,
    [AddedOn] datetime2 NOT NULL,
    [UpdatedBy] int NULL,
    [UpdatedOn] datetime2 NULL,
    CONSTRAINT [PK_Departments] PRIMARY KEY ([Id]),
    CONSTRAINT [FK_Departments_Organisations_OrganisationId] FOREIGN KEY ([OrganisationId]) REFERENCES [Organisations] ([Id]) ON DELETE CASCADE
);
[2022-05-10 13:43:21.866 +05:30 INF] Executed DbCommand (4ms) [Parameters=[], CommandType='"Text"', CommandTimeout='30']
CREATE TABLE [Employees] (
    [Id] int NOT NULL IDENTITY,
    [ACEID] nvarchar(max) NOT NULL,
    [FirstName] nvarchar(max) NOT NULL,
    [LastName] nvarchar(max) NOT NULL,
    [Email] nvarchar(max) NOT NULL,
    [DOB] datetime2 NOT NULL,
    [OrganisationId] int NOT NULL,
    [DepartmentId] int NOT NULL,
    [DesignationId] int NOT NULL,
    [ReportingPersonId] int NULL,
    [HRId] int NULL,
    [Password] nvarchar(max) NOT NULL,
    [IsActive] bit NOT NULL,
    [AddedBy] int NOT NULL,
    [AddedOn] datetime2 NOT NULL,
    [UpdatedBy] int NULL,
    [UpdatedOn] datetime2 NULL,
    CONSTRAINT [PK_Employees] PRIMARY KEY ([Id]),
    CONSTRAINT [FK_Employees_Employees_HRId] FOREIGN KEY ([HRId]) REFERENCES [Employees] ([Id]),
    CONSTRAINT [FK_Employees_Employees_ReportingPersonId] FOREIGN KEY ([ReportingPersonId]) REFERENCES [Employees] ([Id]),
    CONSTRAINT [FK_Employees_Organisations_OrganisationId] FOREIGN KEY ([OrganisationId]) REFERENCES [Organisations] ([Id]) ON DELETE CASCADE
);
[2022-05-10 13:43:21.871 +05:30 INF] Executed DbCommand (5ms) [Parameters=[], CommandType='"Text"', CommandTimeout='30']
CREATE TABLE [Designations] (
    [Id] int NOT NULL IDENTITY,
    [DesignationName] nvarchar(max) NULL,
    [IsActive] bit NOT NULL,
    [AddedBy] int NOT NULL,
    [AddedOn] datetime2 NOT NULL,
    [UpdatedBy] int NULL,
    [UpdatedOn] datetime2 NULL,
    [DepartmentId] int NOT NULL,
    CONSTRAINT [PK_Designations] PRIMARY KEY ([Id]),
    CONSTRAINT [FK_Designations_Departments_DepartmentId] FOREIGN KEY ([DepartmentId]) REFERENCES [Departments] ([Id]) ON DELETE CASCADE
);
[2022-05-10 13:43:21.875 +05:30 INF] Executed DbCommand (4ms) [Parameters=[], CommandType='"Text"', CommandTimeout='30']
CREATE TABLE [Awards] (
    [Id] int NOT NULL IDENTITY,
    [RequesterId] int NOT NULL,
    [AwardeeId] int NOT NULL,
    [AwardTypeId] int NOT NULL,
    [ApproverId] int NOT NULL,
    [Reason] nvarchar(max) NOT NULL,
    [RejectedReason] nvarchar(max) NULL,
    [HRId] int NOT NULL,
    [CouponCode] nvarchar(max) NULL,
    [StatusId] int NOT NULL,
    [AddedBy] int NOT NULL,
    [AddedOn] datetime2 NOT NULL,
    [UpdatedBy] int NULL,
    [UpdatedOn] datetime2 NULL,
    CONSTRAINT [PK_Awards] PRIMARY KEY ([Id]),
    CONSTRAINT [FK_Awards_AwardTypes_AwardTypeId] FOREIGN KEY ([AwardTypeId]) REFERENCES [AwardTypes] ([Id]) ON DELETE CASCADE,
    CONSTRAINT [FK_Awards_Employees_AwardeeId] FOREIGN KEY ([AwardeeId]) REFERENCES [Employees] ([Id]) ON DELETE CASCADE,
    CONSTRAINT [FK_Awards_Statuses_StatusId] FOREIGN KEY ([StatusId]) REFERENCES [Statuses] ([Id]) ON DELETE CASCADE
);
[2022-05-10 13:43:21.880 +05:30 INF] Executed DbCommand (4ms) [Parameters=[], CommandType='"Text"', CommandTimeout='30']
CREATE TABLE [Comments] (
    [Id] int NOT NULL IDENTITY,
    [EmployeeId] int NOT NULL,
    [AwardId] int NOT NULL,
    [Comments] nvarchar(max) NOT NULL,
    CONSTRAINT [PK_Comments] PRIMARY KEY ([Id]),
    CONSTRAINT [FK_Comments_Awards_AwardId] FOREIGN KEY ([AwardId]) REFERENCES [Awards] ([Id]) ON DELETE CASCADE
);
[2022-05-10 13:43:21.883 +05:30 INF] Executed DbCommand (3ms) [Parameters=[], CommandType='"Text"', CommandTimeout='30']
CREATE INDEX [IX_Awards_AwardeeId] ON [Awards] ([AwardeeId]);
[2022-05-10 13:43:21.884 +05:30 INF] Executed DbCommand (1ms) [Parameters=[], CommandType='"Text"', CommandTimeout='30']
CREATE INDEX [IX_Awards_AwardTypeId] ON [Awards] ([AwardTypeId]);
[2022-05-10 13:43:21.885 +05:30 INF] Executed DbCommand (1ms) [Parameters=[], CommandType='"Text"', CommandTimeout='30']
CREATE INDEX [IX_Awards_StatusId] ON [Awards] ([StatusId]);
[2022-05-10 13:43:21.886 +05:30 INF] Executed DbCommand (1ms) [Parameters=[], CommandType='"Text"', CommandTimeout='30']
CREATE INDEX [IX_Comments_AwardId] ON [Comments] ([AwardId]);
[2022-05-10 13:43:21.887 +05:30 INF] Executed DbCommand (1ms) [Parameters=[], CommandType='"Text"', CommandTimeout='30']
CREATE INDEX [IX_Departments_OrganisationId] ON [Departments] ([OrganisationId]);
[2022-05-10 13:43:21.888 +05:30 INF] Executed DbCommand (1ms) [Parameters=[], CommandType='"Text"', CommandTimeout='30']
CREATE INDEX [IX_Designations_DepartmentId] ON [Designations] ([DepartmentId]);
[2022-05-10 13:43:21.889 +05:30 INF] Executed DbCommand (1ms) [Parameters=[], CommandType='"Text"', CommandTimeout='30']
CREATE INDEX [IX_Employees_HRId] ON [Employees] ([HRId]);
[2022-05-10 13:43:21.891 +05:30 INF] Executed DbCommand (1ms) [Parameters=[], CommandType='"Text"', CommandTimeout='30']
CREATE INDEX [IX_Employees_OrganisationId] ON [Employees] ([OrganisationId]);
[2022-05-10 13:43:21.892 +05:30 INF] Executed DbCommand (1ms) [Parameters=[], CommandType='"Text"', CommandTimeout='30']
CREATE INDEX [IX_Employees_ReportingPersonId] ON [Employees] ([ReportingPersonId]);
[2022-05-10 13:43:21.895 +05:30 INF] Executed DbCommand (3ms) [Parameters=[], CommandType='"Text"', CommandTimeout='30']
INSERT INTO [__EFMigrationsHistory] ([MigrationId], [ProductVersion])
VALUES (N'20220510081046_final', N'6.0.4');
[2022-05-10 13:43:29.650 +05:30 INF] Entity Framework Core 6.0.4 initialized 'AppDbContext' using provider 'Microsoft.EntityFrameworkCore.SqlServer:6.0.4' with options: None
[2022-05-10 13:43:30.137 +05:30 INF] Executed DbCommand (17ms) [Parameters=[], CommandType='"Text"', CommandTimeout='30']
SELECT 1
[2022-05-10 13:43:30.188 +05:30 INF] Executed DbCommand (36ms) [Parameters=[], CommandType='"Text"', CommandTimeout='30']

IF EXISTS
    (SELECT *
     FROM [sys].[objects] o
     WHERE [o].[type] = 'U'
     AND [o].[is_ms_shipped] = 0
     AND NOT EXISTS (SELECT *
         FROM [sys].[extended_properties] AS [ep]
         WHERE [ep].[major_id] = [o].[object_id]
             AND [ep].[minor_id] = 0
             AND [ep].[class] = 1
             AND [ep].[name] = N'microsoft_database_tools_support'
    )
)
SELECT 1 ELSE SELECT 0
[2022-05-10 13:43:30.480 +05:30 INF] Executed DbCommand (5ms) [Parameters=[], CommandType='"Text"', CommandTimeout='30']
SELECT CASE
    WHEN EXISTS (
        SELECT 1
        FROM [Organisations] AS [o]) THEN CAST(1 AS bit)
    ELSE CAST(0 AS bit)
END
[2022-05-10 13:43:30.756 +05:30 INF] Executed DbCommand (25ms) [Parameters=[@p0='?' (DbType = Int32), @p1='?' (DbType = DateTime2), @p2='?' (DbType = Boolean), @p3='?' (Size = 4000), @p4='?' (DbType = Int32), @p5='?' (DbType = DateTime2)], CommandType='"Text"', CommandTimeout='30']
SET NOCOUNT ON;
INSERT INTO [Organisations] ([AddedBy], [AddedOn], [IsActive], [OrganisationName], [UpdatedBy], [UpdatedOn])
VALUES (@p0, @p1, @p2, @p3, @p4, @p5);
SELECT [Id]
FROM [Organisations]
WHERE @@ROWCOUNT = 1 AND [Id] = scope_identity();
[2022-05-10 13:43:30.776 +05:30 INF] Executed DbCommand (1ms) [Parameters=[@p0='?' (DbType = Int32), @p1='?' (DbType = DateTime2), @p2='?' (DbType = Boolean), @p3='?' (Size = 4000), @p4='?' (DbType = Int32), @p5='?' (DbType = DateTime2)], CommandType='"Text"', CommandTimeout='30']
SET NOCOUNT ON;
INSERT INTO [Organisations] ([AddedBy], [AddedOn], [IsActive], [OrganisationName], [UpdatedBy], [UpdatedOn])
VALUES (@p0, @p1, @p2, @p3, @p4, @p5);
SELECT [Id]
FROM [Organisations]
WHERE @@ROWCOUNT = 1 AND [Id] = scope_identity();
[2022-05-10 13:43:30.780 +05:30 INF] Executed DbCommand (1ms) [Parameters=[@p0='?' (DbType = Int32), @p1='?' (DbType = DateTime2), @p2='?' (DbType = Boolean), @p3='?' (Size = 4000), @p4='?' (DbType = Int32), @p5='?' (DbType = DateTime2)], CommandType='"Text"', CommandTimeout='30']
SET NOCOUNT ON;
INSERT INTO [Organisations] ([AddedBy], [AddedOn], [IsActive], [OrganisationName], [UpdatedBy], [UpdatedOn])
VALUES (@p0, @p1, @p2, @p3, @p4, @p5);
SELECT [Id]
FROM [Organisations]
WHERE @@ROWCOUNT = 1 AND [Id] = scope_identity();
[2022-05-10 13:43:30.801 +05:30 INF] Executed DbCommand (3ms) [Parameters=[], CommandType='"Text"', CommandTimeout='30']
SELECT CASE
    WHEN EXISTS (
        SELECT 1
        FROM [Departments] AS [d]) THEN CAST(1 AS bit)
    ELSE CAST(0 AS bit)
END
[2022-05-10 13:43:30.839 +05:30 INF] Executed DbCommand (2ms) [Parameters=[@p0='?' (DbType = Int32), @p1='?' (DbType = DateTime2), @p2='?' (Size = 4000), @p3='?' (DbType = Boolean), @p4='?' (DbType = Int32), @p5='?' (DbType = Int32), @p6='?' (DbType = DateTime2)], CommandType='"Text"', CommandTimeout='30']
SET NOCOUNT ON;
INSERT INTO [Departments] ([AddedBy], [AddedOn], [DepartmentName], [IsActive], [OrganisationId], [UpdatedBy], [UpdatedOn])
VALUES (@p0, @p1, @p2, @p3, @p4, @p5, @p6);
SELECT [Id]
FROM [Departments]
WHERE @@ROWCOUNT = 1 AND [Id] = scope_identity();
[2022-05-10 13:43:30.849 +05:30 INF] Executed DbCommand (1ms) [Parameters=[@p0='?' (DbType = Int32), @p1='?' (DbType = DateTime2), @p2='?' (Size = 4000), @p3='?' (DbType = Boolean), @p4='?' (DbType = Int32), @p5='?' (DbType = Int32), @p6='?' (DbType = DateTime2)], CommandType='"Text"', CommandTimeout='30']
SET NOCOUNT ON;
INSERT INTO [Departments] ([AddedBy], [AddedOn], [DepartmentName], [IsActive], [OrganisationId], [UpdatedBy], [UpdatedOn])
VALUES (@p0, @p1, @p2, @p3, @p4, @p5, @p6);
SELECT [Id]
FROM [Departments]
WHERE @@ROWCOUNT = 1 AND [Id] = scope_identity();
[2022-05-10 13:43:30.853 +05:30 INF] Executed DbCommand (0ms) [Parameters=[@p0='?' (DbType = Int32), @p1='?' (DbType = DateTime2), @p2='?' (Size = 4000), @p3='?' (DbType = Boolean), @p4='?' (DbType = Int32), @p5='?' (DbType = Int32), @p6='?' (DbType = DateTime2)], CommandType='"Text"', CommandTimeout='30']
SET NOCOUNT ON;
INSERT INTO [Departments] ([AddedBy], [AddedOn], [DepartmentName], [IsActive], [OrganisationId], [UpdatedBy], [UpdatedOn])
VALUES (@p0, @p1, @p2, @p3, @p4, @p5, @p6);
SELECT [Id]
FROM [Departments]
WHERE @@ROWCOUNT = 1 AND [Id] = scope_identity();
[2022-05-10 13:43:30.865 +05:30 INF] Executed DbCommand (1ms) [Parameters=[], CommandType='"Text"', CommandTimeout='30']
SELECT CASE
    WHEN EXISTS (
        SELECT 1
        FROM [Designations] AS [d]) THEN CAST(1 AS bit)
    ELSE CAST(0 AS bit)
END
[2022-05-10 13:43:30.903 +05:30 INF] Executed DbCommand (9ms) [Parameters=[@p0='?' (DbType = Int32), @p1='?' (DbType = DateTime2), @p2='?' (DbType = Int32), @p3='?' (Size = 4000), @p4='?' (DbType = Boolean), @p5='?' (DbType = Int32), @p6='?' (DbType = DateTime2), @p7='?' (DbType = Int32), @p8='?' (DbType = DateTime2), @p9='?' (DbType = Int32), @p10='?' (Size = 4000), @p11='?' (DbType = Boolean), @p12='?' (DbType = Int32), @p13='?' (DbType = DateTime2), @p14='?' (DbType = Int32), @p15='?' (DbType = DateTime2), @p16='?' (DbType = Int32), @p17='?' (Size = 4000), @p18='?' (DbType = Boolean), @p19='?' (DbType = Int32), @p20='?' (DbType = DateTime2), @p21='?' (DbType = Int32), @p22='?' (DbType = DateTime2), @p23='?' (DbType = Int32), @p24='?' (Size = 4000), @p25='?' (DbType = Boolean), @p26='?' (DbType = Int32), @p27='?' (DbType = DateTime2), @p28='?' (DbType = Int32), @p29='?' (DbType = DateTime2), @p30='?' (DbType = Int32), @p31='?' (Size = 4000), @p32='?' (DbType = Boolean), @p33='?' (DbType = Int32), @p34='?' (DbType = DateTime2), @p35='?' (DbType = Int32), @p36='?' (DbType = DateTime2), @p37='?' (DbType = Int32), @p38='?' (Size = 4000), @p39='?' (DbType = Boolean), @p40='?' (DbType = Int32), @p41='?' (DbType = DateTime2)], CommandType='"Text"', CommandTimeout='30']
SET NOCOUNT ON;
DECLARE @inserted0 TABLE ([Id] int, [_Position] [int]);
MERGE [Designations] USING (
VALUES (@p0, @p1, @p2, @p3, @p4, @p5, @p6, 0),
(@p7, @p8, @p9, @p10, @p11, @p12, @p13, 1),
(@p14, @p15, @p16, @p17, @p18, @p19, @p20, 2),
(@p21, @p22, @p23, @p24, @p25, @p26, @p27, 3),
(@p28, @p29, @p30, @p31, @p32, @p33, @p34, 4),
(@p35, @p36, @p37, @p38, @p39, @p40, @p41, 5)) AS i ([AddedBy], [AddedOn], [DepartmentId], [DesignationName], [IsActive], [UpdatedBy], [UpdatedOn], _Position) ON 1=0
WHEN NOT MATCHED THEN
INSERT ([AddedBy], [AddedOn], [DepartmentId], [DesignationName], [IsActive], [UpdatedBy], [UpdatedOn])
VALUES (i.[AddedBy], i.[AddedOn], i.[DepartmentId], i.[DesignationName], i.[IsActive], i.[UpdatedBy], i.[UpdatedOn])
OUTPUT INSERTED.[Id], i._Position
INTO @inserted0;

SELECT [i].[Id] FROM @inserted0 i
ORDER BY [i].[_Position];
[2022-05-10 13:43:30.915 +05:30 INF] Executed DbCommand (2ms) [Parameters=[], CommandType='"Text"', CommandTimeout='30']
SELECT CASE
    WHEN EXISTS (
        SELECT 1
        FROM [Employees] AS [e]) THEN CAST(1 AS bit)
    ELSE CAST(0 AS bit)
END
[2022-05-10 13:43:31.055 +05:30 INF] Executed DbCommand (22ms) [Parameters=[@p0='?' (Size = 4000), @p1='?' (DbType = Int32), @p2='?' (DbType = DateTime2), @p3='?' (DbType = DateTime2), @p4='?' (DbType = Int32), @p5='?' (DbType = Int32), @p6='?' (Size = 4000), @p7='?' (Size = 4000), @p8='?' (DbType = Int32), @p9='?' (DbType = Boolean), @p10='?' (Size = 4000), @p11='?' (DbType = Int32), @p12='?' (Size = 4000), @p13='?' (DbType = Int32), @p14='?' (DbType = Int32), @p15='?' (DbType = DateTime2), @p16='?' (Size = 4000), @p17='?' (DbType = Int32), @p18='?' (DbType = DateTime2), @p19='?' (DbType = DateTime2), @p20='?' (DbType = Int32), @p21='?' (DbType = Int32), @p22='?' (Size = 4000), @p23='?' (Size = 4000), @p24='?' (DbType = Int32), @p25='?' (DbType = Boolean), @p26='?' (Size = 4000), @p27='?' (DbType = Int32), @p28='?' (Size = 4000), @p29='?' (DbType = Int32), @p30='?' (DbType = Int32), @p31='?' (DbType = DateTime2), @p32='?' (Size = 4000), @p33='?' (DbType = Int32), @p34='?' (DbType = DateTime2), @p35='?' (DbType = DateTime2), @p36='?' (DbType = Int32), @p37='?' (DbType = Int32), @p38='?' (Size = 4000), @p39='?' (Size = 4000), @p40='?' (DbType = Int32), @p41='?' (DbType = Boolean), @p42='?' (Size = 4000), @p43='?' (DbType = Int32), @p44='?' (Size = 4000), @p45='?' (DbType = Int32), @p46='?' (DbType = Int32), @p47='?' (DbType = DateTime2), @p48='?' (Size = 4000), @p49='?' (DbType = Int32), @p50='?' (DbType = DateTime2), @p51='?' (DbType = DateTime2), @p52='?' (DbType = Int32), @p53='?' (DbType = Int32), @p54='?' (Size = 4000), @p55='?' (Size = 4000), @p56='?' (DbType = Int32), @p57='?' (DbType = Boolean), @p58='?' (Size = 4000), @p59='?' (DbType = Int32), @p60='?' (Size = 4000), @p61='?' (DbType = Int32), @p62='?' (DbType = Int32), @p63='?' (DbType = DateTime2), @p64='?' (Size = 4000), @p65='?' (DbType = Int32), @p66='?' (DbType = DateTime2), @p67='?' (DbType = DateTime2), @p68='?' (DbType = Int32), @p69='?' (DbType = Int32), @p70='?' (Size = 4000), @p71='?' (Size = 4000), @p72='?' (DbType = Int32), @p73='?' (DbType = Boolean), @p74='?' (Size = 4000), @p75='?' (DbType = Int32), @p76='?' (Size = 4000), @p77='?' (DbType = Int32), @p78='?' (DbType = Int32), @p79='?' (DbType = DateTime2), @p80='?' (Size = 4000), @p81='?' (DbType = Int32), @p82='?' (DbType = DateTime2), @p83='?' (DbType = DateTime2), @p84='?' (DbType = Int32), @p85='?' (DbType = Int32), @p86='?' (Size = 4000), @p87='?' (Size = 4000), @p88='?' (DbType = Int32), @p89='?' (DbType = Boolean), @p90='?' (Size = 4000), @p91='?' (DbType = Int32), @p92='?' (Size = 4000), @p93='?' (DbType = Int32), @p94='?' (DbType = Int32), @p95='?' (DbType = DateTime2), @p96='?' (Size = 4000), @p97='?' (DbType = Int32), @p98='?' (DbType = DateTime2), @p99='?' (DbType = DateTime2), @p100='?' (DbType = Int32), @p101='?' (DbType = Int32), @p102='?' (Size = 4000), @p103='?' (Size = 4000), @p104='?' (DbType = Int32), @p105='?' (DbType = Boolean), @p106='?' (Size = 4000), @p107='?' (DbType = Int32), @p108='?' (Size = 4000), @p109='?' (DbType = Int32), @p110='?' (DbType = Int32), @p111='?' (DbType = DateTime2)], CommandType='"Text"', CommandTimeout='30']
SET NOCOUNT ON;
DECLARE @inserted0 TABLE ([Id] int, [_Position] [int]);
MERGE [Employees] USING (
VALUES (@p0, @p1, @p2, @p3, @p4, @p5, @p6, @p7, @p8, @p9, @p10, @p11, @p12, @p13, @p14, @p15, 0),
(@p16, @p17, @p18, @p19, @p20, @p21, @p22, @p23, @p24, @p25, @p26, @p27, @p28, @p29, @p30, @p31, 1),
(@p32, @p33, @p34, @p35, @p36, @p37, @p38, @p39, @p40, @p41, @p42, @p43, @p44, @p45, @p46, @p47, 2),
(@p48, @p49, @p50, @p51, @p52, @p53, @p54, @p55, @p56, @p57, @p58, @p59, @p60, @p61, @p62, @p63, 3),
(@p64, @p65, @p66, @p67, @p68, @p69, @p70, @p71, @p72, @p73, @p74, @p75, @p76, @p77, @p78, @p79, 4),
(@p80, @p81, @p82, @p83, @p84, @p85, @p86, @p87, @p88, @p89, @p90, @p91, @p92, @p93, @p94, @p95, 5),
(@p96, @p97, @p98, @p99, @p100, @p101, @p102, @p103, @p104, @p105, @p106, @p107, @p108, @p109, @p110, @p111, 6)) AS i ([ACEID], [AddedBy], [AddedOn], [DOB], [DepartmentId], [DesignationId], [Email], [FirstName], [HRId], [IsActive], [LastName], [OrganisationId], [Password], [ReportingPersonId], [UpdatedBy], [UpdatedOn], _Position) ON 1=0
WHEN NOT MATCHED THEN
INSERT ([ACEID], [AddedBy], [AddedOn], [DOB], [DepartmentId], [DesignationId], [Email], [FirstName], [HRId], [IsActive], [LastName], [OrganisationId], [Password], [ReportingPersonId], [UpdatedBy], [UpdatedOn])
VALUES (i.[ACEID], i.[AddedBy], i.[AddedOn], i.[DOB], i.[DepartmentId], i.[DesignationId], i.[Email], i.[FirstName], i.[HRId], i.[IsActive], i.[LastName], i.[OrganisationId], i.[Password], i.[ReportingPersonId], i.[UpdatedBy], i.[UpdatedOn])
OUTPUT INSERTED.[Id], i._Position
INTO @inserted0;

SELECT [i].[Id] FROM @inserted0 i
ORDER BY [i].[_Position];
[2022-05-10 13:43:31.069 +05:30 INF] Executed DbCommand (2ms) [Parameters=[], CommandType='"Text"', CommandTimeout='30']
SELECT CASE
    WHEN EXISTS (
        SELECT 1
        FROM [AwardTypes] AS [a]) THEN CAST(1 AS bit)
    ELSE CAST(0 AS bit)
END
[2022-05-10 13:43:31.111 +05:30 ERR] Failed executing DbCommand (3ms) [Parameters=[@p0='?' (DbType = Int32), @p1='?' (DbType = DateTime2), @p2='?' (Size = 4000), @p3='?' (Size = 4000), @p4='?' (Size = 8000) (DbType = Binary), @p5='?' (DbType = Boolean), @p6='?' (DbType = Int32), @p7='?' (DbType = DateTime2)], CommandType='"Text"', CommandTimeout='30']
SET NOCOUNT ON;
INSERT INTO [AwardTypes] ([AddedBy], [AddedOn], [AwardDescription], [AwardName], [Image], [IsActive], [UpdatedBy], [UpdatedOn])
VALUES (@p0, @p1, @p2, @p3, @p4, @p5, @p6, @p7);
SELECT [Id]
FROM [AwardTypes]
WHERE @@ROWCOUNT = 1 AND [Id] = scope_identity();
[2022-05-10 13:43:31.163 +05:30 ERR] An exception occurred in the database while saving changes for context type 'A5.Data.AppDbContext'.
Microsoft.EntityFrameworkCore.DbUpdateException: An error occurred while saving the entity changes. See the inner exception for details.
 ---> Microsoft.Data.SqlClient.SqlException (0x80131904): Cannot insert the value NULL into column 'UpdatedBy', table 'tenacious.dbo.AwardTypes'; column does not allow nulls. INSERT fails.
The statement has been terminated.
   at Microsoft.Data.SqlClient.SqlConnection.OnError(SqlException exception, Boolean breakConnection, Action`1 wrapCloseInAction)
   at Microsoft.Data.SqlClient.SqlInternalConnection.OnError(SqlException exception, Boolean breakConnection, Action`1 wrapCloseInAction)
   at Microsoft.Data.SqlClient.TdsParser.ThrowExceptionAndWarning(TdsParserStateObject stateObj, Boolean callerHasConnectionLock, Boolean asyncClose)
   at Microsoft.Data.SqlClient.TdsParser.TryRun(RunBehavior runBehavior, SqlCommand cmdHandler, SqlDataReader dataStream, BulkCopySimpleResultSet bulkCopyHandler, TdsParserStateObject stateObj, Boolean& dataReady)
   at Microsoft.Data.SqlClient.SqlDataReader.TryConsumeMetaData()
   at Microsoft.Data.SqlClient.SqlDataReader.get_MetaData()
   at Microsoft.Data.SqlClient.SqlCommand.FinishExecuteReader(SqlDataReader ds, RunBehavior runBehavior, String resetOptionsString, Boolean isInternal, Boolean forDescribeParameterEncryption, Boolean shouldCacheForAlwaysEncrypted)
   at Microsoft.Data.SqlClient.SqlCommand.RunExecuteReaderTds(CommandBehavior cmdBehavior, RunBehavior runBehavior, Boolean returnStream, Boolean isAsync, Int32 timeout, Task& task, Boolean asyncWrite, Boolean inRetry, SqlDataReader ds, Boolean describeParameterEncryptionRequest)
   at Microsoft.Data.SqlClient.SqlCommand.RunExecuteReader(CommandBehavior cmdBehavior, RunBehavior runBehavior, Boolean returnStream, TaskCompletionSource`1 completion, Int32 timeout, Task& task, Boolean& usedCache, Boolean asyncWrite, Boolean inRetry, String method)
   at Microsoft.Data.SqlClient.SqlCommand.RunExecuteReader(CommandBehavior cmdBehavior, RunBehavior runBehavior, Boolean returnStream, String method)
   at Microsoft.Data.SqlClient.SqlCommand.ExecuteReader(CommandBehavior behavior)
   at Microsoft.Data.SqlClient.SqlCommand.ExecuteDbDataReader(CommandBehavior behavior)
   at System.Data.Common.DbCommand.ExecuteReader()
   at Microsoft.EntityFrameworkCore.Storage.RelationalCommand.ExecuteReader(RelationalCommandParameterObject parameterObject)
   at Microsoft.EntityFrameworkCore.Update.ReaderModificationCommandBatch.Execute(IRelationalConnection connection)
ClientConnectionId:03f82684-583b-4a5d-ae2e-5e76d8b4efb0
Error Number:515,State:2,Class:16
   --- End of inner exception stack trace ---
   at Microsoft.EntityFrameworkCore.Update.ReaderModificationCommandBatch.Execute(IRelationalConnection connection)
   at Microsoft.EntityFrameworkCore.Update.Internal.BatchExecutor.Execute(IEnumerable`1 commandBatches, IRelationalConnection connection)
   at Microsoft.EntityFrameworkCore.Storage.RelationalDatabase.SaveChanges(IList`1 entries)
   at Microsoft.EntityFrameworkCore.ChangeTracking.Internal.StateManager.SaveChanges(IList`1 entriesToSave)
   at Microsoft.EntityFrameworkCore.ChangeTracking.Internal.StateManager.SaveChanges(StateManager stateManager, Boolean acceptAllChangesOnSuccess)
   at Microsoft.EntityFrameworkCore.ChangeTracking.Internal.StateManager.<>c.<SaveChanges>b__104_0(DbContext _, ValueTuple`2 t)
   at Microsoft.EntityFrameworkCore.SqlServer.Storage.Internal.SqlServerExecutionStrategy.Execute[TState,TResult](TState state, Func`3 operation, Func`3 verifySucceeded)
   at Microsoft.EntityFrameworkCore.ChangeTracking.Internal.StateManager.SaveChanges(Boolean acceptAllChangesOnSuccess)
   at Microsoft.EntityFrameworkCore.DbContext.SaveChanges(Boolean acceptAllChangesOnSuccess)
Microsoft.EntityFrameworkCore.DbUpdateException: An error occurred while saving the entity changes. See the inner exception for details.
 ---> Microsoft.Data.SqlClient.SqlException (0x80131904): Cannot insert the value NULL into column 'UpdatedBy', table 'tenacious.dbo.AwardTypes'; column does not allow nulls. INSERT fails.
The statement has been terminated.
   at Microsoft.Data.SqlClient.SqlConnection.OnError(SqlException exception, Boolean breakConnection, Action`1 wrapCloseInAction)
   at Microsoft.Data.SqlClient.SqlInternalConnection.OnError(SqlException exception, Boolean breakConnection, Action`1 wrapCloseInAction)
   at Microsoft.Data.SqlClient.TdsParser.ThrowExceptionAndWarning(TdsParserStateObject stateObj, Boolean callerHasConnectionLock, Boolean asyncClose)
   at Microsoft.Data.SqlClient.TdsParser.TryRun(RunBehavior runBehavior, SqlCommand cmdHandler, SqlDataReader dataStream, BulkCopySimpleResultSet bulkCopyHandler, TdsParserStateObject stateObj, Boolean& dataReady)
   at Microsoft.Data.SqlClient.SqlDataReader.TryConsumeMetaData()
   at Microsoft.Data.SqlClient.SqlDataReader.get_MetaData()
   at Microsoft.Data.SqlClient.SqlCommand.FinishExecuteReader(SqlDataReader ds, RunBehavior runBehavior, String resetOptionsString, Boolean isInternal, Boolean forDescribeParameterEncryption, Boolean shouldCacheForAlwaysEncrypted)
   at Microsoft.Data.SqlClient.SqlCommand.RunExecuteReaderTds(CommandBehavior cmdBehavior, RunBehavior runBehavior, Boolean returnStream, Boolean isAsync, Int32 timeout, Task& task, Boolean asyncWrite, Boolean inRetry, SqlDataReader ds, Boolean describeParameterEncryptionRequest)
   at Microsoft.Data.SqlClient.SqlCommand.RunExecuteReader(CommandBehavior cmdBehavior, RunBehavior runBehavior, Boolean returnStream, TaskCompletionSource`1 completion, Int32 timeout, Task& task, Boolean& usedCache, Boolean asyncWrite, Boolean inRetry, String method)
   at Microsoft.Data.SqlClient.SqlCommand.RunExecuteReader(CommandBehavior cmdBehavior, RunBehavior runBehavior, Boolean returnStream, String method)
   at Microsoft.Data.SqlClient.SqlCommand.ExecuteReader(CommandBehavior behavior)
   at Microsoft.Data.SqlClient.SqlCommand.ExecuteDbDataReader(CommandBehavior behavior)
   at System.Data.Common.DbCommand.ExecuteReader()
   at Microsoft.EntityFrameworkCore.Storage.RelationalCommand.ExecuteReader(RelationalCommandParameterObject parameterObject)
   at Microsoft.EntityFrameworkCore.Update.ReaderModificationCommandBatch.Execute(IRelationalConnection connection)
ClientConnectionId:03f82684-583b-4a5d-ae2e-5e76d8b4efb0
Error Number:515,State:2,Class:16
   --- End of inner exception stack trace ---
   at Microsoft.EntityFrameworkCore.Update.ReaderModificationCommandBatch.Execute(IRelationalConnection connection)
   at Microsoft.EntityFrameworkCore.Update.Internal.BatchExecutor.Execute(IEnumerable`1 commandBatches, IRelationalConnection connection)
   at Microsoft.EntityFrameworkCore.Storage.RelationalDatabase.SaveChanges(IList`1 entries)
   at Microsoft.EntityFrameworkCore.ChangeTracking.Internal.StateManager.SaveChanges(IList`1 entriesToSave)
   at Microsoft.EntityFrameworkCore.ChangeTracking.Internal.StateManager.SaveChanges(StateManager stateManager, Boolean acceptAllChangesOnSuccess)
   at Microsoft.EntityFrameworkCore.ChangeTracking.Internal.StateManager.<>c.<SaveChanges>b__104_0(DbContext _, ValueTuple`2 t)
   at Microsoft.EntityFrameworkCore.SqlServer.Storage.Internal.SqlServerExecutionStrategy.Execute[TState,TResult](TState state, Func`3 operation, Func`3 verifySucceeded)
   at Microsoft.EntityFrameworkCore.ChangeTracking.Internal.StateManager.SaveChanges(Boolean acceptAllChangesOnSuccess)
   at Microsoft.EntityFrameworkCore.DbContext.SaveChanges(Boolean acceptAllChangesOnSuccess)
[2022-05-10 13:44:38.870 +05:30 INF] Entity Framework Core 6.0.4 initialized 'AppDbContext' using provider 'Microsoft.EntityFrameworkCore.SqlServer:6.0.4' with options: None
