[2022-05-11 14:41:48.925 +05:30 INF] Entity Framework Core 6.0.4 initialized 'AppDbContext' using provider 'Microsoft.EntityFrameworkCore.SqlServer:6.0.4' with options: None
[2022-05-11 14:41:49.132 +05:30 INF] Executed DbCommand (14ms) [Parameters=[], CommandType='"Text"', CommandTimeout='30']
SELECT 1
[2022-05-11 14:41:52.198 +05:30 INF] Executed DbCommand (3,025ms) [Parameters=[], CommandType='"Text"', CommandTimeout='60']
IF SERVERPROPERTY('EngineEdition') <> 5
BEGIN
    ALTER DATABASE [tenacious] SET SINGLE_USER WITH ROLLBACK IMMEDIATE;
END;
[2022-05-11 14:41:52.227 +05:30 INF] Executed DbCommand (29ms) [Parameters=[], CommandType='"Text"', CommandTimeout='60']
DROP DATABASE [tenacious];
[2022-05-11 14:42:08.321 +05:30 INF] Entity Framework Core 6.0.4 initialized 'AppDbContext' using provider 'Microsoft.EntityFrameworkCore.SqlServer:6.0.4' with options: None
[2022-05-11 14:43:14.218 +05:30 INF] Entity Framework Core 6.0.4 initialized 'AppDbContext' using provider 'Microsoft.EntityFrameworkCore.SqlServer:6.0.4' with options: None
[2022-05-11 14:43:14.922 +05:30 INF] Executed DbCommand (349ms) [Parameters=[], CommandType='"Text"', CommandTimeout='60']
CREATE DATABASE [tenacious];
[2022-05-11 14:43:14.997 +05:30 INF] Executed DbCommand (72ms) [Parameters=[], CommandType='"Text"', CommandTimeout='60']
IF SERVERPROPERTY('EngineEdition') <> 5
BEGIN
    ALTER DATABASE [tenacious] SET READ_COMMITTED_SNAPSHOT ON;
END;
[2022-05-11 14:43:15.011 +05:30 INF] Executed DbCommand (5ms) [Parameters=[], CommandType='"Text"', CommandTimeout='30']
SELECT 1
[2022-05-11 14:43:15.166 +05:30 INF] Executed DbCommand (5ms) [Parameters=[], CommandType='"Text"', CommandTimeout='30']
CREATE TABLE [__EFMigrationsHistory] (
    [MigrationId] nvarchar(150) NOT NULL,
    [ProductVersion] nvarchar(32) NOT NULL,
    CONSTRAINT [PK___EFMigrationsHistory] PRIMARY KEY ([MigrationId])
);
[2022-05-11 14:43:15.171 +05:30 INF] Executed DbCommand (0ms) [Parameters=[], CommandType='"Text"', CommandTimeout='30']
SELECT 1
[2022-05-11 14:43:15.191 +05:30 INF] Executed DbCommand (13ms) [Parameters=[], CommandType='"Text"', CommandTimeout='30']
SELECT OBJECT_ID(N'[__EFMigrationsHistory]');
[2022-05-11 14:43:15.198 +05:30 INF] Executed DbCommand (1ms) [Parameters=[], CommandType='"Text"', CommandTimeout='30']
SELECT [MigrationId], [ProductVersion]
FROM [__EFMigrationsHistory]
ORDER BY [MigrationId];
[2022-05-11 14:43:15.215 +05:30 INF] Applying migration '20220511091208_initial'.
[2022-05-11 14:43:15.271 +05:30 INF] Executed DbCommand (7ms) [Parameters=[], CommandType='"Text"', CommandTimeout='30']
CREATE TABLE [AwardTypes] (
    [Id] int NOT NULL IDENTITY,
    [AwardName] nvarchar(max) NOT NULL,
    [AwardDescription] nvarchar(max) NOT NULL,
    [Image] varbinary(max) NULL,
    [IsActive] bit NOT NULL,
    [AddedBy] int NOT NULL,
    [AddedOn] datetime2 NOT NULL,
    [UpdatedBy] int NULL,
    [UpdatedOn] datetime2 NULL,
    CONSTRAINT [PK_AwardTypes] PRIMARY KEY ([Id])
);
[2022-05-11 14:43:15.273 +05:30 INF] Executed DbCommand (2ms) [Parameters=[], CommandType='"Text"', CommandTimeout='30']
CREATE TABLE [Organisations] (
    [Id] int NOT NULL IDENTITY,
    [OrganisationName] nvarchar(max) NOT NULL,
    [IsActive] bit NOT NULL,
    [AddedBy] int NOT NULL,
    [AddedOn] datetime2 NOT NULL,
    [UpdatedBy] int NULL,
    [UpdatedOn] datetime2 NULL,
    CONSTRAINT [PK_Organisations] PRIMARY KEY ([Id])
);
[2022-05-11 14:43:15.276 +05:30 INF] Executed DbCommand (2ms) [Parameters=[], CommandType='"Text"', CommandTimeout='30']
CREATE TABLE [Statuses] (
    [Id] int NOT NULL IDENTITY,
    [StatusName] nvarchar(max) NOT NULL,
    [IsActive] bit NOT NULL,
    CONSTRAINT [PK_Statuses] PRIMARY KEY ([Id])
);
[2022-05-11 14:43:15.279 +05:30 INF] Executed DbCommand (3ms) [Parameters=[], CommandType='"Text"', CommandTimeout='30']
CREATE TABLE [Departments] (
    [Id] int NOT NULL IDENTITY,
    [DepartmentName] nvarchar(max) NOT NULL,
    [OrganisationId] int NOT NULL,
    [IsActive] bit NOT NULL,
    [AddedBy] int NOT NULL,
    [AddedOn] datetime2 NOT NULL,
    [UpdatedBy] int NULL,
    [UpdatedOn] datetime2 NULL,
    CONSTRAINT [PK_Departments] PRIMARY KEY ([Id]),
    CONSTRAINT [FK_Departments_Organisations_OrganisationId] FOREIGN KEY ([OrganisationId]) REFERENCES [Organisations] ([Id]) ON DELETE CASCADE
);
[2022-05-11 14:43:15.282 +05:30 INF] Executed DbCommand (3ms) [Parameters=[], CommandType='"Text"', CommandTimeout='30']
CREATE TABLE [Employees] (
    [Id] int NOT NULL IDENTITY,
    [ACEID] nvarchar(max) NOT NULL,
    [FirstName] nvarchar(max) NOT NULL,
    [LastName] nvarchar(max) NOT NULL,
    [Email] nvarchar(max) NOT NULL,
    [DOB] datetime2 NOT NULL,
    [OrganisationId] int NOT NULL,
    [DepartmentId] int NOT NULL,
    [DesignationId] int NOT NULL,
    [ReportingPersonId] int NULL,
    [HRId] int NULL,
    [Password] nvarchar(max) NOT NULL,
    [IsActive] bit NOT NULL,
    [AddedBy] int NOT NULL,
    [AddedOn] datetime2 NOT NULL,
    [UpdatedBy] int NULL,
    [UpdatedOn] datetime2 NULL,
    CONSTRAINT [PK_Employees] PRIMARY KEY ([Id]),
    CONSTRAINT [FK_Employees_Employees_HRId] FOREIGN KEY ([HRId]) REFERENCES [Employees] ([Id]),
    CONSTRAINT [FK_Employees_Employees_ReportingPersonId] FOREIGN KEY ([ReportingPersonId]) REFERENCES [Employees] ([Id]),
    CONSTRAINT [FK_Employees_Organisations_OrganisationId] FOREIGN KEY ([OrganisationId]) REFERENCES [Organisations] ([Id]) ON DELETE CASCADE
);
[2022-05-11 14:43:15.286 +05:30 INF] Executed DbCommand (3ms) [Parameters=[], CommandType='"Text"', CommandTimeout='30']
CREATE TABLE [Designations] (
    [Id] int NOT NULL IDENTITY,
    [DesignationName] nvarchar(max) NOT NULL,
    [IsActive] bit NOT NULL,
    [AddedBy] int NOT NULL,
    [AddedOn] datetime2 NOT NULL,
    [UpdatedBy] int NULL,
    [UpdatedOn] datetime2 NULL,
    [DepartmentId] int NOT NULL,
    CONSTRAINT [PK_Designations] PRIMARY KEY ([Id]),
    CONSTRAINT [FK_Designations_Departments_DepartmentId] FOREIGN KEY ([DepartmentId]) REFERENCES [Departments] ([Id]) ON DELETE CASCADE
);
[2022-05-11 14:43:15.289 +05:30 INF] Executed DbCommand (3ms) [Parameters=[], CommandType='"Text"', CommandTimeout='30']
CREATE TABLE [Awards] (
    [Id] int NOT NULL IDENTITY,
    [RequesterId] int NOT NULL,
    [AwardeeId] int NOT NULL,
    [AwardTypeId] int NOT NULL,
    [ApproverId] int NOT NULL,
    [Reason] nvarchar(max) NOT NULL,
    [RejectedReason] nvarchar(max) NULL,
    [HRId] int NOT NULL,
    [CouponCode] nvarchar(max) NULL,
    [StatusId] int NOT NULL,
    [AddedBy] int NOT NULL,
    [AddedOn] datetime2 NOT NULL,
    [UpdatedBy] int NULL,
    [UpdatedOn] datetime2 NULL,
    CONSTRAINT [PK_Awards] PRIMARY KEY ([Id]),
    CONSTRAINT [FK_Awards_AwardTypes_AwardTypeId] FOREIGN KEY ([AwardTypeId]) REFERENCES [AwardTypes] ([Id]) ON DELETE CASCADE,
    CONSTRAINT [FK_Awards_Employees_AwardeeId] FOREIGN KEY ([AwardeeId]) REFERENCES [Employees] ([Id]) ON DELETE CASCADE,
    CONSTRAINT [FK_Awards_Statuses_StatusId] FOREIGN KEY ([StatusId]) REFERENCES [Statuses] ([Id]) ON DELETE CASCADE
);
[2022-05-11 14:43:15.293 +05:30 INF] Executed DbCommand (3ms) [Parameters=[], CommandType='"Text"', CommandTimeout='30']
CREATE TABLE [Comments] (
    [Id] int NOT NULL IDENTITY,
    [EmployeeId] int NOT NULL,
    [AwardId] int NOT NULL,
    [Comments] nvarchar(max) NOT NULL,
    CONSTRAINT [PK_Comments] PRIMARY KEY ([Id]),
    CONSTRAINT [FK_Comments_Awards_AwardId] FOREIGN KEY ([AwardId]) REFERENCES [Awards] ([Id]) ON DELETE CASCADE
);
[2022-05-11 14:43:15.294 +05:30 INF] Executed DbCommand (1ms) [Parameters=[], CommandType='"Text"', CommandTimeout='30']
CREATE INDEX [IX_Awards_AwardeeId] ON [Awards] ([AwardeeId]);
[2022-05-11 14:43:15.295 +05:30 INF] Executed DbCommand (1ms) [Parameters=[], CommandType='"Text"', CommandTimeout='30']
CREATE INDEX [IX_Awards_AwardTypeId] ON [Awards] ([AwardTypeId]);
[2022-05-11 14:43:15.296 +05:30 INF] Executed DbCommand (1ms) [Parameters=[], CommandType='"Text"', CommandTimeout='30']
CREATE INDEX [IX_Awards_StatusId] ON [Awards] ([StatusId]);
[2022-05-11 14:43:15.297 +05:30 INF] Executed DbCommand (1ms) [Parameters=[], CommandType='"Text"', CommandTimeout='30']
CREATE INDEX [IX_Comments_AwardId] ON [Comments] ([AwardId]);
[2022-05-11 14:43:15.298 +05:30 INF] Executed DbCommand (1ms) [Parameters=[], CommandType='"Text"', CommandTimeout='30']
CREATE INDEX [IX_Departments_OrganisationId] ON [Departments] ([OrganisationId]);
[2022-05-11 14:43:15.298 +05:30 INF] Executed DbCommand (1ms) [Parameters=[], CommandType='"Text"', CommandTimeout='30']
CREATE INDEX [IX_Designations_DepartmentId] ON [Designations] ([DepartmentId]);
[2022-05-11 14:43:15.299 +05:30 INF] Executed DbCommand (1ms) [Parameters=[], CommandType='"Text"', CommandTimeout='30']
CREATE INDEX [IX_Employees_HRId] ON [Employees] ([HRId]);
[2022-05-11 14:43:15.300 +05:30 INF] Executed DbCommand (1ms) [Parameters=[], CommandType='"Text"', CommandTimeout='30']
CREATE INDEX [IX_Employees_OrganisationId] ON [Employees] ([OrganisationId]);
[2022-05-11 14:43:15.301 +05:30 INF] Executed DbCommand (1ms) [Parameters=[], CommandType='"Text"', CommandTimeout='30']
CREATE INDEX [IX_Employees_ReportingPersonId] ON [Employees] ([ReportingPersonId]);
[2022-05-11 14:43:15.303 +05:30 INF] Executed DbCommand (2ms) [Parameters=[], CommandType='"Text"', CommandTimeout='30']
INSERT INTO [__EFMigrationsHistory] ([MigrationId], [ProductVersion])
VALUES (N'20220511091208_initial', N'6.0.4');
[2022-05-11 14:43:26.368 +05:30 INF] Entity Framework Core 6.0.4 initialized 'AppDbContext' using provider 'Microsoft.EntityFrameworkCore.SqlServer:6.0.4' with options: None
[2022-05-11 14:43:26.719 +05:30 INF] Executed DbCommand (18ms) [Parameters=[], CommandType='"Text"', CommandTimeout='30']
SELECT 1
[2022-05-11 14:43:26.763 +05:30 INF] Executed DbCommand (32ms) [Parameters=[], CommandType='"Text"', CommandTimeout='30']

IF EXISTS
    (SELECT *
     FROM [sys].[objects] o
     WHERE [o].[type] = 'U'
     AND [o].[is_ms_shipped] = 0
     AND NOT EXISTS (SELECT *
         FROM [sys].[extended_properties] AS [ep]
         WHERE [ep].[major_id] = [o].[object_id]
             AND [ep].[minor_id] = 0
             AND [ep].[class] = 1
             AND [ep].[name] = N'microsoft_database_tools_support'
    )
)
SELECT 1 ELSE SELECT 0
[2022-05-11 14:43:27.010 +05:30 INF] Executed DbCommand (3ms) [Parameters=[], CommandType='"Text"', CommandTimeout='30']
SELECT CASE
    WHEN EXISTS (
        SELECT 1
        FROM [Organisations] AS [o]) THEN CAST(1 AS bit)
    ELSE CAST(0 AS bit)
END
[2022-05-11 14:43:27.186 +05:30 INF] Executed DbCommand (23ms) [Parameters=[@p0='?' (DbType = Int32), @p1='?' (DbType = DateTime2), @p2='?' (DbType = Boolean), @p3='?' (Size = 4000), @p4='?' (DbType = Int32), @p5='?' (DbType = DateTime2)], CommandType='"Text"', CommandTimeout='30']
SET NOCOUNT ON;
INSERT INTO [Organisations] ([AddedBy], [AddedOn], [IsActive], [OrganisationName], [UpdatedBy], [UpdatedOn])
VALUES (@p0, @p1, @p2, @p3, @p4, @p5);
SELECT [Id]
FROM [Organisations]
WHERE @@ROWCOUNT = 1 AND [Id] = scope_identity();
[2022-05-11 14:43:27.208 +05:30 INF] Executed DbCommand (1ms) [Parameters=[@p0='?' (DbType = Int32), @p1='?' (DbType = DateTime2), @p2='?' (DbType = Boolean), @p3='?' (Size = 4000), @p4='?' (DbType = Int32), @p5='?' (DbType = DateTime2)], CommandType='"Text"', CommandTimeout='30']
SET NOCOUNT ON;
INSERT INTO [Organisations] ([AddedBy], [AddedOn], [IsActive], [OrganisationName], [UpdatedBy], [UpdatedOn])
VALUES (@p0, @p1, @p2, @p3, @p4, @p5);
SELECT [Id]
FROM [Organisations]
WHERE @@ROWCOUNT = 1 AND [Id] = scope_identity();
[2022-05-11 14:43:27.210 +05:30 INF] Executed DbCommand (1ms) [Parameters=[@p0='?' (DbType = Int32), @p1='?' (DbType = DateTime2), @p2='?' (DbType = Boolean), @p3='?' (Size = 4000), @p4='?' (DbType = Int32), @p5='?' (DbType = DateTime2)], CommandType='"Text"', CommandTimeout='30']
SET NOCOUNT ON;
INSERT INTO [Organisations] ([AddedBy], [AddedOn], [IsActive], [OrganisationName], [UpdatedBy], [UpdatedOn])
VALUES (@p0, @p1, @p2, @p3, @p4, @p5);
SELECT [Id]
FROM [Organisations]
WHERE @@ROWCOUNT = 1 AND [Id] = scope_identity();
[2022-05-11 14:43:27.230 +05:30 INF] Executed DbCommand (3ms) [Parameters=[], CommandType='"Text"', CommandTimeout='30']
SELECT CASE
    WHEN EXISTS (
        SELECT 1
        FROM [Departments] AS [d]) THEN CAST(1 AS bit)
    ELSE CAST(0 AS bit)
END
[2022-05-11 14:43:27.269 +05:30 INF] Executed DbCommand (3ms) [Parameters=[@p0='?' (DbType = Int32), @p1='?' (DbType = DateTime2), @p2='?' (Size = 4000), @p3='?' (DbType = Boolean), @p4='?' (DbType = Int32), @p5='?' (DbType = Int32), @p6='?' (DbType = DateTime2)], CommandType='"Text"', CommandTimeout='30']
SET NOCOUNT ON;
INSERT INTO [Departments] ([AddedBy], [AddedOn], [DepartmentName], [IsActive], [OrganisationId], [UpdatedBy], [UpdatedOn])
VALUES (@p0, @p1, @p2, @p3, @p4, @p5, @p6);
SELECT [Id]
FROM [Departments]
WHERE @@ROWCOUNT = 1 AND [Id] = scope_identity();
[2022-05-11 14:43:27.273 +05:30 INF] Executed DbCommand (1ms) [Parameters=[@p0='?' (DbType = Int32), @p1='?' (DbType = DateTime2), @p2='?' (Size = 4000), @p3='?' (DbType = Boolean), @p4='?' (DbType = Int32), @p5='?' (DbType = Int32), @p6='?' (DbType = DateTime2)], CommandType='"Text"', CommandTimeout='30']
SET NOCOUNT ON;
INSERT INTO [Departments] ([AddedBy], [AddedOn], [DepartmentName], [IsActive], [OrganisationId], [UpdatedBy], [UpdatedOn])
VALUES (@p0, @p1, @p2, @p3, @p4, @p5, @p6);
SELECT [Id]
FROM [Departments]
WHERE @@ROWCOUNT = 1 AND [Id] = scope_identity();
[2022-05-11 14:43:27.275 +05:30 INF] Executed DbCommand (1ms) [Parameters=[@p0='?' (DbType = Int32), @p1='?' (DbType = DateTime2), @p2='?' (Size = 4000), @p3='?' (DbType = Boolean), @p4='?' (DbType = Int32), @p5='?' (DbType = Int32), @p6='?' (DbType = DateTime2)], CommandType='"Text"', CommandTimeout='30']
SET NOCOUNT ON;
INSERT INTO [Departments] ([AddedBy], [AddedOn], [DepartmentName], [IsActive], [OrganisationId], [UpdatedBy], [UpdatedOn])
VALUES (@p0, @p1, @p2, @p3, @p4, @p5, @p6);
SELECT [Id]
FROM [Departments]
WHERE @@ROWCOUNT = 1 AND [Id] = scope_identity();
[2022-05-11 14:43:27.285 +05:30 INF] Executed DbCommand (2ms) [Parameters=[], CommandType='"Text"', CommandTimeout='30']
SELECT CASE
    WHEN EXISTS (
        SELECT 1
        FROM [Designations] AS [d]) THEN CAST(1 AS bit)
    ELSE CAST(0 AS bit)
END
[2022-05-11 14:43:27.331 +05:30 INF] Executed DbCommand (12ms) [Parameters=[@p0='?' (DbType = Int32), @p1='?' (DbType = DateTime2), @p2='?' (DbType = Int32), @p3='?' (Size = 4000), @p4='?' (DbType = Boolean), @p5='?' (DbType = Int32), @p6='?' (DbType = DateTime2), @p7='?' (DbType = Int32), @p8='?' (DbType = DateTime2), @p9='?' (DbType = Int32), @p10='?' (Size = 4000), @p11='?' (DbType = Boolean), @p12='?' (DbType = Int32), @p13='?' (DbType = DateTime2), @p14='?' (DbType = Int32), @p15='?' (DbType = DateTime2), @p16='?' (DbType = Int32), @p17='?' (Size = 4000), @p18='?' (DbType = Boolean), @p19='?' (DbType = Int32), @p20='?' (DbType = DateTime2), @p21='?' (DbType = Int32), @p22='?' (DbType = DateTime2), @p23='?' (DbType = Int32), @p24='?' (Size = 4000), @p25='?' (DbType = Boolean), @p26='?' (DbType = Int32), @p27='?' (DbType = DateTime2), @p28='?' (DbType = Int32), @p29='?' (DbType = DateTime2), @p30='?' (DbType = Int32), @p31='?' (Size = 4000), @p32='?' (DbType = Boolean), @p33='?' (DbType = Int32), @p34='?' (DbType = DateTime2), @p35='?' (DbType = Int32), @p36='?' (DbType = DateTime2), @p37='?' (DbType = Int32), @p38='?' (Size = 4000), @p39='?' (DbType = Boolean), @p40='?' (DbType = Int32), @p41='?' (DbType = DateTime2)], CommandType='"Text"', CommandTimeout='30']
SET NOCOUNT ON;
DECLARE @inserted0 TABLE ([Id] int, [_Position] [int]);
MERGE [Designations] USING (
VALUES (@p0, @p1, @p2, @p3, @p4, @p5, @p6, 0),
(@p7, @p8, @p9, @p10, @p11, @p12, @p13, 1),
(@p14, @p15, @p16, @p17, @p18, @p19, @p20, 2),
(@p21, @p22, @p23, @p24, @p25, @p26, @p27, 3),
(@p28, @p29, @p30, @p31, @p32, @p33, @p34, 4),
(@p35, @p36, @p37, @p38, @p39, @p40, @p41, 5)) AS i ([AddedBy], [AddedOn], [DepartmentId], [DesignationName], [IsActive], [UpdatedBy], [UpdatedOn], _Position) ON 1=0
WHEN NOT MATCHED THEN
INSERT ([AddedBy], [AddedOn], [DepartmentId], [DesignationName], [IsActive], [UpdatedBy], [UpdatedOn])
VALUES (i.[AddedBy], i.[AddedOn], i.[DepartmentId], i.[DesignationName], i.[IsActive], i.[UpdatedBy], i.[UpdatedOn])
OUTPUT INSERTED.[Id], i._Position
INTO @inserted0;

SELECT [i].[Id] FROM @inserted0 i
ORDER BY [i].[_Position];
[2022-05-11 14:43:27.419 +05:30 INF] Executed DbCommand (3ms) [Parameters=[], CommandType='"Text"', CommandTimeout='30']
SELECT CASE
    WHEN EXISTS (
        SELECT 1
        FROM [Employees] AS [e]) THEN CAST(1 AS bit)
    ELSE CAST(0 AS bit)
END
[2022-05-11 14:43:27.536 +05:30 INF] Executed DbCommand (16ms) [Parameters=[@p0='?' (Size = 4000), @p1='?' (DbType = Int32), @p2='?' (DbType = DateTime2), @p3='?' (DbType = DateTime2), @p4='?' (DbType = Int32), @p5='?' (DbType = Int32), @p6='?' (Size = 4000), @p7='?' (Size = 4000), @p8='?' (DbType = Int32), @p9='?' (DbType = Boolean), @p10='?' (Size = 4000), @p11='?' (DbType = Int32), @p12='?' (Size = 4000), @p13='?' (DbType = Int32), @p14='?' (DbType = Int32), @p15='?' (DbType = DateTime2), @p16='?' (Size = 4000), @p17='?' (DbType = Int32), @p18='?' (DbType = DateTime2), @p19='?' (DbType = DateTime2), @p20='?' (DbType = Int32), @p21='?' (DbType = Int32), @p22='?' (Size = 4000), @p23='?' (Size = 4000), @p24='?' (DbType = Int32), @p25='?' (DbType = Boolean), @p26='?' (Size = 4000), @p27='?' (DbType = Int32), @p28='?' (Size = 4000), @p29='?' (DbType = Int32), @p30='?' (DbType = Int32), @p31='?' (DbType = DateTime2), @p32='?' (Size = 4000), @p33='?' (DbType = Int32), @p34='?' (DbType = DateTime2), @p35='?' (DbType = DateTime2), @p36='?' (DbType = Int32), @p37='?' (DbType = Int32), @p38='?' (Size = 4000), @p39='?' (Size = 4000), @p40='?' (DbType = Int32), @p41='?' (DbType = Boolean), @p42='?' (Size = 4000), @p43='?' (DbType = Int32), @p44='?' (Size = 4000), @p45='?' (DbType = Int32), @p46='?' (DbType = Int32), @p47='?' (DbType = DateTime2), @p48='?' (Size = 4000), @p49='?' (DbType = Int32), @p50='?' (DbType = DateTime2), @p51='?' (DbType = DateTime2), @p52='?' (DbType = Int32), @p53='?' (DbType = Int32), @p54='?' (Size = 4000), @p55='?' (Size = 4000), @p56='?' (DbType = Int32), @p57='?' (DbType = Boolean), @p58='?' (Size = 4000), @p59='?' (DbType = Int32), @p60='?' (Size = 4000), @p61='?' (DbType = Int32), @p62='?' (DbType = Int32), @p63='?' (DbType = DateTime2), @p64='?' (Size = 4000), @p65='?' (DbType = Int32), @p66='?' (DbType = DateTime2), @p67='?' (DbType = DateTime2), @p68='?' (DbType = Int32), @p69='?' (DbType = Int32), @p70='?' (Size = 4000), @p71='?' (Size = 4000), @p72='?' (DbType = Int32), @p73='?' (DbType = Boolean), @p74='?' (Size = 4000), @p75='?' (DbType = Int32), @p76='?' (Size = 4000), @p77='?' (DbType = Int32), @p78='?' (DbType = Int32), @p79='?' (DbType = DateTime2), @p80='?' (Size = 4000), @p81='?' (DbType = Int32), @p82='?' (DbType = DateTime2), @p83='?' (DbType = DateTime2), @p84='?' (DbType = Int32), @p85='?' (DbType = Int32), @p86='?' (Size = 4000), @p87='?' (Size = 4000), @p88='?' (DbType = Int32), @p89='?' (DbType = Boolean), @p90='?' (Size = 4000), @p91='?' (DbType = Int32), @p92='?' (Size = 4000), @p93='?' (DbType = Int32), @p94='?' (DbType = Int32), @p95='?' (DbType = DateTime2), @p96='?' (Size = 4000), @p97='?' (DbType = Int32), @p98='?' (DbType = DateTime2), @p99='?' (DbType = DateTime2), @p100='?' (DbType = Int32), @p101='?' (DbType = Int32), @p102='?' (Size = 4000), @p103='?' (Size = 4000), @p104='?' (DbType = Int32), @p105='?' (DbType = Boolean), @p106='?' (Size = 4000), @p107='?' (DbType = Int32), @p108='?' (Size = 4000), @p109='?' (DbType = Int32), @p110='?' (DbType = Int32), @p111='?' (DbType = DateTime2)], CommandType='"Text"', CommandTimeout='30']
SET NOCOUNT ON;
DECLARE @inserted0 TABLE ([Id] int, [_Position] [int]);
MERGE [Employees] USING (
VALUES (@p0, @p1, @p2, @p3, @p4, @p5, @p6, @p7, @p8, @p9, @p10, @p11, @p12, @p13, @p14, @p15, 0),
(@p16, @p17, @p18, @p19, @p20, @p21, @p22, @p23, @p24, @p25, @p26, @p27, @p28, @p29, @p30, @p31, 1),
(@p32, @p33, @p34, @p35, @p36, @p37, @p38, @p39, @p40, @p41, @p42, @p43, @p44, @p45, @p46, @p47, 2),
(@p48, @p49, @p50, @p51, @p52, @p53, @p54, @p55, @p56, @p57, @p58, @p59, @p60, @p61, @p62, @p63, 3),
(@p64, @p65, @p66, @p67, @p68, @p69, @p70, @p71, @p72, @p73, @p74, @p75, @p76, @p77, @p78, @p79, 4),
(@p80, @p81, @p82, @p83, @p84, @p85, @p86, @p87, @p88, @p89, @p90, @p91, @p92, @p93, @p94, @p95, 5),
(@p96, @p97, @p98, @p99, @p100, @p101, @p102, @p103, @p104, @p105, @p106, @p107, @p108, @p109, @p110, @p111, 6)) AS i ([ACEID], [AddedBy], [AddedOn], [DOB], [DepartmentId], [DesignationId], [Email], [FirstName], [HRId], [IsActive], [LastName], [OrganisationId], [Password], [ReportingPersonId], [UpdatedBy], [UpdatedOn], _Position) ON 1=0
WHEN NOT MATCHED THEN
INSERT ([ACEID], [AddedBy], [AddedOn], [DOB], [DepartmentId], [DesignationId], [Email], [FirstName], [HRId], [IsActive], [LastName], [OrganisationId], [Password], [ReportingPersonId], [UpdatedBy], [UpdatedOn])
VALUES (i.[ACEID], i.[AddedBy], i.[AddedOn], i.[DOB], i.[DepartmentId], i.[DesignationId], i.[Email], i.[FirstName], i.[HRId], i.[IsActive], i.[LastName], i.[OrganisationId], i.[Password], i.[ReportingPersonId], i.[UpdatedBy], i.[UpdatedOn])
OUTPUT INSERTED.[Id], i._Position
INTO @inserted0;

SELECT [i].[Id] FROM @inserted0 i
ORDER BY [i].[_Position];
[2022-05-11 14:43:27.551 +05:30 INF] Executed DbCommand (2ms) [Parameters=[], CommandType='"Text"', CommandTimeout='30']
SELECT CASE
    WHEN EXISTS (
        SELECT 1
        FROM [AwardTypes] AS [a]) THEN CAST(1 AS bit)
    ELSE CAST(0 AS bit)
END
[2022-05-11 14:43:27.581 +05:30 INF] Executed DbCommand (2ms) [Parameters=[@p0='?' (DbType = Int32), @p1='?' (DbType = DateTime2), @p2='?' (Size = 4000), @p3='?' (Size = 4000), @p4='?' (Size = 8000) (DbType = Binary), @p5='?' (DbType = Boolean), @p6='?' (DbType = Int32), @p7='?' (DbType = DateTime2)], CommandType='"Text"', CommandTimeout='30']
SET NOCOUNT ON;
INSERT INTO [AwardTypes] ([AddedBy], [AddedOn], [AwardDescription], [AwardName], [Image], [IsActive], [UpdatedBy], [UpdatedOn])
VALUES (@p0, @p1, @p2, @p3, @p4, @p5, @p6, @p7);
SELECT [Id]
FROM [AwardTypes]
WHERE @@ROWCOUNT = 1 AND [Id] = scope_identity();
[2022-05-11 14:43:27.582 +05:30 INF] Executed DbCommand (1ms) [Parameters=[@p0='?' (DbType = Int32), @p1='?' (DbType = DateTime2), @p2='?' (Size = 4000), @p3='?' (Size = 4000), @p4='?' (Size = 8000) (DbType = Binary), @p5='?' (DbType = Boolean), @p6='?' (DbType = Int32), @p7='?' (DbType = DateTime2)], CommandType='"Text"', CommandTimeout='30']
SET NOCOUNT ON;
INSERT INTO [AwardTypes] ([AddedBy], [AddedOn], [AwardDescription], [AwardName], [Image], [IsActive], [UpdatedBy], [UpdatedOn])
VALUES (@p0, @p1, @p2, @p3, @p4, @p5, @p6, @p7);
SELECT [Id]
FROM [AwardTypes]
WHERE @@ROWCOUNT = 1 AND [Id] = scope_identity();
[2022-05-11 14:43:27.584 +05:30 INF] Executed DbCommand (1ms) [Parameters=[@p0='?' (DbType = Int32), @p1='?' (DbType = DateTime2), @p2='?' (Size = 4000), @p3='?' (Size = 4000), @p4='?' (Size = 8000) (DbType = Binary), @p5='?' (DbType = Boolean), @p6='?' (DbType = Int32), @p7='?' (DbType = DateTime2)], CommandType='"Text"', CommandTimeout='30']
SET NOCOUNT ON;
INSERT INTO [AwardTypes] ([AddedBy], [AddedOn], [AwardDescription], [AwardName], [Image], [IsActive], [UpdatedBy], [UpdatedOn])
VALUES (@p0, @p1, @p2, @p3, @p4, @p5, @p6, @p7);
SELECT [Id]
FROM [AwardTypes]
WHERE @@ROWCOUNT = 1 AND [Id] = scope_identity();
[2022-05-11 14:43:27.593 +05:30 INF] Executed DbCommand (2ms) [Parameters=[], CommandType='"Text"', CommandTimeout='30']
SELECT CASE
    WHEN EXISTS (
        SELECT 1
        FROM [Statuses] AS [s]) THEN CAST(1 AS bit)
    ELSE CAST(0 AS bit)
END
[2022-05-11 14:43:27.613 +05:30 INF] Executed DbCommand (6ms) [Parameters=[@p0='?' (DbType = Boolean), @p1='?' (Size = 4000), @p2='?' (DbType = Boolean), @p3='?' (Size = 4000), @p4='?' (DbType = Boolean), @p5='?' (Size = 4000), @p6='?' (DbType = Boolean), @p7='?' (Size = 4000)], CommandType='"Text"', CommandTimeout='30']
SET NOCOUNT ON;
DECLARE @inserted0 TABLE ([Id] int, [_Position] [int]);
MERGE [Statuses] USING (
VALUES (@p0, @p1, 0),
(@p2, @p3, 1),
(@p4, @p5, 2),
(@p6, @p7, 3)) AS i ([IsActive], [StatusName], _Position) ON 1=0
WHEN NOT MATCHED THEN
INSERT ([IsActive], [StatusName])
VALUES (i.[IsActive], i.[StatusName])
OUTPUT INSERTED.[Id], i._Position
INTO @inserted0;

SELECT [i].[Id] FROM @inserted0 i
ORDER BY [i].[_Position];
[2022-05-11 14:43:27.622 +05:30 INF] Executed DbCommand (1ms) [Parameters=[], CommandType='"Text"', CommandTimeout='30']
SELECT CASE
    WHEN EXISTS (
        SELECT 1
        FROM [Awards] AS [a]) THEN CAST(1 AS bit)
    ELSE CAST(0 AS bit)
END
[2022-05-11 14:43:27.721 +05:30 INF] Executed DbCommand (6ms) [Parameters=[@p0='?' (DbType = Int32), @p1='?' (DbType = DateTime2), @p2='?' (DbType = Int32), @p3='?' (DbType = Int32), @p4='?' (DbType = Int32), @p5='?' (Size = 4000), @p6='?' (DbType = Int32), @p7='?' (Size = 4000), @p8='?' (Size = 4000), @p9='?' (DbType = Int32), @p10='?' (DbType = Int32), @p11='?' (DbType = Int32), @p12='?' (DbType = DateTime2)], CommandType='"Text"', CommandTimeout='30']
SET NOCOUNT ON;
INSERT INTO [Awards] ([AddedBy], [AddedOn], [ApproverId], [AwardTypeId], [AwardeeId], [CouponCode], [HRId], [Reason], [RejectedReason], [RequesterId], [StatusId], [UpdatedBy], [UpdatedOn])
VALUES (@p0, @p1, @p2, @p3, @p4, @p5, @p6, @p7, @p8, @p9, @p10, @p11, @p12);
SELECT [Id]
FROM [Awards]
WHERE @@ROWCOUNT = 1 AND [Id] = scope_identity();
[2022-05-11 14:43:27.742 +05:30 INF] User profile is available. Using 'C:\Users\dinesh.boopathy\AppData\Local\ASP.NET\DataProtection-Keys' as key repository and Windows DPAPI to encrypt keys at rest.
[2022-05-11 14:43:27.825 +05:30 INF] Now listening on: https://localhost:7275
[2022-05-11 14:43:27.825 +05:30 INF] Now listening on: http://localhost:5050
[2022-05-11 14:43:27.831 +05:30 INF] Application started. Press Ctrl+C to shut down.
[2022-05-11 14:43:27.831 +05:30 INF] Hosting environment: Development
[2022-05-11 14:43:27.832 +05:30 INF] Content root path: E:\Github\DedSecAPI\A5\
[2022-05-11 14:43:32.248 +05:30 INF] Request starting HTTP/2 GET https://localhost:7275/ - -
[2022-05-11 14:43:32.300 +05:30 INF] Request finished HTTP/2 GET https://localhost:7275/ - - - 404 0 - 55.4675ms
[2022-05-11 14:43:40.825 +05:30 INF] Request starting HTTP/2 GET https://localhost:7275/swagger - -
[2022-05-11 14:43:40.827 +05:30 INF] Request finished HTTP/2 GET https://localhost:7275/swagger - - - 301 0 - 1.1468ms
[2022-05-11 14:43:40.840 +05:30 INF] Request starting HTTP/2 GET https://localhost:7275/swagger/index.html - -
[2022-05-11 14:43:40.886 +05:30 INF] Request finished HTTP/2 GET https://localhost:7275/swagger/index.html - - - 200 - text/html;charset=utf-8 46.2190ms
[2022-05-11 14:43:40.907 +05:30 INF] Request starting HTTP/2 GET https://localhost:7275/swagger/swagger-ui.css - -
[2022-05-11 14:43:40.907 +05:30 INF] Request starting HTTP/2 GET https://localhost:7275/swagger/swagger-ui-bundle.js - -
[2022-05-11 14:43:40.918 +05:30 INF] Request starting HTTP/2 GET https://localhost:7275/swagger/swagger-ui-standalone-preset.js - -
[2022-05-11 14:43:40.932 +05:30 INF] Sending file. Request path: '/swagger-ui.css'. Physical path: 'N/A'
[2022-05-11 14:43:40.934 +05:30 INF] Request finished HTTP/2 GET https://localhost:7275/swagger/swagger-ui.css - - - 200 143632 text/css 27.2243ms
[2022-05-11 14:43:40.935 +05:30 INF] Sending file. Request path: '/swagger-ui-bundle.js'. Physical path: 'N/A'
[2022-05-11 14:43:40.935 +05:30 INF] Request finished HTTP/2 GET https://localhost:7275/swagger/swagger-ui-bundle.js - - - 200 1092889 application/javascript 27.7883ms
[2022-05-11 14:43:40.937 +05:30 INF] Sending file. Request path: '/swagger-ui-standalone-preset.js'. Physical path: 'N/A'
[2022-05-11 14:43:40.937 +05:30 INF] Request finished HTTP/2 GET https://localhost:7275/swagger/swagger-ui-standalone-preset.js - - - 200 337162 application/javascript 19.2247ms
[2022-05-11 14:43:41.776 +05:30 INF] Request starting HTTP/2 GET https://localhost:7275/swagger - -
[2022-05-11 14:43:41.776 +05:30 INF] Request finished HTTP/2 GET https://localhost:7275/swagger - - - 301 0 - 0.2168ms
[2022-05-11 14:43:41.781 +05:30 INF] Request starting HTTP/2 GET https://localhost:7275/swagger/index.html - -
[2022-05-11 14:43:41.784 +05:30 INF] Request finished HTTP/2 GET https://localhost:7275/swagger/index.html - - - 200 - text/html;charset=utf-8 2.2827ms
[2022-05-11 14:43:41.946 +05:30 INF] Request starting HTTP/2 GET https://localhost:7275/swagger/swagger-ui.css - -
[2022-05-11 14:43:41.946 +05:30 INF] Request starting HTTP/2 GET https://localhost:7275/swagger/swagger-ui-bundle.js - -
[2022-05-11 14:43:41.946 +05:30 INF] Request starting HTTP/2 GET https://localhost:7275/swagger/swagger-ui-standalone-preset.js - -
[2022-05-11 14:43:41.950 +05:30 INF] Sending file. Request path: '/swagger-ui.css'. Physical path: 'N/A'
[2022-05-11 14:43:41.990 +05:30 INF] Request finished HTTP/2 GET https://localhost:7275/swagger/swagger-ui.css - - - 200 143632 text/css 44.8289ms
[2022-05-11 14:43:42.004 +05:30 INF] Sending file. Request path: '/swagger-ui-bundle.js'. Physical path: 'N/A'
[2022-05-11 14:43:42.004 +05:30 INF] Request finished HTTP/2 GET https://localhost:7275/swagger/swagger-ui-bundle.js - - - 200 1092889 application/javascript 58.0155ms
[2022-05-11 14:43:42.007 +05:30 INF] Sending file. Request path: '/swagger-ui-standalone-preset.js'. Physical path: 'N/A'
[2022-05-11 14:43:42.007 +05:30 INF] Request finished HTTP/2 GET https://localhost:7275/swagger/swagger-ui-standalone-preset.js - - - 200 337162 application/javascript 61.7333ms
[2022-05-11 14:43:42.223 +05:30 INF] Request starting HTTP/2 GET https://localhost:7275/swagger/v1/swagger.json - -
[2022-05-11 14:43:42.298 +05:30 INF] Request finished HTTP/2 GET https://localhost:7275/swagger/v1/swagger.json - - - 200 - application/json;charset=utf-8 74.1362ms
[2022-05-11 14:43:47.069 +05:30 INF] Request starting HTTP/2 GET https://localhost:7275/api/AwardType/GetAll - -
[2022-05-11 14:43:47.074 +05:30 INF] Executing endpoint 'A5.Controller.AwardTypeController.GetAll (A5)'
[2022-05-11 14:43:47.085 +05:30 INF] Route matched with {action = "GetAll", controller = "AwardType"}. Executing controller action with signature Microsoft.AspNetCore.Mvc.ActionResult GetAll() on controller A5.Controller.AwardTypeController (A5).
[2022-05-11 14:43:47.090 +05:30 INF] Entity Framework Core 6.0.4 initialized 'AppDbContext' using provider 'Microsoft.EntityFrameworkCore.SqlServer:6.0.4' with options: None
[2022-05-11 14:43:47.216 +05:30 INF] Executed DbCommand (5ms) [Parameters=[], CommandType='"Text"', CommandTimeout='30']
SELECT [a].[Id], [a].[AddedBy], [a].[AddedOn], [a].[AwardDescription], [a].[AwardName], [a].[Image], [a].[IsActive], [a].[UpdatedBy], [a].[UpdatedOn]
FROM [AwardTypes] AS [a]
WHERE [a].[IsActive] = CAST(1 AS bit)
[2022-05-11 14:43:47.224 +05:30 INF] Executing OkObjectResult, writing value of type 'System.Collections.Generic.List`1[[A5.Models.AwardType, A5, Version=1.0.0.0, Culture=neutral, PublicKeyToken=null]]'.
[2022-05-11 14:43:47.321 +05:30 INF] Executed action A5.Controller.AwardTypeController.GetAll (A5) in 229.8698ms
[2022-05-11 14:43:47.322 +05:30 INF] Executed endpoint 'A5.Controller.AwardTypeController.GetAll (A5)'
[2022-05-11 14:43:47.324 +05:30 INF] Request finished HTTP/2 GET https://localhost:7275/api/AwardType/GetAll - - - 200 564 application/json;+charset=utf-8 255.0543ms
[2022-05-11 15:03:54.711 +05:30 INF] Request starting HTTP/2 GET https://localhost:7275/api/AwardType/GetById?id=1 - -
[2022-05-11 15:03:54.714 +05:30 INF] Executing endpoint 'A5.Controller.AwardTypeController.GetById (A5)'
[2022-05-11 15:03:54.724 +05:30 INF] Route matched with {action = "GetById", controller = "AwardType"}. Executing controller action with signature Microsoft.AspNetCore.Mvc.ActionResult GetById(Int32) on controller A5.Controller.AwardTypeController (A5).
[2022-05-11 15:03:54.780 +05:30 INF] Entity Framework Core 6.0.4 initialized 'AppDbContext' using provider 'Microsoft.EntityFrameworkCore.SqlServer:6.0.4' with options: None
[2022-05-11 15:03:54.795 +05:30 INF] Executed DbCommand (5ms) [Parameters=[@__id_0='?' (DbType = Int32)], CommandType='"Text"', CommandTimeout='30']
SELECT TOP(1) [a].[Id], [a].[AddedBy], [a].[AddedOn], [a].[AwardDescription], [a].[AwardName], [a].[Image], [a].[IsActive], [a].[UpdatedBy], [a].[UpdatedOn]
FROM [AwardTypes] AS [a]
WHERE [a].[Id] = @__id_0
[2022-05-11 15:03:54.796 +05:30 INF] Executing OkObjectResult, writing value of type 'A5.Models.AwardType'.
[2022-05-11 15:03:54.796 +05:30 INF] Executed action A5.Controller.AwardTypeController.GetById (A5) in 72.529ms
[2022-05-11 15:03:54.796 +05:30 INF] Executed endpoint 'A5.Controller.AwardTypeController.GetById (A5)'
[2022-05-11 15:03:54.797 +05:30 INF] Request finished HTTP/2 GET https://localhost:7275/api/AwardType/GetById?id=1 - - - 200 184 application/json;+charset=utf-8 85.9111ms
